\BOOKMARK [0][-]{chapter.1}{\376\377\160\355\143\247\142\200\147\057\166\321\167\143\200\003\150\070\143\007\150\007\123\312\176\337\213\241\142\245\210\150}{}% 1
\BOOKMARK [1][-]{section.1.1}{\376\377\160\355\143\247\142\200\147\057\166\321\167\143\200\003\150\070\143\007\150\007}{chapter.1}% 2
\BOOKMARK [2][-]{subsection.1.1.1}{\376\377\160\355\143\247\142\200\147\057\166\321\167\143\200\003\150\070\143\007\150\007\142\245\210\150}{section.1.1}% 3
\BOOKMARK [2][-]{subsection.1.1.2}{\376\377\160\355\143\247\142\200\147\057\166\321\167\143\143\007\150\007\211\201\154\102}{section.1.1}% 4
\BOOKMARK [1][-]{section.1.2}{\376\377\160\355\143\247\150\300\155\113\123\302\145\160}{chapter.1}% 5
\BOOKMARK [2][-]{subsection.1.2.1}{\376\377\160\355\143\247\150\300\155\113\123\302\145\160\176\337\213\241\142\245\210\150}{section.1.2}% 6
\BOOKMARK [2][-]{subsection.1.2.2}{\376\377\160\355\143\247\150\300\155\113\123\302\145\160\122\006\147\220}{section.1.2}% 7
\BOOKMARK [1][-]{section.1.3}{\376\377\160\355\143\247\152\041\142\337\221\317\143\247\122\066\174\373\176\337}{chapter.1}% 8
\BOOKMARK [2][-]{subsection.1.3.1}{\376\377\160\355\143\247\152\041\142\337\221\317\143\247\122\066\174\373\176\337\176\337\213\241\142\245\210\150}{section.1.3}% 9
\BOOKMARK [2][-]{subsection.1.3.2}{\376\377\160\355\143\247\152\041\142\337\221\317\143\247\122\066\174\373\176\337\122\006\147\220}{section.1.3}% 10
\BOOKMARK [1][-]{section.1.4}{\376\377\160\355\143\247\117\335\142\244\174\373\176\337}{chapter.1}% 11
\BOOKMARK [2][-]{subsection.1.4.1}{\376\377\160\355\143\247\117\335\142\244\174\373\176\337\176\337\213\241\142\245\210\150}{section.1.4}% 12
\BOOKMARK [2][-]{subsection.1.4.2}{\376\377\160\355\143\247\117\335\142\244\174\373\176\337\122\006\147\220}{section.1.4}% 13
\BOOKMARK [1][-]{section.1.5}{\376\377\160\355\143\247\230\172\136\217\143\247\122\066\174\373\176\337}{chapter.1}% 14
\BOOKMARK [2][-]{subsection.1.5.1}{\376\377\160\355\143\247\230\172\136\217\143\247\122\066\174\373\176\337\176\337\213\241\142\245\210\150}{section.1.5}% 15
\BOOKMARK [2][-]{subsection.1.5.2}{\376\377\160\355\143\247\230\172\136\217\143\247\122\066\174\373\176\337\122\006\147\220}{section.1.5}% 16
\BOOKMARK [0][-]{chapter.2}{\376\377\160\355\143\247\142\200\147\057\166\321\167\143\116\073\211\201\135\345\117\134\123\312\133\211\121\150\140\305\121\265}{}% 17
\BOOKMARK [0][-]{chapter.3}{\376\377\160\355\143\247\142\200\147\057\166\321\167\143\116\213\116\366\142\245\124\112}{}% 18
\BOOKMARK [0][-]{appendix.1.A}{\376\377\226\104\137\125\000\040\160\355\143\247\117\335\142\244\133\232\120\074\210\150}{}% 19
\BOOKMARK [0][-]{appendix.1.B}{\376\377\226\104\137\125\000\040\160\355\143\247\116\023\116\032\133\232\147\037\135\345\117\134\150\007\121\306\123\141}{}% 20
\BOOKMARK [0][-]{appendix.1.C}{\376\377\226\104\137\125\000\040\160\355\143\247\116\023\116\032\121\170\127\213\135\341\150\300\150\007\121\306\123\141}{}% 21
\BOOKMARK [1][-]{table.1.C.1}{\376\377\123\302\200\003\150\007\121\306}{appendix.1.C}% 22
