This is pdfTeX, Version 3.141592653-2.6-1.40.25 (TeX Live 2023) (preloaded format=pdflatex 2024.1.29)  16 JUN 2024 17:36
entering extended mode
 restricted \write18 enabled.
 %&-line parsing enabled.
**pdfpage.tex
(./pdfpage.tex
LaTeX2e <2022-11-01> patch level 1
L3 programming layer <2023-02-22>
(/usr/local/texlive/2023/texmf-dist/tex/latex/base/article.cls
Document Class: article 2022/07/02 v1.4n Standard LaTeX document class
(/usr/local/texlive/2023/texmf-dist/tex/latex/base/size10.clo
File: size10.clo 2022/07/02 v1.4n Standard LaTeX file (size option)
)
\c@part=\count185
\c@section=\count186
\c@subsection=\count187
\c@subsubsection=\count188
\c@paragraph=\count189
\c@subparagraph=\count190
\c@figure=\count191
\c@table=\count192
\abovecaptionskip=\skip48
\belowcaptionskip=\skip49
\bibindent=\dimen140
)
(/usr/local/texlive/2023/texmf-dist/tex/latex/pdfpages/pdfpages.sty
Package: pdfpages 2022/12/19 v0.5x Insert pages of external PDF documents (AM)

(/usr/local/texlive/2023/texmf-dist/tex/latex/base/ifthen.sty
Package: ifthen 2022/04/13 v1.1d Standard LaTeX ifthen package (DPC)
)
(/usr/local/texlive/2023/texmf-dist/tex/latex/tools/calc.sty
Package: calc 2017/05/25 v4.3 Infix arithmetic (KKT,FJ)
\calc@Acount=\count193
\calc@Bcount=\count194
\calc@Adimen=\dimen141
\calc@Bdimen=\dimen142
\calc@Askip=\skip50
\calc@Bskip=\skip51
LaTeX Info: Redefining \setlength on input line 80.
LaTeX Info: Redefining \addtolength on input line 81.
\calc@Ccount=\count195
\calc@Cskip=\skip52
)
(/usr/local/texlive/2023/texmf-dist/tex/latex/eso-pic/eso-pic.sty
Package: eso-pic 2020/10/14 v3.0a eso-pic (RN)
\ESO@tempdima=\dimen143
\ESO@tempdimb=\dimen144

(/usr/local/texlive/2023/texmf-dist/tex/latex/graphics/keyval.sty
Package: keyval 2022/05/29 v1.15 key=value parser (DPC)
\KV@toks@=\toks16
)
(/usr/local/texlive/2023/texmf-dist/tex/latex/xcolor/xcolor.sty
Package: xcolor 2022/06/12 v2.14 LaTeX color extensions (UK)

(/usr/local/texlive/2023/texmf-dist/tex/latex/graphics-cfg/color.cfg
File: color.cfg 2016/01/02 v1.6 sample color configuration
)
Package xcolor Info: Driver file: pdftex.def on input line 227.

(/usr/local/texlive/2023/texmf-dist/tex/latex/graphics-def/pdftex.def
File: pdftex.def 2022/09/22 v1.2b Graphics/color driver for pdftex
)
(/usr/local/texlive/2023/texmf-dist/tex/latex/graphics/mathcolor.ltx)
Package xcolor Info: Model `cmy' substituted by `cmy0' on input line 1353.
Package xcolor Info: Model `hsb' substituted by `rgb' on input line 1357.
Package xcolor Info: Model `RGB' extended on input line 1369.
Package xcolor Info: Model `HTML' substituted by `rgb' on input line 1371.
Package xcolor Info: Model `Hsb' substituted by `hsb' on input line 1372.
Package xcolor Info: Model `tHsb' substituted by `hsb' on input line 1373.
Package xcolor Info: Model `HSB' substituted by `hsb' on input line 1374.
Package xcolor Info: Model `Gray' substituted by `gray' on input line 1375.
Package xcolor Info: Model `wave' substituted by `hsb' on input line 1376.
))
(/usr/local/texlive/2023/texmf-dist/tex/latex/graphics/graphicx.sty
Package: graphicx 2021/09/16 v1.2d Enhanced LaTeX Graphics (DPC,SPQR)

(/usr/local/texlive/2023/texmf-dist/tex/latex/graphics/graphics.sty
Package: graphics 2022/03/10 v1.4e Standard LaTeX Graphics (DPC,SPQR)

(/usr/local/texlive/2023/texmf-dist/tex/latex/graphics/trig.sty
Package: trig 2021/08/11 v1.11 sin cos tan (DPC)
)
(/usr/local/texlive/2023/texmf-dist/tex/latex/graphics-cfg/graphics.cfg
File: graphics.cfg 2016/06/04 v1.11 sample graphics configuration
)
Package graphics Info: Driver file: pdftex.def on input line 107.
)
\Gin@req@height=\dimen145
\Gin@req@width=\dimen146
)
\AM@pagewidth=\dimen147
\AM@pageheight=\dimen148
\AM@fboxrule=\dimen149

(/usr/local/texlive/2023/texmf-dist/tex/latex/pdfpages/pppdftex.def
File: pppdftex.def 2022/12/19 v0.5x Pdfpages driver for pdfTeX (AM)
)
\pdfpages@includegraphics@status=\count196
\AM@pagebox=\box51
\AM@global@opts=\toks17
\AM@pagecnt=\count197
\AM@toc@title=\toks18
\AM@lof@heading=\toks19
\c@AM@survey=\count198
\AM@templatesizebox=\box52
)
(/usr/local/texlive/2023/texmf-dist/tex/latex/l3backend/l3backend-pdftex.def
File: l3backend-pdftex.def 2023-01-16 L3 backend support: PDF output (pdfTeX)
\l__color_backend_stack_int=\count199
\l__pdf_internal_box=\box53
)
(./pdfpage.aux)
\openout1 = `pdfpage.aux'.

LaTeX Font Info:    Checking defaults for OML/cmm/m/it on input line 3.
LaTeX Font Info:    ... okay on input line 3.
LaTeX Font Info:    Checking defaults for OMS/cmsy/m/n on input line 3.
LaTeX Font Info:    ... okay on input line 3.
LaTeX Font Info:    Checking defaults for OT1/cmr/m/n on input line 3.
LaTeX Font Info:    ... okay on input line 3.
LaTeX Font Info:    Checking defaults for T1/cmr/m/n on input line 3.
LaTeX Font Info:    ... okay on input line 3.
LaTeX Font Info:    Checking defaults for TS1/cmr/m/n on input line 3.
LaTeX Font Info:    ... okay on input line 3.
LaTeX Font Info:    Checking defaults for OMX/cmex/m/n on input line 3.
LaTeX Font Info:    ... okay on input line 3.
LaTeX Font Info:    Checking defaults for U/cmr/m/n on input line 3.
LaTeX Font Info:    ... okay on input line 3.

(/usr/local/texlive/2023/texmf-dist/tex/context/base/mkii/supp-pdf.mkii
[Loading MPS to PDF converter (version 2006.09.02).]
\scratchcounter=\count266
\scratchdimen=\dimen150
\scratchbox=\box54
\nofMPsegments=\count267
\nofMParguments=\count268
\everyMPshowfont=\toks20
\MPscratchCnt=\count269
\MPscratchDim=\dimen151
\MPnumerator=\count270
\makeMPintoPDFobject=\count271
\everyMPtoPDFconversion=\toks21
) (/usr/local/texlive/2023/texmf-dist/tex/latex/epstopdf-pkg/epstopdf-base.sty
Package: epstopdf-base 2020-01-24 v2.11 Base part for package epstopdf
Package epstopdf-base Info: Redefining graphics rule for `.eps' on input line 4
85.

(/usr/local/texlive/2023/texmf-dist/tex/latex/latexconfig/epstopdf-sys.cfg
File: epstopdf-sys.cfg 2010/07/13 v1.3 Configuration of (r)epstopdf for TeX Liv
e
))
(/usr/local/texlive/2023/texmf-dist/tex/latex/pdflscape/pdflscape.sty
Package: pdflscape 2022-10-27 v0.13 Display of landscape pages in PDF

(/usr/local/texlive/2023/texmf-dist/tex/latex/pdflscape/pdflscape-nometadata.st
y
Package: pdflscape-nometadata 2022-10-28 v0.13 Display of landscape pages in PD
F (HO)
 (/usr/local/texlive/2023/texmf-dist/tex/generic/iftex/iftex.sty
Package: iftex 2022/02/03 v1.0f TeX engine tests
)
(/usr/local/texlive/2023/texmf-dist/tex/latex/graphics/lscape.sty
Package: lscape 2020/05/28 v3.02 Landscape Pages (DPC)
)
Package pdflscape Info: Auto-detected driver: pdftex on input line 81.
))
<../../../data/report/FeederReport/6586.pdf, id=1, 597.51233pt x 845.0471pt>
File: ../../../data/report/FeederReport/6586.pdf Graphic file (type pdf)
<use ../../../data/report/FeederReport/6586.pdf>
Package pdftex.def Info: ../../../data/report/FeederReport/6586.pdf  used on in
put line 20.
(pdftex.def)             Requested size: 597.51086pt x 845.04504pt.
File: ../../../data/report/FeederReport/6586.pdf Graphic file (type pdf)
<use ../../../data/report/FeederReport/6586.pdf>
Package pdftex.def Info: ../../../data/report/FeederReport/6586.pdf  used on in
put line 20.
(pdftex.def)             Requested size: 597.51086pt x 845.04504pt.
<../../../data/report/FeederReport/6586.pdf, id=4, page=1, 597.51233pt x 845.04
71pt>
File: ../../../data/report/FeederReport/6586.pdf Graphic file (type pdf)
<use ../../../data/report/FeederReport/6586.pdf, page 1>
Package pdftex.def Info: ../../../data/report/FeederReport/6586.pdf , page1 use
d on input line 20.
(pdftex.def)             Requested size: 597.51086pt x 845.04504pt.
File: ../../../data/report/FeederReport/6586.pdf Graphic file (type pdf)
<use ../../../data/report/FeederReport/6586.pdf, page 1>
Package pdftex.def Info: ../../../data/report/FeederReport/6586.pdf , page1 use
d on input line 20.
(pdftex.def)             Requested size: 597.53821pt x 845.08372pt.
File: ../../../data/report/FeederReport/6586.pdf Graphic file (type pdf)
<use ../../../data/report/FeederReport/6586.pdf, page 1>
Package pdftex.def Info: ../../../data/report/FeederReport/6586.pdf , page1 use
d on input line 20.
(pdftex.def)             Requested size: 597.53821pt x 845.08372pt.
File: ../../../data/report/FeederReport/6586.pdf Graphic file (type pdf)
<use ../../../data/report/FeederReport/6586.pdf, page 1>
Package pdftex.def Info: ../../../data/report/FeederReport/6586.pdf , page1 use
d on input line 20.
(pdftex.def)             Requested size: 597.53821pt x 845.08372pt.
File: ../../../data/report/FeederReport/6586.pdf Graphic file (type pdf)
<use ../../../data/report/FeederReport/6586.pdf, page 1>
Package pdftex.def Info: ../../../data/report/FeederReport/6586.pdf , page1 use
d on input line 20.
(pdftex.def)             Requested size: 597.53821pt x 845.08372pt.
 [1

 <../../../data/report/FeederReport/6586.pdf>]
<../../../data/report/FeederReport/6591.pdf, id=23, 597.51233pt x 845.0471pt>
File: ../../../data/report/FeederReport/6591.pdf Graphic file (type pdf)
<use ../../../data/report/FeederReport/6591.pdf>
Package pdftex.def Info: ../../../data/report/FeederReport/6591.pdf  used on in
put line 21.
(pdftex.def)             Requested size: 597.51086pt x 845.04504pt.
File: ../../../data/report/FeederReport/6591.pdf Graphic file (type pdf)
<use ../../../data/report/FeederReport/6591.pdf>
Package pdftex.def Info: ../../../data/report/FeederReport/6591.pdf  used on in
put line 21.
(pdftex.def)             Requested size: 597.51086pt x 845.04504pt.
<../../../data/report/FeederReport/6591.pdf, id=26, page=1, 597.51233pt x 845.0
471pt>
File: ../../../data/report/FeederReport/6591.pdf Graphic file (type pdf)
<use ../../../data/report/FeederReport/6591.pdf, page 1>
Package pdftex.def Info: ../../../data/report/FeederReport/6591.pdf , page1 use
d on input line 21.
(pdftex.def)             Requested size: 597.51086pt x 845.04504pt.
File: ../../../data/report/FeederReport/6591.pdf Graphic file (type pdf)
<use ../../../data/report/FeederReport/6591.pdf, page 1>
Package pdftex.def Info: ../../../data/report/FeederReport/6591.pdf , page1 use
d on input line 21.
(pdftex.def)             Requested size: 597.53821pt x 845.08372pt.
File: ../../../data/report/FeederReport/6591.pdf Graphic file (type pdf)
<use ../../../data/report/FeederReport/6591.pdf, page 1>
Package pdftex.def Info: ../../../data/report/FeederReport/6591.pdf , page1 use
d on input line 21.
(pdftex.def)             Requested size: 597.53821pt x 845.08372pt.
File: ../../../data/report/FeederReport/6591.pdf Graphic file (type pdf)
<use ../../../data/report/FeederReport/6591.pdf, page 1>
Package pdftex.def Info: ../../../data/report/FeederReport/6591.pdf , page1 use
d on input line 21.
(pdftex.def)             Requested size: 597.53821pt x 845.08372pt.
File: ../../../data/report/FeederReport/6591.pdf Graphic file (type pdf)
<use ../../../data/report/FeederReport/6591.pdf, page 1>
Package pdftex.def Info: ../../../data/report/FeederReport/6591.pdf , page1 use
d on input line 21.
(pdftex.def)             Requested size: 597.53821pt x 845.08372pt.
 [2 <../../../data/report/FeederReport/6591.pdf>]
<../../../data/report/FeederReport/1242.pdf, id=43, 597.51233pt x 845.0471pt>
File: ../../../data/report/FeederReport/1242.pdf Graphic file (type pdf)
<use ../../../data/report/FeederReport/1242.pdf>
Package pdftex.def Info: ../../../data/report/FeederReport/1242.pdf  used on in
put line 22.
(pdftex.def)             Requested size: 597.51086pt x 845.04504pt.
File: ../../../data/report/FeederReport/1242.pdf Graphic file (type pdf)
<use ../../../data/report/FeederReport/1242.pdf>
Package pdftex.def Info: ../../../data/report/FeederReport/1242.pdf  used on in
put line 22.
(pdftex.def)             Requested size: 597.51086pt x 845.04504pt.
<../../../data/report/FeederReport/1242.pdf, id=46, page=1, 597.51233pt x 845.0
471pt>
File: ../../../data/report/FeederReport/1242.pdf Graphic file (type pdf)
<use ../../../data/report/FeederReport/1242.pdf, page 1>
Package pdftex.def Info: ../../../data/report/FeederReport/1242.pdf , page1 use
d on input line 22.
(pdftex.def)             Requested size: 597.51086pt x 845.04504pt.
File: ../../../data/report/FeederReport/1242.pdf Graphic file (type pdf)
<use ../../../data/report/FeederReport/1242.pdf, page 1>
Package pdftex.def Info: ../../../data/report/FeederReport/1242.pdf , page1 use
d on input line 22.
(pdftex.def)             Requested size: 597.53821pt x 845.08372pt.
File: ../../../data/report/FeederReport/1242.pdf Graphic file (type pdf)
<use ../../../data/report/FeederReport/1242.pdf, page 1>
Package pdftex.def Info: ../../../data/report/FeederReport/1242.pdf , page1 use
d on input line 22.
(pdftex.def)             Requested size: 597.53821pt x 845.08372pt.
File: ../../../data/report/FeederReport/1242.pdf Graphic file (type pdf)
<use ../../../data/report/FeederReport/1242.pdf, page 1>
Package pdftex.def Info: ../../../data/report/FeederReport/1242.pdf , page1 use
d on input line 22.
(pdftex.def)             Requested size: 597.53821pt x 845.08372pt.
File: ../../../data/report/FeederReport/1242.pdf Graphic file (type pdf)
<use ../../../data/report/FeederReport/1242.pdf, page 1>
Package pdftex.def Info: ../../../data/report/FeederReport/1242.pdf , page1 use
d on input line 22.
(pdftex.def)             Requested size: 597.53821pt x 845.08372pt.
 [3 <../../../data/report/FeederReport/1242.pdf>]
<../../../data/report/FeederReport/1203.pdf, id=63, 597.51233pt x 845.0471pt>
File: ../../../data/report/FeederReport/1203.pdf Graphic file (type pdf)
<use ../../../data/report/FeederReport/1203.pdf>
Package pdftex.def Info: ../../../data/report/FeederReport/1203.pdf  used on in
put line 23.
(pdftex.def)             Requested size: 597.51086pt x 845.04504pt.
File: ../../../data/report/FeederReport/1203.pdf Graphic file (type pdf)
<use ../../../data/report/FeederReport/1203.pdf>
Package pdftex.def Info: ../../../data/report/FeederReport/1203.pdf  used on in
put line 23.
(pdftex.def)             Requested size: 597.51086pt x 845.04504pt.
<../../../data/report/FeederReport/1203.pdf, id=66, page=1, 597.51233pt x 845.0
471pt>
File: ../../../data/report/FeederReport/1203.pdf Graphic file (type pdf)
<use ../../../data/report/FeederReport/1203.pdf, page 1>
Package pdftex.def Info: ../../../data/report/FeederReport/1203.pdf , page1 use
d on input line 23.
(pdftex.def)             Requested size: 597.51086pt x 845.04504pt.
File: ../../../data/report/FeederReport/1203.pdf Graphic file (type pdf)
<use ../../../data/report/FeederReport/1203.pdf, page 1>
Package pdftex.def Info: ../../../data/report/FeederReport/1203.pdf , page1 use
d on input line 23.
(pdftex.def)             Requested size: 597.53821pt x 845.08372pt.
File: ../../../data/report/FeederReport/1203.pdf Graphic file (type pdf)
<use ../../../data/report/FeederReport/1203.pdf, page 1>
Package pdftex.def Info: ../../../data/report/FeederReport/1203.pdf , page1 use
d on input line 23.
(pdftex.def)             Requested size: 597.53821pt x 845.08372pt.
File: ../../../data/report/FeederReport/1203.pdf Graphic file (type pdf)
<use ../../../data/report/FeederReport/1203.pdf, page 1>
Package pdftex.def Info: ../../../data/report/FeederReport/1203.pdf , page1 use
d on input line 23.
(pdftex.def)             Requested size: 597.53821pt x 845.08372pt.
File: ../../../data/report/FeederReport/1203.pdf Graphic file (type pdf)
<use ../../../data/report/FeederReport/1203.pdf, page 1>
Package pdftex.def Info: ../../../data/report/FeederReport/1203.pdf , page1 use
d on input line 23.
(pdftex.def)             Requested size: 597.53821pt x 845.08372pt.
 [4 <../../../data/report/FeederReport/1203.pdf>]
<../../../data/report/FeederReport/6597.pdf, id=83, 597.51233pt x 845.0471pt>
File: ../../../data/report/FeederReport/6597.pdf Graphic file (type pdf)
<use ../../../data/report/FeederReport/6597.pdf>
Package pdftex.def Info: ../../../data/report/FeederReport/6597.pdf  used on in
put line 25.
(pdftex.def)             Requested size: 597.51086pt x 845.04504pt.
File: ../../../data/report/FeederReport/6597.pdf Graphic file (type pdf)
<use ../../../data/report/FeederReport/6597.pdf>
Package pdftex.def Info: ../../../data/report/FeederReport/6597.pdf  used on in
put line 25.
(pdftex.def)             Requested size: 597.51086pt x 845.04504pt.
<../../../data/report/FeederReport/6597.pdf, id=86, page=1, 597.51233pt x 845.0
471pt>
File: ../../../data/report/FeederReport/6597.pdf Graphic file (type pdf)
<use ../../../data/report/FeederReport/6597.pdf, page 1>
Package pdftex.def Info: ../../../data/report/FeederReport/6597.pdf , page1 use
d on input line 25.
(pdftex.def)             Requested size: 597.51086pt x 845.04504pt.
File: ../../../data/report/FeederReport/6597.pdf Graphic file (type pdf)
<use ../../../data/report/FeederReport/6597.pdf, page 1>
Package pdftex.def Info: ../../../data/report/FeederReport/6597.pdf , page1 use
d on input line 25.
(pdftex.def)             Requested size: 597.53821pt x 845.08372pt.
File: ../../../data/report/FeederReport/6597.pdf Graphic file (type pdf)
<use ../../../data/report/FeederReport/6597.pdf, page 1>
Package pdftex.def Info: ../../../data/report/FeederReport/6597.pdf , page1 use
d on input line 25.
(pdftex.def)             Requested size: 597.53821pt x 845.08372pt.
File: ../../../data/report/FeederReport/6597.pdf Graphic file (type pdf)
<use ../../../data/report/FeederReport/6597.pdf, page 1>
Package pdftex.def Info: ../../../data/report/FeederReport/6597.pdf , page1 use
d on input line 25.
(pdftex.def)             Requested size: 597.53821pt x 845.08372pt.
File: ../../../data/report/FeederReport/6597.pdf Graphic file (type pdf)
<use ../../../data/report/FeederReport/6597.pdf, page 1>
Package pdftex.def Info: ../../../data/report/FeederReport/6597.pdf , page1 use
d on input line 25.
(pdftex.def)             Requested size: 597.53821pt x 845.08372pt.
 [5 <../../../data/report/FeederReport/6597.pdf>]
<../../../data/report/FeederReport/6600.pdf, id=103, 597.51233pt x 845.0471pt>
File: ../../../data/report/FeederReport/6600.pdf Graphic file (type pdf)
<use ../../../data/report/FeederReport/6600.pdf>
Package pdftex.def Info: ../../../data/report/FeederReport/6600.pdf  used on in
put line 26.
(pdftex.def)             Requested size: 597.51086pt x 845.04504pt.
File: ../../../data/report/FeederReport/6600.pdf Graphic file (type pdf)
<use ../../../data/report/FeederReport/6600.pdf>
Package pdftex.def Info: ../../../data/report/FeederReport/6600.pdf  used on in
put line 26.
(pdftex.def)             Requested size: 597.51086pt x 845.04504pt.
<../../../data/report/FeederReport/6600.pdf, id=106, page=1, 597.51233pt x 845.
0471pt>
File: ../../../data/report/FeederReport/6600.pdf Graphic file (type pdf)
<use ../../../data/report/FeederReport/6600.pdf, page 1>
Package pdftex.def Info: ../../../data/report/FeederReport/6600.pdf , page1 use
d on input line 26.
(pdftex.def)             Requested size: 597.51086pt x 845.04504pt.
File: ../../../data/report/FeederReport/6600.pdf Graphic file (type pdf)
<use ../../../data/report/FeederReport/6600.pdf, page 1>
Package pdftex.def Info: ../../../data/report/FeederReport/6600.pdf , page1 use
d on input line 26.
(pdftex.def)             Requested size: 597.53821pt x 845.08372pt.
File: ../../../data/report/FeederReport/6600.pdf Graphic file (type pdf)
<use ../../../data/report/FeederReport/6600.pdf, page 1>
Package pdftex.def Info: ../../../data/report/FeederReport/6600.pdf , page1 use
d on input line 26.
(pdftex.def)             Requested size: 597.53821pt x 845.08372pt.
File: ../../../data/report/FeederReport/6600.pdf Graphic file (type pdf)
<use ../../../data/report/FeederReport/6600.pdf, page 1>
Package pdftex.def Info: ../../../data/report/FeederReport/6600.pdf , page1 use
d on input line 26.
(pdftex.def)             Requested size: 597.53821pt x 845.08372pt.
File: ../../../data/report/FeederReport/6600.pdf Graphic file (type pdf)
<use ../../../data/report/FeederReport/6600.pdf, page 1>
Package pdftex.def Info: ../../../data/report/FeederReport/6600.pdf , page1 use
d on input line 26.
(pdftex.def)             Requested size: 597.53821pt x 845.08372pt.

[6 <../../../data/report/FeederReport/6600.pdf>]
<../../../data/report/FeederReport/757.pdf, id=123, 597.51233pt x 845.0471pt>
File: ../../../data/report/FeederReport/757.pdf Graphic file (type pdf)
<use ../../../data/report/FeederReport/757.pdf>
Package pdftex.def Info: ../../../data/report/FeederReport/757.pdf  used on inp
ut line 27.
(pdftex.def)             Requested size: 597.51086pt x 845.04504pt.
File: ../../../data/report/FeederReport/757.pdf Graphic file (type pdf)
<use ../../../data/report/FeederReport/757.pdf>
Package pdftex.def Info: ../../../data/report/FeederReport/757.pdf  used on inp
ut line 27.
(pdftex.def)             Requested size: 597.51086pt x 845.04504pt.
<../../../data/report/FeederReport/757.pdf, id=126, page=1, 597.51233pt x 845.0
471pt>
File: ../../../data/report/FeederReport/757.pdf Graphic file (type pdf)
<use ../../../data/report/FeederReport/757.pdf, page 1>
Package pdftex.def Info: ../../../data/report/FeederReport/757.pdf , page1 used
 on input line 27.
(pdftex.def)             Requested size: 597.51086pt x 845.04504pt.
File: ../../../data/report/FeederReport/757.pdf Graphic file (type pdf)
<use ../../../data/report/FeederReport/757.pdf, page 1>
Package pdftex.def Info: ../../../data/report/FeederReport/757.pdf , page1 used
 on input line 27.
(pdftex.def)             Requested size: 597.53821pt x 845.08372pt.
File: ../../../data/report/FeederReport/757.pdf Graphic file (type pdf)
<use ../../../data/report/FeederReport/757.pdf, page 1>
Package pdftex.def Info: ../../../data/report/FeederReport/757.pdf , page1 used
 on input line 27.
(pdftex.def)             Requested size: 597.53821pt x 845.08372pt.
File: ../../../data/report/FeederReport/757.pdf Graphic file (type pdf)
<use ../../../data/report/FeederReport/757.pdf, page 1>
Package pdftex.def Info: ../../../data/report/FeederReport/757.pdf , page1 used
 on input line 27.
(pdftex.def)             Requested size: 597.53821pt x 845.08372pt.
File: ../../../data/report/FeederReport/757.pdf Graphic file (type pdf)
<use ../../../data/report/FeederReport/757.pdf, page 1>
Package pdftex.def Info: ../../../data/report/FeederReport/757.pdf , page1 used
 on input line 27.
(pdftex.def)             Requested size: 597.53821pt x 845.08372pt.
 [7 <../../../data/report/FeederReport/757.pdf>]
<../../../data/report/FeederReport/754.pdf, id=145, 597.51233pt x 845.0471pt>
File: ../../../data/report/FeederReport/754.pdf Graphic file (type pdf)
<use ../../../data/report/FeederReport/754.pdf>
Package pdftex.def Info: ../../../data/report/FeederReport/754.pdf  used on inp
ut line 28.
(pdftex.def)             Requested size: 597.51086pt x 845.04504pt.
File: ../../../data/report/FeederReport/754.pdf Graphic file (type pdf)
<use ../../../data/report/FeederReport/754.pdf>
Package pdftex.def Info: ../../../data/report/FeederReport/754.pdf  used on inp
ut line 28.
(pdftex.def)             Requested size: 597.51086pt x 845.04504pt.
<../../../data/report/FeederReport/754.pdf, id=148, page=1, 597.51233pt x 845.0
471pt>
File: ../../../data/report/FeederReport/754.pdf Graphic file (type pdf)
<use ../../../data/report/FeederReport/754.pdf, page 1>
Package pdftex.def Info: ../../../data/report/FeederReport/754.pdf , page1 used
 on input line 28.
(pdftex.def)             Requested size: 597.51086pt x 845.04504pt.
File: ../../../data/report/FeederReport/754.pdf Graphic file (type pdf)
<use ../../../data/report/FeederReport/754.pdf, page 1>
Package pdftex.def Info: ../../../data/report/FeederReport/754.pdf , page1 used
 on input line 28.
(pdftex.def)             Requested size: 597.53821pt x 845.08372pt.
File: ../../../data/report/FeederReport/754.pdf Graphic file (type pdf)
<use ../../../data/report/FeederReport/754.pdf, page 1>
Package pdftex.def Info: ../../../data/report/FeederReport/754.pdf , page1 used
 on input line 28.
(pdftex.def)             Requested size: 597.53821pt x 845.08372pt.
File: ../../../data/report/FeederReport/754.pdf Graphic file (type pdf)
<use ../../../data/report/FeederReport/754.pdf, page 1>
Package pdftex.def Info: ../../../data/report/FeederReport/754.pdf , page1 used
 on input line 28.
(pdftex.def)             Requested size: 597.53821pt x 845.08372pt.
File: ../../../data/report/FeederReport/754.pdf Graphic file (type pdf)
<use ../../../data/report/FeederReport/754.pdf, page 1>
Package pdftex.def Info: ../../../data/report/FeederReport/754.pdf , page1 used
 on input line 28.
(pdftex.def)             Requested size: 597.53821pt x 845.08372pt.
 [8 <../../../data/report/FeederReport/754.pdf>]
<../../../data/report/FeederReport/6603.pdf, id=165, 597.51233pt x 845.0471pt>
File: ../../../data/report/FeederReport/6603.pdf Graphic file (type pdf)
<use ../../../data/report/FeederReport/6603.pdf>
Package pdftex.def Info: ../../../data/report/FeederReport/6603.pdf  used on in
put line 30.
(pdftex.def)             Requested size: 597.51086pt x 845.04504pt.
File: ../../../data/report/FeederReport/6603.pdf Graphic file (type pdf)
<use ../../../data/report/FeederReport/6603.pdf>
Package pdftex.def Info: ../../../data/report/FeederReport/6603.pdf  used on in
put line 30.
(pdftex.def)             Requested size: 597.51086pt x 845.04504pt.
<../../../data/report/FeederReport/6603.pdf, id=168, page=1, 597.51233pt x 845.
0471pt>
File: ../../../data/report/FeederReport/6603.pdf Graphic file (type pdf)
<use ../../../data/report/FeederReport/6603.pdf, page 1>
Package pdftex.def Info: ../../../data/report/FeederReport/6603.pdf , page1 use
d on input line 30.
(pdftex.def)             Requested size: 597.51086pt x 845.04504pt.
File: ../../../data/report/FeederReport/6603.pdf Graphic file (type pdf)
<use ../../../data/report/FeederReport/6603.pdf, page 1>
Package pdftex.def Info: ../../../data/report/FeederReport/6603.pdf , page1 use
d on input line 30.
(pdftex.def)             Requested size: 597.53821pt x 845.08372pt.
File: ../../../data/report/FeederReport/6603.pdf Graphic file (type pdf)
<use ../../../data/report/FeederReport/6603.pdf, page 1>
Package pdftex.def Info: ../../../data/report/FeederReport/6603.pdf , page1 use
d on input line 30.
(pdftex.def)             Requested size: 597.53821pt x 845.08372pt.
File: ../../../data/report/FeederReport/6603.pdf Graphic file (type pdf)
<use ../../../data/report/FeederReport/6603.pdf, page 1>
Package pdftex.def Info: ../../../data/report/FeederReport/6603.pdf , page1 use
d on input line 30.
(pdftex.def)             Requested size: 597.53821pt x 845.08372pt.
File: ../../../data/report/FeederReport/6603.pdf Graphic file (type pdf)
<use ../../../data/report/FeederReport/6603.pdf, page 1>
Package pdftex.def Info: ../../../data/report/FeederReport/6603.pdf , page1 use
d on input line 30.
(pdftex.def)             Requested size: 597.53821pt x 845.08372pt.
 [9 <../../../data/report/FeederReport/6603.pdf>]
<../../../data/report/FeederReport/6601.pdf, id=185, 597.51233pt x 845.0471pt>
File: ../../../data/report/FeederReport/6601.pdf Graphic file (type pdf)
<use ../../../data/report/FeederReport/6601.pdf>
Package pdftex.def Info: ../../../data/report/FeederReport/6601.pdf  used on in
put line 31.
(pdftex.def)             Requested size: 597.51086pt x 845.04504pt.
File: ../../../data/report/FeederReport/6601.pdf Graphic file (type pdf)
<use ../../../data/report/FeederReport/6601.pdf>
Package pdftex.def Info: ../../../data/report/FeederReport/6601.pdf  used on in
put line 31.
(pdftex.def)             Requested size: 597.51086pt x 845.04504pt.
<../../../data/report/FeederReport/6601.pdf, id=188, page=1, 597.51233pt x 845.
0471pt>
File: ../../../data/report/FeederReport/6601.pdf Graphic file (type pdf)
<use ../../../data/report/FeederReport/6601.pdf, page 1>
Package pdftex.def Info: ../../../data/report/FeederReport/6601.pdf , page1 use
d on input line 31.
(pdftex.def)             Requested size: 597.51086pt x 845.04504pt.
File: ../../../data/report/FeederReport/6601.pdf Graphic file (type pdf)
<use ../../../data/report/FeederReport/6601.pdf, page 1>
Package pdftex.def Info: ../../../data/report/FeederReport/6601.pdf , page1 use
d on input line 31.
(pdftex.def)             Requested size: 597.53821pt x 845.08372pt.
File: ../../../data/report/FeederReport/6601.pdf Graphic file (type pdf)
<use ../../../data/report/FeederReport/6601.pdf, page 1>
Package pdftex.def Info: ../../../data/report/FeederReport/6601.pdf , page1 use
d on input line 31.
(pdftex.def)             Requested size: 597.53821pt x 845.08372pt.
File: ../../../data/report/FeederReport/6601.pdf Graphic file (type pdf)
<use ../../../data/report/FeederReport/6601.pdf, page 1>
Package pdftex.def Info: ../../../data/report/FeederReport/6601.pdf , page1 use
d on input line 31.
(pdftex.def)             Requested size: 597.53821pt x 845.08372pt.
File: ../../../data/report/FeederReport/6601.pdf Graphic file (type pdf)
<use ../../../data/report/FeederReport/6601.pdf, page 1>
Package pdftex.def Info: ../../../data/report/FeederReport/6601.pdf , page1 use
d on input line 31.
(pdftex.def)             Requested size: 597.53821pt x 845.08372pt.
 [10 <../../../data/report/FeederReport/6601.pdf>]
<../../../data/report/FeederReport/2443.pdf, id=205, 597.51233pt x 845.0471pt>
File: ../../../data/report/FeederReport/2443.pdf Graphic file (type pdf)
<use ../../../data/report/FeederReport/2443.pdf>
Package pdftex.def Info: ../../../data/report/FeederReport/2443.pdf  used on in
put line 32.
(pdftex.def)             Requested size: 597.51086pt x 845.04504pt.
File: ../../../data/report/FeederReport/2443.pdf Graphic file (type pdf)
<use ../../../data/report/FeederReport/2443.pdf>
Package pdftex.def Info: ../../../data/report/FeederReport/2443.pdf  used on in
put line 32.
(pdftex.def)             Requested size: 597.51086pt x 845.04504pt.
<../../../data/report/FeederReport/2443.pdf, id=208, page=1, 597.51233pt x 845.
0471pt>
File: ../../../data/report/FeederReport/2443.pdf Graphic file (type pdf)
<use ../../../data/report/FeederReport/2443.pdf, page 1>
Package pdftex.def Info: ../../../data/report/FeederReport/2443.pdf , page1 use
d on input line 32.
(pdftex.def)             Requested size: 597.51086pt x 845.04504pt.
File: ../../../data/report/FeederReport/2443.pdf Graphic file (type pdf)
<use ../../../data/report/FeederReport/2443.pdf, page 1>
Package pdftex.def Info: ../../../data/report/FeederReport/2443.pdf , page1 use
d on input line 32.
(pdftex.def)             Requested size: 597.53821pt x 845.08372pt.
File: ../../../data/report/FeederReport/2443.pdf Graphic file (type pdf)
<use ../../../data/report/FeederReport/2443.pdf, page 1>
Package pdftex.def Info: ../../../data/report/FeederReport/2443.pdf , page1 use
d on input line 32.
(pdftex.def)             Requested size: 597.53821pt x 845.08372pt.
File: ../../../data/report/FeederReport/2443.pdf Graphic file (type pdf)
<use ../../../data/report/FeederReport/2443.pdf, page 1>
Package pdftex.def Info: ../../../data/report/FeederReport/2443.pdf , page1 use
d on input line 32.
(pdftex.def)             Requested size: 597.53821pt x 845.08372pt.
File: ../../../data/report/FeederReport/2443.pdf Graphic file (type pdf)
<use ../../../data/report/FeederReport/2443.pdf, page 1>
Package pdftex.def Info: ../../../data/report/FeederReport/2443.pdf , page1 use
d on input line 32.
(pdftex.def)             Requested size: 597.53821pt x 845.08372pt.
 [11 <../../../data/report/FeederReport/2443.pdf>]
<../../../data/report/FeederReport/2704.pdf, id=225, 597.51233pt x 845.0471pt>
File: ../../../data/report/FeederReport/2704.pdf Graphic file (type pdf)
<use ../../../data/report/FeederReport/2704.pdf>
Package pdftex.def Info: ../../../data/report/FeederReport/2704.pdf  used on in
put line 34.
(pdftex.def)             Requested size: 597.51086pt x 845.04504pt.
File: ../../../data/report/FeederReport/2704.pdf Graphic file (type pdf)
<use ../../../data/report/FeederReport/2704.pdf>
Package pdftex.def Info: ../../../data/report/FeederReport/2704.pdf  used on in
put line 34.
(pdftex.def)             Requested size: 597.51086pt x 845.04504pt.
<../../../data/report/FeederReport/2704.pdf, id=228, page=1, 597.51233pt x 845.
0471pt>
File: ../../../data/report/FeederReport/2704.pdf Graphic file (type pdf)
<use ../../../data/report/FeederReport/2704.pdf, page 1>
Package pdftex.def Info: ../../../data/report/FeederReport/2704.pdf , page1 use
d on input line 34.
(pdftex.def)             Requested size: 597.51086pt x 845.04504pt.
File: ../../../data/report/FeederReport/2704.pdf Graphic file (type pdf)
<use ../../../data/report/FeederReport/2704.pdf, page 1>
Package pdftex.def Info: ../../../data/report/FeederReport/2704.pdf , page1 use
d on input line 34.
(pdftex.def)             Requested size: 597.53821pt x 845.08372pt.
File: ../../../data/report/FeederReport/2704.pdf Graphic file (type pdf)
<use ../../../data/report/FeederReport/2704.pdf, page 1>
Package pdftex.def Info: ../../../data/report/FeederReport/2704.pdf , page1 use
d on input line 34.
(pdftex.def)             Requested size: 597.53821pt x 845.08372pt.
File: ../../../data/report/FeederReport/2704.pdf Graphic file (type pdf)
<use ../../../data/report/FeederReport/2704.pdf, page 1>
Package pdftex.def Info: ../../../data/report/FeederReport/2704.pdf , page1 use
d on input line 34.
(pdftex.def)             Requested size: 597.53821pt x 845.08372pt.
File: ../../../data/report/FeederReport/2704.pdf Graphic file (type pdf)
<use ../../../data/report/FeederReport/2704.pdf, page 1>
Package pdftex.def Info: ../../../data/report/FeederReport/2704.pdf , page1 use
d on input line 34.
(pdftex.def)             Requested size: 597.53821pt x 845.08372pt.
 [12 <../../../data/report/FeederReport/2704.pdf>]
<../../../data/report/FeederReport/2705.pdf, id=245, 597.51233pt x 845.0471pt>
File: ../../../data/report/FeederReport/2705.pdf Graphic file (type pdf)
<use ../../../data/report/FeederReport/2705.pdf>
Package pdftex.def Info: ../../../data/report/FeederReport/2705.pdf  used on in
put line 35.
(pdftex.def)             Requested size: 597.51086pt x 845.04504pt.
File: ../../../data/report/FeederReport/2705.pdf Graphic file (type pdf)
<use ../../../data/report/FeederReport/2705.pdf>
Package pdftex.def Info: ../../../data/report/FeederReport/2705.pdf  used on in
put line 35.
(pdftex.def)             Requested size: 597.51086pt x 845.04504pt.
<../../../data/report/FeederReport/2705.pdf, id=248, page=1, 597.51233pt x 845.
0471pt>
File: ../../../data/report/FeederReport/2705.pdf Graphic file (type pdf)
<use ../../../data/report/FeederReport/2705.pdf, page 1>
Package pdftex.def Info: ../../../data/report/FeederReport/2705.pdf , page1 use
d on input line 35.
(pdftex.def)             Requested size: 597.51086pt x 845.04504pt.
File: ../../../data/report/FeederReport/2705.pdf Graphic file (type pdf)
<use ../../../data/report/FeederReport/2705.pdf, page 1>
Package pdftex.def Info: ../../../data/report/FeederReport/2705.pdf , page1 use
d on input line 35.
(pdftex.def)             Requested size: 597.53821pt x 845.08372pt.
File: ../../../data/report/FeederReport/2705.pdf Graphic file (type pdf)
<use ../../../data/report/FeederReport/2705.pdf, page 1>
Package pdftex.def Info: ../../../data/report/FeederReport/2705.pdf , page1 use
d on input line 35.
(pdftex.def)             Requested size: 597.53821pt x 845.08372pt.
File: ../../../data/report/FeederReport/2705.pdf Graphic file (type pdf)
<use ../../../data/report/FeederReport/2705.pdf, page 1>
Package pdftex.def Info: ../../../data/report/FeederReport/2705.pdf , page1 use
d on input line 35.
(pdftex.def)             Requested size: 597.53821pt x 845.08372pt.
File: ../../../data/report/FeederReport/2705.pdf Graphic file (type pdf)
<use ../../../data/report/FeederReport/2705.pdf, page 1>
Package pdftex.def Info: ../../../data/report/FeederReport/2705.pdf , page1 use
d on input line 35.
(pdftex.def)             Requested size: 597.53821pt x 845.08372pt.
 [13 <../../../data/report/FeederReport/2705.pdf>]
<../../../data/report/FeederReport/3183.pdf, id=266, 597.51233pt x 845.0471pt>
File: ../../../data/report/FeederReport/3183.pdf Graphic file (type pdf)
<use ../../../data/report/FeederReport/3183.pdf>
Package pdftex.def Info: ../../../data/report/FeederReport/3183.pdf  used on in
put line 36.
(pdftex.def)             Requested size: 597.51086pt x 845.04504pt.
File: ../../../data/report/FeederReport/3183.pdf Graphic file (type pdf)
<use ../../../data/report/FeederReport/3183.pdf>
Package pdftex.def Info: ../../../data/report/FeederReport/3183.pdf  used on in
put line 36.
(pdftex.def)             Requested size: 597.51086pt x 845.04504pt.
<../../../data/report/FeederReport/3183.pdf, id=269, page=1, 597.51233pt x 845.
0471pt>
File: ../../../data/report/FeederReport/3183.pdf Graphic file (type pdf)
<use ../../../data/report/FeederReport/3183.pdf, page 1>
Package pdftex.def Info: ../../../data/report/FeederReport/3183.pdf , page1 use
d on input line 36.
(pdftex.def)             Requested size: 597.51086pt x 845.04504pt.
File: ../../../data/report/FeederReport/3183.pdf Graphic file (type pdf)
<use ../../../data/report/FeederReport/3183.pdf, page 1>
Package pdftex.def Info: ../../../data/report/FeederReport/3183.pdf , page1 use
d on input line 36.
(pdftex.def)             Requested size: 597.53821pt x 845.08372pt.
File: ../../../data/report/FeederReport/3183.pdf Graphic file (type pdf)
<use ../../../data/report/FeederReport/3183.pdf, page 1>
Package pdftex.def Info: ../../../data/report/FeederReport/3183.pdf , page1 use
d on input line 36.
(pdftex.def)             Requested size: 597.53821pt x 845.08372pt.
File: ../../../data/report/FeederReport/3183.pdf Graphic file (type pdf)
<use ../../../data/report/FeederReport/3183.pdf, page 1>
Package pdftex.def Info: ../../../data/report/FeederReport/3183.pdf , page1 use
d on input line 36.
(pdftex.def)             Requested size: 597.53821pt x 845.08372pt.
File: ../../../data/report/FeederReport/3183.pdf Graphic file (type pdf)
<use ../../../data/report/FeederReport/3183.pdf, page 1>
Package pdftex.def Info: ../../../data/report/FeederReport/3183.pdf , page1 use
d on input line 36.
(pdftex.def)             Requested size: 597.53821pt x 845.08372pt.

[14 <../../../data/report/FeederReport/3183.pdf>]
<../../../data/report/FeederReport/3184.pdf, id=287, 597.51233pt x 845.0471pt>
File: ../../../data/report/FeederReport/3184.pdf Graphic file (type pdf)
<use ../../../data/report/FeederReport/3184.pdf>
Package pdftex.def Info: ../../../data/report/FeederReport/3184.pdf  used on in
put line 37.
(pdftex.def)             Requested size: 597.51086pt x 845.04504pt.
File: ../../../data/report/FeederReport/3184.pdf Graphic file (type pdf)
<use ../../../data/report/FeederReport/3184.pdf>
Package pdftex.def Info: ../../../data/report/FeederReport/3184.pdf  used on in
put line 37.
(pdftex.def)             Requested size: 597.51086pt x 845.04504pt.
<../../../data/report/FeederReport/3184.pdf, id=290, page=1, 597.51233pt x 845.
0471pt>
File: ../../../data/report/FeederReport/3184.pdf Graphic file (type pdf)
<use ../../../data/report/FeederReport/3184.pdf, page 1>
Package pdftex.def Info: ../../../data/report/FeederReport/3184.pdf , page1 use
d on input line 37.
(pdftex.def)             Requested size: 597.51086pt x 845.04504pt.
File: ../../../data/report/FeederReport/3184.pdf Graphic file (type pdf)
<use ../../../data/report/FeederReport/3184.pdf, page 1>
Package pdftex.def Info: ../../../data/report/FeederReport/3184.pdf , page1 use
d on input line 37.
(pdftex.def)             Requested size: 597.53821pt x 845.08372pt.
File: ../../../data/report/FeederReport/3184.pdf Graphic file (type pdf)
<use ../../../data/report/FeederReport/3184.pdf, page 1>
Package pdftex.def Info: ../../../data/report/FeederReport/3184.pdf , page1 use
d on input line 37.
(pdftex.def)             Requested size: 597.53821pt x 845.08372pt.
File: ../../../data/report/FeederReport/3184.pdf Graphic file (type pdf)
<use ../../../data/report/FeederReport/3184.pdf, page 1>
Package pdftex.def Info: ../../../data/report/FeederReport/3184.pdf , page1 use
d on input line 37.
(pdftex.def)             Requested size: 597.53821pt x 845.08372pt.
File: ../../../data/report/FeederReport/3184.pdf Graphic file (type pdf)
<use ../../../data/report/FeederReport/3184.pdf, page 1>
Package pdftex.def Info: ../../../data/report/FeederReport/3184.pdf , page1 use
d on input line 37.
(pdftex.def)             Requested size: 597.53821pt x 845.08372pt.
 [15 <../../../data/report/FeederReport/3184.pdf>]
<../../../data/report/FeederReport/3185.pdf, id=307, 597.51233pt x 845.0471pt>
File: ../../../data/report/FeederReport/3185.pdf Graphic file (type pdf)
<use ../../../data/report/FeederReport/3185.pdf>
Package pdftex.def Info: ../../../data/report/FeederReport/3185.pdf  used on in
put line 38.
(pdftex.def)             Requested size: 597.51086pt x 845.04504pt.
File: ../../../data/report/FeederReport/3185.pdf Graphic file (type pdf)
<use ../../../data/report/FeederReport/3185.pdf>
Package pdftex.def Info: ../../../data/report/FeederReport/3185.pdf  used on in
put line 38.
(pdftex.def)             Requested size: 597.51086pt x 845.04504pt.
<../../../data/report/FeederReport/3185.pdf, id=310, page=1, 597.51233pt x 845.
0471pt>
File: ../../../data/report/FeederReport/3185.pdf Graphic file (type pdf)
<use ../../../data/report/FeederReport/3185.pdf, page 1>
Package pdftex.def Info: ../../../data/report/FeederReport/3185.pdf , page1 use
d on input line 38.
(pdftex.def)             Requested size: 597.51086pt x 845.04504pt.
File: ../../../data/report/FeederReport/3185.pdf Graphic file (type pdf)
<use ../../../data/report/FeederReport/3185.pdf, page 1>
Package pdftex.def Info: ../../../data/report/FeederReport/3185.pdf , page1 use
d on input line 38.
(pdftex.def)             Requested size: 597.53821pt x 845.08372pt.
File: ../../../data/report/FeederReport/3185.pdf Graphic file (type pdf)
<use ../../../data/report/FeederReport/3185.pdf, page 1>
Package pdftex.def Info: ../../../data/report/FeederReport/3185.pdf , page1 use
d on input line 38.
(pdftex.def)             Requested size: 597.53821pt x 845.08372pt.
File: ../../../data/report/FeederReport/3185.pdf Graphic file (type pdf)
<use ../../../data/report/FeederReport/3185.pdf, page 1>
Package pdftex.def Info: ../../../data/report/FeederReport/3185.pdf , page1 use
d on input line 38.
(pdftex.def)             Requested size: 597.53821pt x 845.08372pt.
File: ../../../data/report/FeederReport/3185.pdf Graphic file (type pdf)
<use ../../../data/report/FeederReport/3185.pdf, page 1>
Package pdftex.def Info: ../../../data/report/FeederReport/3185.pdf , page1 use
d on input line 38.
(pdftex.def)             Requested size: 597.53821pt x 845.08372pt.
 [16 <../../../data/report/FeederReport/3185.pdf>]
<../../../data/report/FeederReport/3172.pdf, id=327, 597.51233pt x 845.0471pt>
File: ../../../data/report/FeederReport/3172.pdf Graphic file (type pdf)
<use ../../../data/report/FeederReport/3172.pdf>
Package pdftex.def Info: ../../../data/report/FeederReport/3172.pdf  used on in
put line 39.
(pdftex.def)             Requested size: 597.51086pt x 845.04504pt.
File: ../../../data/report/FeederReport/3172.pdf Graphic file (type pdf)
<use ../../../data/report/FeederReport/3172.pdf>
Package pdftex.def Info: ../../../data/report/FeederReport/3172.pdf  used on in
put line 39.
(pdftex.def)             Requested size: 597.51086pt x 845.04504pt.
<../../../data/report/FeederReport/3172.pdf, id=330, page=1, 597.51233pt x 845.
0471pt>
File: ../../../data/report/FeederReport/3172.pdf Graphic file (type pdf)
<use ../../../data/report/FeederReport/3172.pdf, page 1>
Package pdftex.def Info: ../../../data/report/FeederReport/3172.pdf , page1 use
d on input line 39.
(pdftex.def)             Requested size: 597.51086pt x 845.04504pt.
File: ../../../data/report/FeederReport/3172.pdf Graphic file (type pdf)
<use ../../../data/report/FeederReport/3172.pdf, page 1>
Package pdftex.def Info: ../../../data/report/FeederReport/3172.pdf , page1 use
d on input line 39.
(pdftex.def)             Requested size: 597.53821pt x 845.08372pt.
File: ../../../data/report/FeederReport/3172.pdf Graphic file (type pdf)
<use ../../../data/report/FeederReport/3172.pdf, page 1>
Package pdftex.def Info: ../../../data/report/FeederReport/3172.pdf , page1 use
d on input line 39.
(pdftex.def)             Requested size: 597.53821pt x 845.08372pt.
File: ../../../data/report/FeederReport/3172.pdf Graphic file (type pdf)
<use ../../../data/report/FeederReport/3172.pdf, page 1>
Package pdftex.def Info: ../../../data/report/FeederReport/3172.pdf , page1 use
d on input line 39.
(pdftex.def)             Requested size: 597.53821pt x 845.08372pt.
File: ../../../data/report/FeederReport/3172.pdf Graphic file (type pdf)
<use ../../../data/report/FeederReport/3172.pdf, page 1>
Package pdftex.def Info: ../../../data/report/FeederReport/3172.pdf , page1 use
d on input line 39.
(pdftex.def)             Requested size: 597.53821pt x 845.08372pt.
 [17 <../../../data/report/FeederReport/3172.pdf>]
<../../../data/report/FeederReport/3173.pdf, id=347, 597.51233pt x 845.0471pt>
File: ../../../data/report/FeederReport/3173.pdf Graphic file (type pdf)
<use ../../../data/report/FeederReport/3173.pdf>
Package pdftex.def Info: ../../../data/report/FeederReport/3173.pdf  used on in
put line 40.
(pdftex.def)             Requested size: 597.51086pt x 845.04504pt.
File: ../../../data/report/FeederReport/3173.pdf Graphic file (type pdf)
<use ../../../data/report/FeederReport/3173.pdf>
Package pdftex.def Info: ../../../data/report/FeederReport/3173.pdf  used on in
put line 40.
(pdftex.def)             Requested size: 597.51086pt x 845.04504pt.
<../../../data/report/FeederReport/3173.pdf, id=350, page=1, 597.51233pt x 845.
0471pt>
File: ../../../data/report/FeederReport/3173.pdf Graphic file (type pdf)
<use ../../../data/report/FeederReport/3173.pdf, page 1>
Package pdftex.def Info: ../../../data/report/FeederReport/3173.pdf , page1 use
d on input line 40.
(pdftex.def)             Requested size: 597.51086pt x 845.04504pt.
File: ../../../data/report/FeederReport/3173.pdf Graphic file (type pdf)
<use ../../../data/report/FeederReport/3173.pdf, page 1>
Package pdftex.def Info: ../../../data/report/FeederReport/3173.pdf , page1 use
d on input line 40.
(pdftex.def)             Requested size: 597.53821pt x 845.08372pt.
File: ../../../data/report/FeederReport/3173.pdf Graphic file (type pdf)
<use ../../../data/report/FeederReport/3173.pdf, page 1>
Package pdftex.def Info: ../../../data/report/FeederReport/3173.pdf , page1 use
d on input line 40.
(pdftex.def)             Requested size: 597.53821pt x 845.08372pt.
File: ../../../data/report/FeederReport/3173.pdf Graphic file (type pdf)
<use ../../../data/report/FeederReport/3173.pdf, page 1>
Package pdftex.def Info: ../../../data/report/FeederReport/3173.pdf , page1 use
d on input line 40.
(pdftex.def)             Requested size: 597.53821pt x 845.08372pt.
File: ../../../data/report/FeederReport/3173.pdf Graphic file (type pdf)
<use ../../../data/report/FeederReport/3173.pdf, page 1>
Package pdftex.def Info: ../../../data/report/FeederReport/3173.pdf , page1 use
d on input line 40.
(pdftex.def)             Requested size: 597.53821pt x 845.08372pt.
 [18 <../../../data/report/FeederReport/3173.pdf>]
<../../../data/report/FeederReport/3174.pdf, id=367, 597.51233pt x 845.0471pt>
File: ../../../data/report/FeederReport/3174.pdf Graphic file (type pdf)
<use ../../../data/report/FeederReport/3174.pdf>
Package pdftex.def Info: ../../../data/report/FeederReport/3174.pdf  used on in
put line 41.
(pdftex.def)             Requested size: 597.51086pt x 845.04504pt.
File: ../../../data/report/FeederReport/3174.pdf Graphic file (type pdf)
<use ../../../data/report/FeederReport/3174.pdf>
Package pdftex.def Info: ../../../data/report/FeederReport/3174.pdf  used on in
put line 41.
(pdftex.def)             Requested size: 597.51086pt x 845.04504pt.
<../../../data/report/FeederReport/3174.pdf, id=370, page=1, 597.51233pt x 845.
0471pt>
File: ../../../data/report/FeederReport/3174.pdf Graphic file (type pdf)
<use ../../../data/report/FeederReport/3174.pdf, page 1>
Package pdftex.def Info: ../../../data/report/FeederReport/3174.pdf , page1 use
d on input line 41.
(pdftex.def)             Requested size: 597.51086pt x 845.04504pt.
File: ../../../data/report/FeederReport/3174.pdf Graphic file (type pdf)
<use ../../../data/report/FeederReport/3174.pdf, page 1>
Package pdftex.def Info: ../../../data/report/FeederReport/3174.pdf , page1 use
d on input line 41.
(pdftex.def)             Requested size: 597.53821pt x 845.08372pt.
File: ../../../data/report/FeederReport/3174.pdf Graphic file (type pdf)
<use ../../../data/report/FeederReport/3174.pdf, page 1>
Package pdftex.def Info: ../../../data/report/FeederReport/3174.pdf , page1 use
d on input line 41.
(pdftex.def)             Requested size: 597.53821pt x 845.08372pt.
File: ../../../data/report/FeederReport/3174.pdf Graphic file (type pdf)
<use ../../../data/report/FeederReport/3174.pdf, page 1>
Package pdftex.def Info: ../../../data/report/FeederReport/3174.pdf , page1 use
d on input line 41.
(pdftex.def)             Requested size: 597.53821pt x 845.08372pt.
File: ../../../data/report/FeederReport/3174.pdf Graphic file (type pdf)
<use ../../../data/report/FeederReport/3174.pdf, page 1>
Package pdftex.def Info: ../../../data/report/FeederReport/3174.pdf , page1 use
d on input line 41.
(pdftex.def)             Requested size: 597.53821pt x 845.08372pt.
 [19 <../../../data/report/FeederReport/3174.pdf>]
<../../../data/report/FeederReport/3180.pdf, id=388, 597.51233pt x 845.0471pt>
File: ../../../data/report/FeederReport/3180.pdf Graphic file (type pdf)
<use ../../../data/report/FeederReport/3180.pdf>
Package pdftex.def Info: ../../../data/report/FeederReport/3180.pdf  used on in
put line 42.
(pdftex.def)             Requested size: 597.51086pt x 845.04504pt.
File: ../../../data/report/FeederReport/3180.pdf Graphic file (type pdf)
<use ../../../data/report/FeederReport/3180.pdf>
Package pdftex.def Info: ../../../data/report/FeederReport/3180.pdf  used on in
put line 42.
(pdftex.def)             Requested size: 597.51086pt x 845.04504pt.
<../../../data/report/FeederReport/3180.pdf, id=391, page=1, 597.51233pt x 845.
0471pt>
File: ../../../data/report/FeederReport/3180.pdf Graphic file (type pdf)
<use ../../../data/report/FeederReport/3180.pdf, page 1>
Package pdftex.def Info: ../../../data/report/FeederReport/3180.pdf , page1 use
d on input line 42.
(pdftex.def)             Requested size: 597.51086pt x 845.04504pt.
File: ../../../data/report/FeederReport/3180.pdf Graphic file (type pdf)
<use ../../../data/report/FeederReport/3180.pdf, page 1>
Package pdftex.def Info: ../../../data/report/FeederReport/3180.pdf , page1 use
d on input line 42.
(pdftex.def)             Requested size: 597.53821pt x 845.08372pt.
File: ../../../data/report/FeederReport/3180.pdf Graphic file (type pdf)
<use ../../../data/report/FeederReport/3180.pdf, page 1>
Package pdftex.def Info: ../../../data/report/FeederReport/3180.pdf , page1 use
d on input line 42.
(pdftex.def)             Requested size: 597.53821pt x 845.08372pt.
File: ../../../data/report/FeederReport/3180.pdf Graphic file (type pdf)
<use ../../../data/report/FeederReport/3180.pdf, page 1>
Package pdftex.def Info: ../../../data/report/FeederReport/3180.pdf , page1 use
d on input line 42.
(pdftex.def)             Requested size: 597.53821pt x 845.08372pt.
File: ../../../data/report/FeederReport/3180.pdf Graphic file (type pdf)
<use ../../../data/report/FeederReport/3180.pdf, page 1>
Package pdftex.def Info: ../../../data/report/FeederReport/3180.pdf , page1 use
d on input line 42.
(pdftex.def)             Requested size: 597.53821pt x 845.08372pt.
 [20 <../../../data/report/FeederReport/3180.pdf>]
<../../../data/report/FeederReport/3181.pdf, id=408, 597.51233pt x 845.0471pt>
File: ../../../data/report/FeederReport/3181.pdf Graphic file (type pdf)
<use ../../../data/report/FeederReport/3181.pdf>
Package pdftex.def Info: ../../../data/report/FeederReport/3181.pdf  used on in
put line 43.
(pdftex.def)             Requested size: 597.51086pt x 845.04504pt.
File: ../../../data/report/FeederReport/3181.pdf Graphic file (type pdf)
<use ../../../data/report/FeederReport/3181.pdf>
Package pdftex.def Info: ../../../data/report/FeederReport/3181.pdf  used on in
put line 43.
(pdftex.def)             Requested size: 597.51086pt x 845.04504pt.
<../../../data/report/FeederReport/3181.pdf, id=411, page=1, 597.51233pt x 845.
0471pt>
File: ../../../data/report/FeederReport/3181.pdf Graphic file (type pdf)
<use ../../../data/report/FeederReport/3181.pdf, page 1>
Package pdftex.def Info: ../../../data/report/FeederReport/3181.pdf , page1 use
d on input line 43.
(pdftex.def)             Requested size: 597.51086pt x 845.04504pt.
File: ../../../data/report/FeederReport/3181.pdf Graphic file (type pdf)
<use ../../../data/report/FeederReport/3181.pdf, page 1>
Package pdftex.def Info: ../../../data/report/FeederReport/3181.pdf , page1 use
d on input line 43.
(pdftex.def)             Requested size: 597.53821pt x 845.08372pt.
File: ../../../data/report/FeederReport/3181.pdf Graphic file (type pdf)
<use ../../../data/report/FeederReport/3181.pdf, page 1>
Package pdftex.def Info: ../../../data/report/FeederReport/3181.pdf , page1 use
d on input line 43.
(pdftex.def)             Requested size: 597.53821pt x 845.08372pt.
File: ../../../data/report/FeederReport/3181.pdf Graphic file (type pdf)
<use ../../../data/report/FeederReport/3181.pdf, page 1>
Package pdftex.def Info: ../../../data/report/FeederReport/3181.pdf , page1 use
d on input line 43.
(pdftex.def)             Requested size: 597.53821pt x 845.08372pt.
File: ../../../data/report/FeederReport/3181.pdf Graphic file (type pdf)
<use ../../../data/report/FeederReport/3181.pdf, page 1>
Package pdftex.def Info: ../../../data/report/FeederReport/3181.pdf , page1 use
d on input line 43.
(pdftex.def)             Requested size: 597.53821pt x 845.08372pt.
 [21 <../../../data/report/FeederReport/3181.pdf>]
<../../../data/report/FeederReport/3182.pdf, id=429, 597.51233pt x 845.0471pt>
File: ../../../data/report/FeederReport/3182.pdf Graphic file (type pdf)
<use ../../../data/report/FeederReport/3182.pdf>
Package pdftex.def Info: ../../../data/report/FeederReport/3182.pdf  used on in
put line 44.
(pdftex.def)             Requested size: 597.51086pt x 845.04504pt.
File: ../../../data/report/FeederReport/3182.pdf Graphic file (type pdf)
<use ../../../data/report/FeederReport/3182.pdf>
Package pdftex.def Info: ../../../data/report/FeederReport/3182.pdf  used on in
put line 44.
(pdftex.def)             Requested size: 597.51086pt x 845.04504pt.
<../../../data/report/FeederReport/3182.pdf, id=432, page=1, 597.51233pt x 845.
0471pt>
File: ../../../data/report/FeederReport/3182.pdf Graphic file (type pdf)
<use ../../../data/report/FeederReport/3182.pdf, page 1>
Package pdftex.def Info: ../../../data/report/FeederReport/3182.pdf , page1 use
d on input line 44.
(pdftex.def)             Requested size: 597.51086pt x 845.04504pt.
File: ../../../data/report/FeederReport/3182.pdf Graphic file (type pdf)
<use ../../../data/report/FeederReport/3182.pdf, page 1>
Package pdftex.def Info: ../../../data/report/FeederReport/3182.pdf , page1 use
d on input line 44.
(pdftex.def)             Requested size: 597.53821pt x 845.08372pt.
File: ../../../data/report/FeederReport/3182.pdf Graphic file (type pdf)
<use ../../../data/report/FeederReport/3182.pdf, page 1>
Package pdftex.def Info: ../../../data/report/FeederReport/3182.pdf , page1 use
d on input line 44.
(pdftex.def)             Requested size: 597.53821pt x 845.08372pt.
File: ../../../data/report/FeederReport/3182.pdf Graphic file (type pdf)
<use ../../../data/report/FeederReport/3182.pdf, page 1>
Package pdftex.def Info: ../../../data/report/FeederReport/3182.pdf , page1 use
d on input line 44.
(pdftex.def)             Requested size: 597.53821pt x 845.08372pt.
File: ../../../data/report/FeederReport/3182.pdf Graphic file (type pdf)
<use ../../../data/report/FeederReport/3182.pdf, page 1>
Package pdftex.def Info: ../../../data/report/FeederReport/3182.pdf , page1 use
d on input line 44.
(pdftex.def)             Requested size: 597.53821pt x 845.08372pt.
 [22 <../../../data/report/FeederReport/3182.pdf>]
<../../../data/report/FeederReport/7522.pdf, id=449, 597.51233pt x 845.0471pt>
File: ../../../data/report/FeederReport/7522.pdf Graphic file (type pdf)
<use ../../../data/report/FeederReport/7522.pdf>
Package pdftex.def Info: ../../../data/report/FeederReport/7522.pdf  used on in
put line 45.
(pdftex.def)             Requested size: 597.51086pt x 845.04504pt.
File: ../../../data/report/FeederReport/7522.pdf Graphic file (type pdf)
<use ../../../data/report/FeederReport/7522.pdf>
Package pdftex.def Info: ../../../data/report/FeederReport/7522.pdf  used on in
put line 45.
(pdftex.def)             Requested size: 597.51086pt x 845.04504pt.
<../../../data/report/FeederReport/7522.pdf, id=452, page=1, 597.51233pt x 845.
0471pt>
File: ../../../data/report/FeederReport/7522.pdf Graphic file (type pdf)
<use ../../../data/report/FeederReport/7522.pdf, page 1>
Package pdftex.def Info: ../../../data/report/FeederReport/7522.pdf , page1 use
d on input line 45.
(pdftex.def)             Requested size: 597.51086pt x 845.04504pt.
File: ../../../data/report/FeederReport/7522.pdf Graphic file (type pdf)
<use ../../../data/report/FeederReport/7522.pdf, page 1>
Package pdftex.def Info: ../../../data/report/FeederReport/7522.pdf , page1 use
d on input line 45.
(pdftex.def)             Requested size: 597.53821pt x 845.08372pt.
File: ../../../data/report/FeederReport/7522.pdf Graphic file (type pdf)
<use ../../../data/report/FeederReport/7522.pdf, page 1>
Package pdftex.def Info: ../../../data/report/FeederReport/7522.pdf , page1 use
d on input line 45.
(pdftex.def)             Requested size: 597.53821pt x 845.08372pt.
File: ../../../data/report/FeederReport/7522.pdf Graphic file (type pdf)
<use ../../../data/report/FeederReport/7522.pdf, page 1>
Package pdftex.def Info: ../../../data/report/FeederReport/7522.pdf , page1 use
d on input line 45.
(pdftex.def)             Requested size: 597.53821pt x 845.08372pt.
File: ../../../data/report/FeederReport/7522.pdf Graphic file (type pdf)
<use ../../../data/report/FeederReport/7522.pdf, page 1>
Package pdftex.def Info: ../../../data/report/FeederReport/7522.pdf , page1 use
d on input line 45.
(pdftex.def)             Requested size: 597.53821pt x 845.08372pt.
 [23 <../../../data/report/FeederReport/7522.pdf>]
<../../../data/report/FeederReport/752.pdf, id=469, 597.51233pt x 845.0471pt>
File: ../../../data/report/FeederReport/752.pdf Graphic file (type pdf)
<use ../../../data/report/FeederReport/752.pdf>
Package pdftex.def Info: ../../../data/report/FeederReport/752.pdf  used on inp
ut line 46.
(pdftex.def)             Requested size: 597.51086pt x 845.04504pt.
File: ../../../data/report/FeederReport/752.pdf Graphic file (type pdf)
<use ../../../data/report/FeederReport/752.pdf>
Package pdftex.def Info: ../../../data/report/FeederReport/752.pdf  used on inp
ut line 46.
(pdftex.def)             Requested size: 597.51086pt x 845.04504pt.
<../../../data/report/FeederReport/752.pdf, id=472, page=1, 597.51233pt x 845.0
471pt>
File: ../../../data/report/FeederReport/752.pdf Graphic file (type pdf)
<use ../../../data/report/FeederReport/752.pdf, page 1>
Package pdftex.def Info: ../../../data/report/FeederReport/752.pdf , page1 used
 on input line 46.
(pdftex.def)             Requested size: 597.51086pt x 845.04504pt.
File: ../../../data/report/FeederReport/752.pdf Graphic file (type pdf)
<use ../../../data/report/FeederReport/752.pdf, page 1>
Package pdftex.def Info: ../../../data/report/FeederReport/752.pdf , page1 used
 on input line 46.
(pdftex.def)             Requested size: 597.53821pt x 845.08372pt.
File: ../../../data/report/FeederReport/752.pdf Graphic file (type pdf)
<use ../../../data/report/FeederReport/752.pdf, page 1>
Package pdftex.def Info: ../../../data/report/FeederReport/752.pdf , page1 used
 on input line 46.
(pdftex.def)             Requested size: 597.53821pt x 845.08372pt.
File: ../../../data/report/FeederReport/752.pdf Graphic file (type pdf)
<use ../../../data/report/FeederReport/752.pdf, page 1>
Package pdftex.def Info: ../../../data/report/FeederReport/752.pdf , page1 used
 on input line 46.
(pdftex.def)             Requested size: 597.53821pt x 845.08372pt.
File: ../../../data/report/FeederReport/752.pdf Graphic file (type pdf)
<use ../../../data/report/FeederReport/752.pdf, page 1>
Package pdftex.def Info: ../../../data/report/FeederReport/752.pdf , page1 used
 on input line 46.
(pdftex.def)             Requested size: 597.53821pt x 845.08372pt.
 [24 <../../../data/report/FeederReport/752.pdf>]
<../../../data/report/FeederReport/6660.pdf, id=489, 597.51233pt x 845.0471pt>
File: ../../../data/report/FeederReport/6660.pdf Graphic file (type pdf)
<use ../../../data/report/FeederReport/6660.pdf>
Package pdftex.def Info: ../../../data/report/FeederReport/6660.pdf  used on in
put line 47.
(pdftex.def)             Requested size: 597.51086pt x 845.04504pt.
File: ../../../data/report/FeederReport/6660.pdf Graphic file (type pdf)
<use ../../../data/report/FeederReport/6660.pdf>
Package pdftex.def Info: ../../../data/report/FeederReport/6660.pdf  used on in
put line 47.
(pdftex.def)             Requested size: 597.51086pt x 845.04504pt.
<../../../data/report/FeederReport/6660.pdf, id=492, page=1, 597.51233pt x 845.
0471pt>
File: ../../../data/report/FeederReport/6660.pdf Graphic file (type pdf)
<use ../../../data/report/FeederReport/6660.pdf, page 1>
Package pdftex.def Info: ../../../data/report/FeederReport/6660.pdf , page1 use
d on input line 47.
(pdftex.def)             Requested size: 597.51086pt x 845.04504pt.
File: ../../../data/report/FeederReport/6660.pdf Graphic file (type pdf)
<use ../../../data/report/FeederReport/6660.pdf, page 1>
Package pdftex.def Info: ../../../data/report/FeederReport/6660.pdf , page1 use
d on input line 47.
(pdftex.def)             Requested size: 597.53821pt x 845.08372pt.
File: ../../../data/report/FeederReport/6660.pdf Graphic file (type pdf)
<use ../../../data/report/FeederReport/6660.pdf, page 1>
Package pdftex.def Info: ../../../data/report/FeederReport/6660.pdf , page1 use
d on input line 47.
(pdftex.def)             Requested size: 597.53821pt x 845.08372pt.
File: ../../../data/report/FeederReport/6660.pdf Graphic file (type pdf)
<use ../../../data/report/FeederReport/6660.pdf, page 1>
Package pdftex.def Info: ../../../data/report/FeederReport/6660.pdf , page1 use
d on input line 47.
(pdftex.def)             Requested size: 597.53821pt x 845.08372pt.
File: ../../../data/report/FeederReport/6660.pdf Graphic file (type pdf)
<use ../../../data/report/FeederReport/6660.pdf, page 1>
Package pdftex.def Info: ../../../data/report/FeederReport/6660.pdf , page1 use
d on input line 47.
(pdftex.def)             Requested size: 597.53821pt x 845.08372pt.

[25 <../../../data/report/FeederReport/6660.pdf>]
<../../../data/report/FeederReport/7297.pdf, id=510, 597.51233pt x 845.0471pt>
File: ../../../data/report/FeederReport/7297.pdf Graphic file (type pdf)
<use ../../../data/report/FeederReport/7297.pdf>
Package pdftex.def Info: ../../../data/report/FeederReport/7297.pdf  used on in
put line 49.
(pdftex.def)             Requested size: 597.51086pt x 845.04504pt.
File: ../../../data/report/FeederReport/7297.pdf Graphic file (type pdf)
<use ../../../data/report/FeederReport/7297.pdf>
Package pdftex.def Info: ../../../data/report/FeederReport/7297.pdf  used on in
put line 49.
(pdftex.def)             Requested size: 597.51086pt x 845.04504pt.
<../../../data/report/FeederReport/7297.pdf, id=513, page=1, 597.51233pt x 845.
0471pt>
File: ../../../data/report/FeederReport/7297.pdf Graphic file (type pdf)
<use ../../../data/report/FeederReport/7297.pdf, page 1>
Package pdftex.def Info: ../../../data/report/FeederReport/7297.pdf , page1 use
d on input line 49.
(pdftex.def)             Requested size: 597.51086pt x 845.04504pt.
File: ../../../data/report/FeederReport/7297.pdf Graphic file (type pdf)
<use ../../../data/report/FeederReport/7297.pdf, page 1>
Package pdftex.def Info: ../../../data/report/FeederReport/7297.pdf , page1 use
d on input line 49.
(pdftex.def)             Requested size: 597.53821pt x 845.08372pt.
File: ../../../data/report/FeederReport/7297.pdf Graphic file (type pdf)
<use ../../../data/report/FeederReport/7297.pdf, page 1>
Package pdftex.def Info: ../../../data/report/FeederReport/7297.pdf , page1 use
d on input line 49.
(pdftex.def)             Requested size: 597.53821pt x 845.08372pt.
File: ../../../data/report/FeederReport/7297.pdf Graphic file (type pdf)
<use ../../../data/report/FeederReport/7297.pdf, page 1>
Package pdftex.def Info: ../../../data/report/FeederReport/7297.pdf , page1 use
d on input line 49.
(pdftex.def)             Requested size: 597.53821pt x 845.08372pt.
File: ../../../data/report/FeederReport/7297.pdf Graphic file (type pdf)
<use ../../../data/report/FeederReport/7297.pdf, page 1>
Package pdftex.def Info: ../../../data/report/FeederReport/7297.pdf , page1 use
d on input line 49.
(pdftex.def)             Requested size: 597.53821pt x 845.08372pt.
 [26 <../../../data/report/FeederReport/7297.pdf>]
<../../../data/report/FeederReport/7298.pdf, id=530, 597.51233pt x 845.0471pt>
File: ../../../data/report/FeederReport/7298.pdf Graphic file (type pdf)
<use ../../../data/report/FeederReport/7298.pdf>
Package pdftex.def Info: ../../../data/report/FeederReport/7298.pdf  used on in
put line 50.
(pdftex.def)             Requested size: 597.51086pt x 845.04504pt.
File: ../../../data/report/FeederReport/7298.pdf Graphic file (type pdf)
<use ../../../data/report/FeederReport/7298.pdf>
Package pdftex.def Info: ../../../data/report/FeederReport/7298.pdf  used on in
put line 50.
(pdftex.def)             Requested size: 597.51086pt x 845.04504pt.
<../../../data/report/FeederReport/7298.pdf, id=533, page=1, 597.51233pt x 845.
0471pt>
File: ../../../data/report/FeederReport/7298.pdf Graphic file (type pdf)
<use ../../../data/report/FeederReport/7298.pdf, page 1>
Package pdftex.def Info: ../../../data/report/FeederReport/7298.pdf , page1 use
d on input line 50.
(pdftex.def)             Requested size: 597.51086pt x 845.04504pt.
File: ../../../data/report/FeederReport/7298.pdf Graphic file (type pdf)
<use ../../../data/report/FeederReport/7298.pdf, page 1>
Package pdftex.def Info: ../../../data/report/FeederReport/7298.pdf , page1 use
d on input line 50.
(pdftex.def)             Requested size: 597.53821pt x 845.08372pt.
File: ../../../data/report/FeederReport/7298.pdf Graphic file (type pdf)
<use ../../../data/report/FeederReport/7298.pdf, page 1>
Package pdftex.def Info: ../../../data/report/FeederReport/7298.pdf , page1 use
d on input line 50.
(pdftex.def)             Requested size: 597.53821pt x 845.08372pt.
File: ../../../data/report/FeederReport/7298.pdf Graphic file (type pdf)
<use ../../../data/report/FeederReport/7298.pdf, page 1>
Package pdftex.def Info: ../../../data/report/FeederReport/7298.pdf , page1 use
d on input line 50.
(pdftex.def)             Requested size: 597.53821pt x 845.08372pt.
File: ../../../data/report/FeederReport/7298.pdf Graphic file (type pdf)
<use ../../../data/report/FeederReport/7298.pdf, page 1>
Package pdftex.def Info: ../../../data/report/FeederReport/7298.pdf , page1 use
d on input line 50.
(pdftex.def)             Requested size: 597.53821pt x 845.08372pt.
 [27 <../../../data/report/FeederReport/7298.pdf>]
<../../../data/report/FeederReport/7359.pdf, id=551, 597.51233pt x 845.0471pt>
File: ../../../data/report/FeederReport/7359.pdf Graphic file (type pdf)
<use ../../../data/report/FeederReport/7359.pdf>
Package pdftex.def Info: ../../../data/report/FeederReport/7359.pdf  used on in
put line 51.
(pdftex.def)             Requested size: 597.51086pt x 845.04504pt.
File: ../../../data/report/FeederReport/7359.pdf Graphic file (type pdf)
<use ../../../data/report/FeederReport/7359.pdf>
Package pdftex.def Info: ../../../data/report/FeederReport/7359.pdf  used on in
put line 51.
(pdftex.def)             Requested size: 597.51086pt x 845.04504pt.
<../../../data/report/FeederReport/7359.pdf, id=554, page=1, 597.51233pt x 845.
0471pt>
File: ../../../data/report/FeederReport/7359.pdf Graphic file (type pdf)
<use ../../../data/report/FeederReport/7359.pdf, page 1>
Package pdftex.def Info: ../../../data/report/FeederReport/7359.pdf , page1 use
d on input line 51.
(pdftex.def)             Requested size: 597.51086pt x 845.04504pt.
File: ../../../data/report/FeederReport/7359.pdf Graphic file (type pdf)
<use ../../../data/report/FeederReport/7359.pdf, page 1>
Package pdftex.def Info: ../../../data/report/FeederReport/7359.pdf , page1 use
d on input line 51.
(pdftex.def)             Requested size: 597.53821pt x 845.08372pt.
File: ../../../data/report/FeederReport/7359.pdf Graphic file (type pdf)
<use ../../../data/report/FeederReport/7359.pdf, page 1>
Package pdftex.def Info: ../../../data/report/FeederReport/7359.pdf , page1 use
d on input line 51.
(pdftex.def)             Requested size: 597.53821pt x 845.08372pt.
File: ../../../data/report/FeederReport/7359.pdf Graphic file (type pdf)
<use ../../../data/report/FeederReport/7359.pdf, page 1>
Package pdftex.def Info: ../../../data/report/FeederReport/7359.pdf , page1 use
d on input line 51.
(pdftex.def)             Requested size: 597.53821pt x 845.08372pt.
File: ../../../data/report/FeederReport/7359.pdf Graphic file (type pdf)
<use ../../../data/report/FeederReport/7359.pdf, page 1>
Package pdftex.def Info: ../../../data/report/FeederReport/7359.pdf , page1 use
d on input line 51.
(pdftex.def)             Requested size: 597.53821pt x 845.08372pt.
 [28 <../../../data/report/FeederReport/7359.pdf>]
<../../../data/report/FeederReport/7360.pdf, id=571, 597.51233pt x 845.0471pt>
File: ../../../data/report/FeederReport/7360.pdf Graphic file (type pdf)
<use ../../../data/report/FeederReport/7360.pdf>
Package pdftex.def Info: ../../../data/report/FeederReport/7360.pdf  used on in
put line 52.
(pdftex.def)             Requested size: 597.51086pt x 845.04504pt.
File: ../../../data/report/FeederReport/7360.pdf Graphic file (type pdf)
<use ../../../data/report/FeederReport/7360.pdf>
Package pdftex.def Info: ../../../data/report/FeederReport/7360.pdf  used on in
put line 52.
(pdftex.def)             Requested size: 597.51086pt x 845.04504pt.
<../../../data/report/FeederReport/7360.pdf, id=574, page=1, 597.51233pt x 845.
0471pt>
File: ../../../data/report/FeederReport/7360.pdf Graphic file (type pdf)
<use ../../../data/report/FeederReport/7360.pdf, page 1>
Package pdftex.def Info: ../../../data/report/FeederReport/7360.pdf , page1 use
d on input line 52.
(pdftex.def)             Requested size: 597.51086pt x 845.04504pt.
File: ../../../data/report/FeederReport/7360.pdf Graphic file (type pdf)
<use ../../../data/report/FeederReport/7360.pdf, page 1>
Package pdftex.def Info: ../../../data/report/FeederReport/7360.pdf , page1 use
d on input line 52.
(pdftex.def)             Requested size: 597.53821pt x 845.08372pt.
File: ../../../data/report/FeederReport/7360.pdf Graphic file (type pdf)
<use ../../../data/report/FeederReport/7360.pdf, page 1>
Package pdftex.def Info: ../../../data/report/FeederReport/7360.pdf , page1 use
d on input line 52.
(pdftex.def)             Requested size: 597.53821pt x 845.08372pt.
File: ../../../data/report/FeederReport/7360.pdf Graphic file (type pdf)
<use ../../../data/report/FeederReport/7360.pdf, page 1>
Package pdftex.def Info: ../../../data/report/FeederReport/7360.pdf , page1 use
d on input line 52.
(pdftex.def)             Requested size: 597.53821pt x 845.08372pt.
File: ../../../data/report/FeederReport/7360.pdf Graphic file (type pdf)
<use ../../../data/report/FeederReport/7360.pdf, page 1>
Package pdftex.def Info: ../../../data/report/FeederReport/7360.pdf , page1 use
d on input line 52.
(pdftex.def)             Requested size: 597.53821pt x 845.08372pt.
 [29 <../../../data/report/FeederReport/7360.pdf>]
<../../../data/report/FeederReport/7361.pdf, id=591, 597.51233pt x 845.0471pt>
File: ../../../data/report/FeederReport/7361.pdf Graphic file (type pdf)
<use ../../../data/report/FeederReport/7361.pdf>
Package pdftex.def Info: ../../../data/report/FeederReport/7361.pdf  used on in
put line 53.
(pdftex.def)             Requested size: 597.51086pt x 845.04504pt.
File: ../../../data/report/FeederReport/7361.pdf Graphic file (type pdf)
<use ../../../data/report/FeederReport/7361.pdf>
Package pdftex.def Info: ../../../data/report/FeederReport/7361.pdf  used on in
put line 53.
(pdftex.def)             Requested size: 597.51086pt x 845.04504pt.
<../../../data/report/FeederReport/7361.pdf, id=594, page=1, 597.51233pt x 845.
0471pt>
File: ../../../data/report/FeederReport/7361.pdf Graphic file (type pdf)
<use ../../../data/report/FeederReport/7361.pdf, page 1>
Package pdftex.def Info: ../../../data/report/FeederReport/7361.pdf , page1 use
d on input line 53.
(pdftex.def)             Requested size: 597.51086pt x 845.04504pt.
File: ../../../data/report/FeederReport/7361.pdf Graphic file (type pdf)
<use ../../../data/report/FeederReport/7361.pdf, page 1>
Package pdftex.def Info: ../../../data/report/FeederReport/7361.pdf , page1 use
d on input line 53.
(pdftex.def)             Requested size: 597.53821pt x 845.08372pt.
File: ../../../data/report/FeederReport/7361.pdf Graphic file (type pdf)
<use ../../../data/report/FeederReport/7361.pdf, page 1>
Package pdftex.def Info: ../../../data/report/FeederReport/7361.pdf , page1 use
d on input line 53.
(pdftex.def)             Requested size: 597.53821pt x 845.08372pt.
File: ../../../data/report/FeederReport/7361.pdf Graphic file (type pdf)
<use ../../../data/report/FeederReport/7361.pdf, page 1>
Package pdftex.def Info: ../../../data/report/FeederReport/7361.pdf , page1 use
d on input line 53.
(pdftex.def)             Requested size: 597.53821pt x 845.08372pt.
File: ../../../data/report/FeederReport/7361.pdf Graphic file (type pdf)
<use ../../../data/report/FeederReport/7361.pdf, page 1>
Package pdftex.def Info: ../../../data/report/FeederReport/7361.pdf , page1 use
d on input line 53.
(pdftex.def)             Requested size: 597.53821pt x 845.08372pt.
 [30 <../../../data/report/FeederReport/7361.pdf>]
<../../../data/report/FeederReport/7348.pdf, id=611, 597.51233pt x 845.0471pt>
File: ../../../data/report/FeederReport/7348.pdf Graphic file (type pdf)
<use ../../../data/report/FeederReport/7348.pdf>
Package pdftex.def Info: ../../../data/report/FeederReport/7348.pdf  used on in
put line 54.
(pdftex.def)             Requested size: 597.51086pt x 845.04504pt.
File: ../../../data/report/FeederReport/7348.pdf Graphic file (type pdf)
<use ../../../data/report/FeederReport/7348.pdf>
Package pdftex.def Info: ../../../data/report/FeederReport/7348.pdf  used on in
put line 54.
(pdftex.def)             Requested size: 597.51086pt x 845.04504pt.
<../../../data/report/FeederReport/7348.pdf, id=614, page=1, 597.51233pt x 845.
0471pt>
File: ../../../data/report/FeederReport/7348.pdf Graphic file (type pdf)
<use ../../../data/report/FeederReport/7348.pdf, page 1>
Package pdftex.def Info: ../../../data/report/FeederReport/7348.pdf , page1 use
d on input line 54.
(pdftex.def)             Requested size: 597.51086pt x 845.04504pt.
File: ../../../data/report/FeederReport/7348.pdf Graphic file (type pdf)
<use ../../../data/report/FeederReport/7348.pdf, page 1>
Package pdftex.def Info: ../../../data/report/FeederReport/7348.pdf , page1 use
d on input line 54.
(pdftex.def)             Requested size: 597.53821pt x 845.08372pt.
File: ../../../data/report/FeederReport/7348.pdf Graphic file (type pdf)
<use ../../../data/report/FeederReport/7348.pdf, page 1>
Package pdftex.def Info: ../../../data/report/FeederReport/7348.pdf , page1 use
d on input line 54.
(pdftex.def)             Requested size: 597.53821pt x 845.08372pt.
File: ../../../data/report/FeederReport/7348.pdf Graphic file (type pdf)
<use ../../../data/report/FeederReport/7348.pdf, page 1>
Package pdftex.def Info: ../../../data/report/FeederReport/7348.pdf , page1 use
d on input line 54.
(pdftex.def)             Requested size: 597.53821pt x 845.08372pt.
File: ../../../data/report/FeederReport/7348.pdf Graphic file (type pdf)
<use ../../../data/report/FeederReport/7348.pdf, page 1>
Package pdftex.def Info: ../../../data/report/FeederReport/7348.pdf , page1 use
d on input line 54.
(pdftex.def)             Requested size: 597.53821pt x 845.08372pt.
 [31 <../../../data/report/FeederReport/7348.pdf>]
<../../../data/report/FeederReport/7349.pdf, id=632, 597.51233pt x 845.0471pt>
File: ../../../data/report/FeederReport/7349.pdf Graphic file (type pdf)
<use ../../../data/report/FeederReport/7349.pdf>
Package pdftex.def Info: ../../../data/report/FeederReport/7349.pdf  used on in
put line 55.
(pdftex.def)             Requested size: 597.51086pt x 845.04504pt.
File: ../../../data/report/FeederReport/7349.pdf Graphic file (type pdf)
<use ../../../data/report/FeederReport/7349.pdf>
Package pdftex.def Info: ../../../data/report/FeederReport/7349.pdf  used on in
put line 55.
(pdftex.def)             Requested size: 597.51086pt x 845.04504pt.
<../../../data/report/FeederReport/7349.pdf, id=635, page=1, 597.51233pt x 845.
0471pt>
File: ../../../data/report/FeederReport/7349.pdf Graphic file (type pdf)
<use ../../../data/report/FeederReport/7349.pdf, page 1>
Package pdftex.def Info: ../../../data/report/FeederReport/7349.pdf , page1 use
d on input line 55.
(pdftex.def)             Requested size: 597.51086pt x 845.04504pt.
File: ../../../data/report/FeederReport/7349.pdf Graphic file (type pdf)
<use ../../../data/report/FeederReport/7349.pdf, page 1>
Package pdftex.def Info: ../../../data/report/FeederReport/7349.pdf , page1 use
d on input line 55.
(pdftex.def)             Requested size: 597.53821pt x 845.08372pt.
File: ../../../data/report/FeederReport/7349.pdf Graphic file (type pdf)
<use ../../../data/report/FeederReport/7349.pdf, page 1>
Package pdftex.def Info: ../../../data/report/FeederReport/7349.pdf , page1 use
d on input line 55.
(pdftex.def)             Requested size: 597.53821pt x 845.08372pt.
File: ../../../data/report/FeederReport/7349.pdf Graphic file (type pdf)
<use ../../../data/report/FeederReport/7349.pdf, page 1>
Package pdftex.def Info: ../../../data/report/FeederReport/7349.pdf , page1 use
d on input line 55.
(pdftex.def)             Requested size: 597.53821pt x 845.08372pt.
File: ../../../data/report/FeederReport/7349.pdf Graphic file (type pdf)
<use ../../../data/report/FeederReport/7349.pdf, page 1>
Package pdftex.def Info: ../../../data/report/FeederReport/7349.pdf , page1 use
d on input line 55.
(pdftex.def)             Requested size: 597.53821pt x 845.08372pt.
 [32 <../../../data/report/FeederReport/7349.pdf>]
<../../../data/report/FeederReport/7350.pdf, id=652, 597.51233pt x 845.0471pt>
File: ../../../data/report/FeederReport/7350.pdf Graphic file (type pdf)
<use ../../../data/report/FeederReport/7350.pdf>
Package pdftex.def Info: ../../../data/report/FeederReport/7350.pdf  used on in
put line 56.
(pdftex.def)             Requested size: 597.51086pt x 845.04504pt.
File: ../../../data/report/FeederReport/7350.pdf Graphic file (type pdf)
<use ../../../data/report/FeederReport/7350.pdf>
Package pdftex.def Info: ../../../data/report/FeederReport/7350.pdf  used on in
put line 56.
(pdftex.def)             Requested size: 597.51086pt x 845.04504pt.
<../../../data/report/FeederReport/7350.pdf, id=655, page=1, 597.51233pt x 845.
0471pt>
File: ../../../data/report/FeederReport/7350.pdf Graphic file (type pdf)
<use ../../../data/report/FeederReport/7350.pdf, page 1>
Package pdftex.def Info: ../../../data/report/FeederReport/7350.pdf , page1 use
d on input line 56.
(pdftex.def)             Requested size: 597.51086pt x 845.04504pt.
File: ../../../data/report/FeederReport/7350.pdf Graphic file (type pdf)
<use ../../../data/report/FeederReport/7350.pdf, page 1>
Package pdftex.def Info: ../../../data/report/FeederReport/7350.pdf , page1 use
d on input line 56.
(pdftex.def)             Requested size: 597.53821pt x 845.08372pt.
File: ../../../data/report/FeederReport/7350.pdf Graphic file (type pdf)
<use ../../../data/report/FeederReport/7350.pdf, page 1>
Package pdftex.def Info: ../../../data/report/FeederReport/7350.pdf , page1 use
d on input line 56.
(pdftex.def)             Requested size: 597.53821pt x 845.08372pt.
File: ../../../data/report/FeederReport/7350.pdf Graphic file (type pdf)
<use ../../../data/report/FeederReport/7350.pdf, page 1>
Package pdftex.def Info: ../../../data/report/FeederReport/7350.pdf , page1 use
d on input line 56.
(pdftex.def)             Requested size: 597.53821pt x 845.08372pt.
File: ../../../data/report/FeederReport/7350.pdf Graphic file (type pdf)
<use ../../../data/report/FeederReport/7350.pdf, page 1>
Package pdftex.def Info: ../../../data/report/FeederReport/7350.pdf , page1 use
d on input line 56.
(pdftex.def)             Requested size: 597.53821pt x 845.08372pt.
 [33 <../../../data/report/FeederReport/7350.pdf>]
<../../../data/report/FeederReport/7356.pdf, id=672, 597.51233pt x 845.0471pt>
File: ../../../data/report/FeederReport/7356.pdf Graphic file (type pdf)
<use ../../../data/report/FeederReport/7356.pdf>
Package pdftex.def Info: ../../../data/report/FeederReport/7356.pdf  used on in
put line 57.
(pdftex.def)             Requested size: 597.51086pt x 845.04504pt.
File: ../../../data/report/FeederReport/7356.pdf Graphic file (type pdf)
<use ../../../data/report/FeederReport/7356.pdf>
Package pdftex.def Info: ../../../data/report/FeederReport/7356.pdf  used on in
put line 57.
(pdftex.def)             Requested size: 597.51086pt x 845.04504pt.
<../../../data/report/FeederReport/7356.pdf, id=675, page=1, 597.51233pt x 845.
0471pt>
File: ../../../data/report/FeederReport/7356.pdf Graphic file (type pdf)
<use ../../../data/report/FeederReport/7356.pdf, page 1>
Package pdftex.def Info: ../../../data/report/FeederReport/7356.pdf , page1 use
d on input line 57.
(pdftex.def)             Requested size: 597.51086pt x 845.04504pt.
File: ../../../data/report/FeederReport/7356.pdf Graphic file (type pdf)
<use ../../../data/report/FeederReport/7356.pdf, page 1>
Package pdftex.def Info: ../../../data/report/FeederReport/7356.pdf , page1 use
d on input line 57.
(pdftex.def)             Requested size: 597.53821pt x 845.08372pt.
File: ../../../data/report/FeederReport/7356.pdf Graphic file (type pdf)
<use ../../../data/report/FeederReport/7356.pdf, page 1>
Package pdftex.def Info: ../../../data/report/FeederReport/7356.pdf , page1 use
d on input line 57.
(pdftex.def)             Requested size: 597.53821pt x 845.08372pt.
File: ../../../data/report/FeederReport/7356.pdf Graphic file (type pdf)
<use ../../../data/report/FeederReport/7356.pdf, page 1>
Package pdftex.def Info: ../../../data/report/FeederReport/7356.pdf , page1 use
d on input line 57.
(pdftex.def)             Requested size: 597.53821pt x 845.08372pt.
File: ../../../data/report/FeederReport/7356.pdf Graphic file (type pdf)
<use ../../../data/report/FeederReport/7356.pdf, page 1>
Package pdftex.def Info: ../../../data/report/FeederReport/7356.pdf , page1 use
d on input line 57.
(pdftex.def)             Requested size: 597.53821pt x 845.08372pt.
 [34 <../../../data/report/FeederReport/7356.pdf>]
<../../../data/report/FeederReport/7357.pdf, id=693, 597.51233pt x 845.0471pt>
File: ../../../data/report/FeederReport/7357.pdf Graphic file (type pdf)
<use ../../../data/report/FeederReport/7357.pdf>
Package pdftex.def Info: ../../../data/report/FeederReport/7357.pdf  used on in
put line 58.
(pdftex.def)             Requested size: 597.51086pt x 845.04504pt.
File: ../../../data/report/FeederReport/7357.pdf Graphic file (type pdf)
<use ../../../data/report/FeederReport/7357.pdf>
Package pdftex.def Info: ../../../data/report/FeederReport/7357.pdf  used on in
put line 58.
(pdftex.def)             Requested size: 597.51086pt x 845.04504pt.
<../../../data/report/FeederReport/7357.pdf, id=696, page=1, 597.51233pt x 845.
0471pt>
File: ../../../data/report/FeederReport/7357.pdf Graphic file (type pdf)
<use ../../../data/report/FeederReport/7357.pdf, page 1>
Package pdftex.def Info: ../../../data/report/FeederReport/7357.pdf , page1 use
d on input line 58.
(pdftex.def)             Requested size: 597.51086pt x 845.04504pt.
File: ../../../data/report/FeederReport/7357.pdf Graphic file (type pdf)
<use ../../../data/report/FeederReport/7357.pdf, page 1>
Package pdftex.def Info: ../../../data/report/FeederReport/7357.pdf , page1 use
d on input line 58.
(pdftex.def)             Requested size: 597.53821pt x 845.08372pt.
File: ../../../data/report/FeederReport/7357.pdf Graphic file (type pdf)
<use ../../../data/report/FeederReport/7357.pdf, page 1>
Package pdftex.def Info: ../../../data/report/FeederReport/7357.pdf , page1 use
d on input line 58.
(pdftex.def)             Requested size: 597.53821pt x 845.08372pt.
File: ../../../data/report/FeederReport/7357.pdf Graphic file (type pdf)
<use ../../../data/report/FeederReport/7357.pdf, page 1>
Package pdftex.def Info: ../../../data/report/FeederReport/7357.pdf , page1 use
d on input line 58.
(pdftex.def)             Requested size: 597.53821pt x 845.08372pt.
File: ../../../data/report/FeederReport/7357.pdf Graphic file (type pdf)
<use ../../../data/report/FeederReport/7357.pdf, page 1>
Package pdftex.def Info: ../../../data/report/FeederReport/7357.pdf , page1 use
d on input line 58.
(pdftex.def)             Requested size: 597.53821pt x 845.08372pt.
 [35 <../../../data/report/FeederReport/7357.pdf>]
<../../../data/report/FeederReport/7358.pdf, id=713, 597.51233pt x 845.0471pt>
File: ../../../data/report/FeederReport/7358.pdf Graphic file (type pdf)
<use ../../../data/report/FeederReport/7358.pdf>
Package pdftex.def Info: ../../../data/report/FeederReport/7358.pdf  used on in
put line 59.
(pdftex.def)             Requested size: 597.51086pt x 845.04504pt.
File: ../../../data/report/FeederReport/7358.pdf Graphic file (type pdf)
<use ../../../data/report/FeederReport/7358.pdf>
Package pdftex.def Info: ../../../data/report/FeederReport/7358.pdf  used on in
put line 59.
(pdftex.def)             Requested size: 597.51086pt x 845.04504pt.
<../../../data/report/FeederReport/7358.pdf, id=716, page=1, 597.51233pt x 845.
0471pt>
File: ../../../data/report/FeederReport/7358.pdf Graphic file (type pdf)
<use ../../../data/report/FeederReport/7358.pdf, page 1>
Package pdftex.def Info: ../../../data/report/FeederReport/7358.pdf , page1 use
d on input line 59.
(pdftex.def)             Requested size: 597.51086pt x 845.04504pt.
File: ../../../data/report/FeederReport/7358.pdf Graphic file (type pdf)
<use ../../../data/report/FeederReport/7358.pdf, page 1>
Package pdftex.def Info: ../../../data/report/FeederReport/7358.pdf , page1 use
d on input line 59.
(pdftex.def)             Requested size: 597.53821pt x 845.08372pt.
File: ../../../data/report/FeederReport/7358.pdf Graphic file (type pdf)
<use ../../../data/report/FeederReport/7358.pdf, page 1>
Package pdftex.def Info: ../../../data/report/FeederReport/7358.pdf , page1 use
d on input line 59.
(pdftex.def)             Requested size: 597.53821pt x 845.08372pt.
File: ../../../data/report/FeederReport/7358.pdf Graphic file (type pdf)
<use ../../../data/report/FeederReport/7358.pdf, page 1>
Package pdftex.def Info: ../../../data/report/FeederReport/7358.pdf , page1 use
d on input line 59.
(pdftex.def)             Requested size: 597.53821pt x 845.08372pt.
File: ../../../data/report/FeederReport/7358.pdf Graphic file (type pdf)
<use ../../../data/report/FeederReport/7358.pdf, page 1>
Package pdftex.def Info: ../../../data/report/FeederReport/7358.pdf , page1 use
d on input line 59.
(pdftex.def)             Requested size: 597.53821pt x 845.08372pt.

[36 <../../../data/report/FeederReport/7358.pdf>]
<../../../data/report/FeederReport/7523.pdf, id=733, 597.51233pt x 845.0471pt>
File: ../../../data/report/FeederReport/7523.pdf Graphic file (type pdf)
<use ../../../data/report/FeederReport/7523.pdf>
Package pdftex.def Info: ../../../data/report/FeederReport/7523.pdf  used on in
put line 60.
(pdftex.def)             Requested size: 597.51086pt x 845.04504pt.
File: ../../../data/report/FeederReport/7523.pdf Graphic file (type pdf)
<use ../../../data/report/FeederReport/7523.pdf>
Package pdftex.def Info: ../../../data/report/FeederReport/7523.pdf  used on in
put line 60.
(pdftex.def)             Requested size: 597.51086pt x 845.04504pt.
<../../../data/report/FeederReport/7523.pdf, id=736, page=1, 597.51233pt x 845.
0471pt>
File: ../../../data/report/FeederReport/7523.pdf Graphic file (type pdf)
<use ../../../data/report/FeederReport/7523.pdf, page 1>
Package pdftex.def Info: ../../../data/report/FeederReport/7523.pdf , page1 use
d on input line 60.
(pdftex.def)             Requested size: 597.51086pt x 845.04504pt.
File: ../../../data/report/FeederReport/7523.pdf Graphic file (type pdf)
<use ../../../data/report/FeederReport/7523.pdf, page 1>
Package pdftex.def Info: ../../../data/report/FeederReport/7523.pdf , page1 use
d on input line 60.
(pdftex.def)             Requested size: 597.53821pt x 845.08372pt.
File: ../../../data/report/FeederReport/7523.pdf Graphic file (type pdf)
<use ../../../data/report/FeederReport/7523.pdf, page 1>
Package pdftex.def Info: ../../../data/report/FeederReport/7523.pdf , page1 use
d on input line 60.
(pdftex.def)             Requested size: 597.53821pt x 845.08372pt.
File: ../../../data/report/FeederReport/7523.pdf Graphic file (type pdf)
<use ../../../data/report/FeederReport/7523.pdf, page 1>
Package pdftex.def Info: ../../../data/report/FeederReport/7523.pdf , page1 use
d on input line 60.
(pdftex.def)             Requested size: 597.53821pt x 845.08372pt.
File: ../../../data/report/FeederReport/7523.pdf Graphic file (type pdf)
<use ../../../data/report/FeederReport/7523.pdf, page 1>
Package pdftex.def Info: ../../../data/report/FeederReport/7523.pdf , page1 use
d on input line 60.
(pdftex.def)             Requested size: 597.53821pt x 845.08372pt.
 [37 <../../../data/report/FeederReport/7523.pdf>]
<../../../data/report/FeederReport/6659.pdf, id=756, 597.51233pt x 845.0471pt>
File: ../../../data/report/FeederReport/6659.pdf Graphic file (type pdf)
<use ../../../data/report/FeederReport/6659.pdf>
Package pdftex.def Info: ../../../data/report/FeederReport/6659.pdf  used on in
put line 61.
(pdftex.def)             Requested size: 597.51086pt x 845.04504pt.
File: ../../../data/report/FeederReport/6659.pdf Graphic file (type pdf)
<use ../../../data/report/FeederReport/6659.pdf>
Package pdftex.def Info: ../../../data/report/FeederReport/6659.pdf  used on in
put line 61.
(pdftex.def)             Requested size: 597.51086pt x 845.04504pt.
<../../../data/report/FeederReport/6659.pdf, id=759, page=1, 597.51233pt x 845.
0471pt>
File: ../../../data/report/FeederReport/6659.pdf Graphic file (type pdf)
<use ../../../data/report/FeederReport/6659.pdf, page 1>
Package pdftex.def Info: ../../../data/report/FeederReport/6659.pdf , page1 use
d on input line 61.
(pdftex.def)             Requested size: 597.51086pt x 845.04504pt.
File: ../../../data/report/FeederReport/6659.pdf Graphic file (type pdf)
<use ../../../data/report/FeederReport/6659.pdf, page 1>
Package pdftex.def Info: ../../../data/report/FeederReport/6659.pdf , page1 use
d on input line 61.
(pdftex.def)             Requested size: 597.53821pt x 845.08372pt.
File: ../../../data/report/FeederReport/6659.pdf Graphic file (type pdf)
<use ../../../data/report/FeederReport/6659.pdf, page 1>
Package pdftex.def Info: ../../../data/report/FeederReport/6659.pdf , page1 use
d on input line 61.
(pdftex.def)             Requested size: 597.53821pt x 845.08372pt.
File: ../../../data/report/FeederReport/6659.pdf Graphic file (type pdf)
<use ../../../data/report/FeederReport/6659.pdf, page 1>
Package pdftex.def Info: ../../../data/report/FeederReport/6659.pdf , page1 use
d on input line 61.
(pdftex.def)             Requested size: 597.53821pt x 845.08372pt.
File: ../../../data/report/FeederReport/6659.pdf Graphic file (type pdf)
<use ../../../data/report/FeederReport/6659.pdf, page 1>
Package pdftex.def Info: ../../../data/report/FeederReport/6659.pdf , page1 use
d on input line 61.
(pdftex.def)             Requested size: 597.53821pt x 845.08372pt.
 [38 <../../../data/report/FeederReport/6659.pdf>]
<../../../data/report/FeederReport/6458.pdf, id=776, 597.51233pt x 845.0471pt>
File: ../../../data/report/FeederReport/6458.pdf Graphic file (type pdf)
<use ../../../data/report/FeederReport/6458.pdf>
Package pdftex.def Info: ../../../data/report/FeederReport/6458.pdf  used on in
put line 62.
(pdftex.def)             Requested size: 597.51086pt x 845.04504pt.
File: ../../../data/report/FeederReport/6458.pdf Graphic file (type pdf)
<use ../../../data/report/FeederReport/6458.pdf>
Package pdftex.def Info: ../../../data/report/FeederReport/6458.pdf  used on in
put line 62.
(pdftex.def)             Requested size: 597.51086pt x 845.04504pt.
<../../../data/report/FeederReport/6458.pdf, id=779, page=1, 597.51233pt x 845.
0471pt>
File: ../../../data/report/FeederReport/6458.pdf Graphic file (type pdf)
<use ../../../data/report/FeederReport/6458.pdf, page 1>
Package pdftex.def Info: ../../../data/report/FeederReport/6458.pdf , page1 use
d on input line 62.
(pdftex.def)             Requested size: 597.51086pt x 845.04504pt.
File: ../../../data/report/FeederReport/6458.pdf Graphic file (type pdf)
<use ../../../data/report/FeederReport/6458.pdf, page 1>
Package pdftex.def Info: ../../../data/report/FeederReport/6458.pdf , page1 use
d on input line 62.
(pdftex.def)             Requested size: 597.53821pt x 845.08372pt.
File: ../../../data/report/FeederReport/6458.pdf Graphic file (type pdf)
<use ../../../data/report/FeederReport/6458.pdf, page 1>
Package pdftex.def Info: ../../../data/report/FeederReport/6458.pdf , page1 use
d on input line 62.
(pdftex.def)             Requested size: 597.53821pt x 845.08372pt.
File: ../../../data/report/FeederReport/6458.pdf Graphic file (type pdf)
<use ../../../data/report/FeederReport/6458.pdf, page 1>
Package pdftex.def Info: ../../../data/report/FeederReport/6458.pdf , page1 use
d on input line 62.
(pdftex.def)             Requested size: 597.53821pt x 845.08372pt.
File: ../../../data/report/FeederReport/6458.pdf Graphic file (type pdf)
<use ../../../data/report/FeederReport/6458.pdf, page 1>
Package pdftex.def Info: ../../../data/report/FeederReport/6458.pdf , page1 use
d on input line 62.
(pdftex.def)             Requested size: 597.53821pt x 845.08372pt.
 [39 <../../../data/report/FeederReport/6458.pdf>] (./pdfpage.aux) ) 
Here is how much of TeX's memory you used:
 3241 strings out of 476025
 68201 string characters out of 5790023
 1850388 words of memory out of 5000000
 23621 multiletter control sequences out of 15000+600000
 512287 words of font info for 32 fonts, out of 8000000 for 9000
 1141 hyphenation exceptions out of 8191
 72i,17n,76p,240b,422s stack positions out of 10000i,1000n,20000p,200000b,200000s

Output written on pdfpage.pdf (39 pages, 128320 bytes).
PDF statistics:
 801 PDF objects out of 1000 (max. 8388607)
 596 compressed objects within 6 object streams
 0 named destinations out of 1000 (max. 500000)
 781 words of extra memory for PDF output out of 10000 (max. 10000000)

