This is XeTeX, Version 3.141592653-2.6-0.999995 (TeX Live 2023) (preloaded format=xelatex 2024.1.29)  4 OCT 2024 10:51
entering extended mode
 restricted \write18 enabled.
 %&-line parsing enabled.
**kaoshi.tex
(./kaoshi.tex
LaTeX2e <2022-11-01> patch level 1
L3 programming layer <2023-02-22>
(/usr/local/texlive/2023/texmf-dist/tex/latex/ctex/ctexbook.cls
(/usr/local/texlive/2023/texmf-dist/tex/latex/ctex/config/ctexbackend.cfg
File: ctexbackend.cfg 2022/07/14 v2.5.10 Backend configuration file (CTEX)
)
(/usr/local/texlive/2023/texmf-dist/tex/latex/l3kernel/expl3.sty
Package: expl3 2023-02-22 L3 programming layer (loader) 

(/usr/local/texlive/2023/texmf-dist/tex/latex/l3backend/l3backend-xetex.def
File: l3backend-xetex.def 2023-01-16 L3 backend support: XeTeX
\g__graphics_track_int=\count181
\l__pdf_internal_box=\box51
\g__pdf_backend_object_int=\count182
\g__pdf_backend_annotation_int=\count183
\g__pdf_backend_link_int=\count184
))
Document Class: ctexbook 2022/07/14 v2.5.10 Chinese adapter for class book (CTE
X)
(/usr/local/texlive/2023/texmf-dist/tex/latex/ctex/ctexhook.sty
Package: ctexhook 2022/07/14 v2.5.10 Document and package hooks (CTEX)
)
(/usr/local/texlive/2023/texmf-dist/tex/latex/ctex/ctexpatch.sty
Package: ctexpatch 2022/07/14 v2.5.10 Patching commands (CTEX)
)
(/usr/local/texlive/2023/texmf-dist/tex/latex/base/fix-cm.sty
Package: fix-cm 2020/11/24 v1.1t fixes to LaTeX

(/usr/local/texlive/2023/texmf-dist/tex/latex/base/ts1enc.def
File: ts1enc.def 2001/06/05 v3.0e (jk/car/fm) Standard LaTeX file
LaTeX Font Info:    Redeclaring font encoding TS1 on input line 47.
))
\l__ctex_tmp_int=\count185
\l__ctex_tmp_box=\box52
\l__ctex_tmp_dim=\dimen140
\g__ctex_section_depth_int=\count186
\g__ctex_font_size_int=\count187

(/usr/local/texlive/2023/texmf-dist/tex/latex/ctex/config/ctexopts.cfg
File: ctexopts.cfg 2022/07/14 v2.5.10 Option configuration file (CTEX)
)
(/usr/local/texlive/2023/texmf-dist/tex/latex/base/book.cls
Document Class: book 2022/07/02 v1.4n Standard LaTeX document class
(/usr/local/texlive/2023/texmf-dist/tex/latex/base/bk10.clo
File: bk10.clo 2022/07/02 v1.4n Standard LaTeX file (size option)
)
\c@part=\count188
\c@chapter=\count189
\c@section=\count190
\c@subsection=\count191
\c@subsubsection=\count192
\c@paragraph=\count193
\c@subparagraph=\count194
\c@figure=\count195
\c@table=\count196
\abovecaptionskip=\skip48
\belowcaptionskip=\skip49
\bibindent=\dimen141
)
(/usr/local/texlive/2023/texmf-dist/tex/latex/ctex/engine/ctex-engine-xetex.def
File: ctex-engine-xetex.def 2022/07/14 v2.5.10 XeLaTeX adapter (CTEX)
(/usr/local/texlive/2023/texmf-dist/tex/xelatex/xecjk/xeCJK.sty
Package: xeCJK 2022/08/05 v3.9.1 Typesetting CJK scripts with XeLaTeX

(/usr/local/texlive/2023/texmf-dist/tex/latex/l3packages/xtemplate/xtemplate.st
y
Package: xtemplate 2023-02-02 L3 Experimental prototype document functions
\l__xtemplate_tmp_dim=\dimen142
\l__xtemplate_tmp_int=\count197
\l__xtemplate_tmp_muskip=\muskip16
\l__xtemplate_tmp_skip=\skip50
)
\l__xeCJK_tmp_int=\count198
\l__xeCJK_tmp_box=\box53
\l__xeCJK_tmp_dim=\dimen143
\l__xeCJK_tmp_skip=\skip51
\g__xeCJK_space_factor_int=\count199
\l__xeCJK_begin_int=\count266
\l__xeCJK_end_int=\count267
\c__xeCJK_CJK_class_int=\XeTeXcharclass1
\c__xeCJK_FullLeft_class_int=\XeTeXcharclass2
\c__xeCJK_FullRight_class_int=\XeTeXcharclass3
\c__xeCJK_HalfLeft_class_int=\XeTeXcharclass4
\c__xeCJK_HalfRight_class_int=\XeTeXcharclass5
\c__xeCJK_NormalSpace_class_int=\XeTeXcharclass6
\c__xeCJK_CM_class_int=\XeTeXcharclass7
\c__xeCJK_HangulJamo_class_int=\XeTeXcharclass8
\l__xeCJK_last_skip=\skip52
\c__xeCJK_none_node=\count268
\g__xeCJK_node_int=\count269
\c__xeCJK_CJK_node_dim=\dimen144
\c__xeCJK_CJK-space_node_dim=\dimen145
\c__xeCJK_default_node_dim=\dimen146
\c__xeCJK_CJK-widow_node_dim=\dimen147
\c__xeCJK_normalspace_node_dim=\dimen148
\c__xeCJK_default-space_node_skip=\skip53
\l__xeCJK_ccglue_skip=\skip54
\l__xeCJK_ecglue_skip=\skip55
\l__xeCJK_punct_kern_skip=\skip56
\l__xeCJK_indent_box=\box54
\l__xeCJK_last_penalty_int=\count270
\l__xeCJK_last_bound_dim=\dimen149
\l__xeCJK_last_kern_dim=\dimen150
\l__xeCJK_widow_penalty_int=\count271

Package xtemplate Info: Declaring object type 'xeCJK/punctuation' taking 0
(xtemplate)             argument(s) on line 2396.

\l__xeCJK_fixed_punct_width_dim=\dimen151
\l__xeCJK_mixed_punct_width_dim=\dimen152
\l__xeCJK_middle_punct_width_dim=\dimen153
\l__xeCJK_fixed_margin_width_dim=\dimen154
\l__xeCJK_mixed_margin_width_dim=\dimen155
\l__xeCJK_middle_margin_width_dim=\dimen156
\l__xeCJK_bound_punct_width_dim=\dimen157
\l__xeCJK_bound_margin_width_dim=\dimen158
\l__xeCJK_margin_minimum_dim=\dimen159
\l__xeCJK_kerning_total_width_dim=\dimen160
\l__xeCJK_same_align_margin_dim=\dimen161
\l__xeCJK_different_align_margin_dim=\dimen162
\l__xeCJK_kerning_margin_width_dim=\dimen163
\l__xeCJK_kerning_margin_minimum_dim=\dimen164
\l__xeCJK_bound_dim=\dimen165
\l__xeCJK_reverse_bound_dim=\dimen166
\l__xeCJK_margin_dim=\dimen167
\l__xeCJK_minimum_bound_dim=\dimen168
\l__xeCJK_kerning_margin_dim=\dimen169
\g__xeCJK_family_int=\count272
\l__xeCJK_fam_int=\count273
\g__xeCJK_fam_allocation_int=\count274
\l__xeCJK_verb_case_int=\count275
\l__xeCJK_verb_exspace_skip=\skip57
 (/usr/local/texlive/2023/texmf-dist/tex/latex/fontspec/fontspec.sty
(/usr/local/texlive/2023/texmf-dist/tex/latex/l3packages/xparse/xparse.sty
Package: xparse 2023-02-02 L3 Experimental document command parser
)
Package: fontspec 2022/01/15 v2.8a Font selection for XeLaTeX and LuaLaTeX

(/usr/local/texlive/2023/texmf-dist/tex/latex/fontspec/fontspec-xetex.sty
Package: fontspec-xetex 2022/01/15 v2.8a Font selection for XeLaTeX and LuaLaTe
X
\l__fontspec_script_int=\count276
\l__fontspec_language_int=\count277
\l__fontspec_strnum_int=\count278
\l__fontspec_tmp_int=\count279
\l__fontspec_tmpa_int=\count280
\l__fontspec_tmpb_int=\count281
\l__fontspec_tmpc_int=\count282
\l__fontspec_em_int=\count283
\l__fontspec_emdef_int=\count284
\l__fontspec_strong_int=\count285
\l__fontspec_strongdef_int=\count286
\l__fontspec_tmpa_dim=\dimen170
\l__fontspec_tmpb_dim=\dimen171
\l__fontspec_tmpc_dim=\dimen172

(/usr/local/texlive/2023/texmf-dist/tex/latex/base/fontenc.sty
Package: fontenc 2021/04/29 v2.0v Standard LaTeX package
)
(/usr/local/texlive/2023/texmf-dist/tex/latex/fontspec/fontspec.cfg)))
(/usr/local/texlive/2023/texmf-dist/tex/xelatex/xecjk/xeCJK.cfg
File: xeCJK.cfg 2022/08/05 v3.9.1 Configuration file for xeCJK package
))
\ccwd=\dimen173
\l__ctex_ccglue_skip=\skip58
)
\l__ctex_ziju_dim=\dimen174

(/usr/local/texlive/2023/texmf-dist/tex/latex/zhnumber/zhnumber.sty
Package: zhnumber 2022/07/14 v3.0 Typesetting numbers with Chinese glyphs
\l__zhnum_scale_int=\count287
\l__zhnum_tmp_int=\count288

(/usr/local/texlive/2023/texmf-dist/tex/latex/zhnumber/zhnumber-utf8.cfg
File: zhnumber-utf8.cfg 2022/07/14 v3.0 Chinese numerals with UTF8 encoding
))
\l__ctex_heading_skip=\skip59

(/usr/local/texlive/2023/texmf-dist/tex/latex/ctex/scheme/ctex-scheme-chinese-b
ook.def
File: ctex-scheme-chinese-book.def 2022/07/14 v2.5.10 Chinese scheme for book (
CTEX)

(/usr/local/texlive/2023/texmf-dist/tex/latex/ctex/config/ctex-name-utf8.cfg
File: ctex-name-utf8.cfg 2022/07/14 v2.5.10 Caption with encoding UTF-8 (CTEX)
))
(/usr/local/texlive/2023/texmf-dist/tex/latex/ctex/ctex-c5size.clo
File: ctex-c5size.clo 2022/07/14 v2.5.10 c5size option (CTEX)
)
(/usr/local/texlive/2023/texmf-dist/tex/latex/ctex/fontset/ctex-fontset-fandol.
def
File: ctex-fontset-fandol.def 2022/07/14 v2.5.10 Fandol fonts definition (CTEX)



Package fontspec Warning: Font "FandolSong-Regular" does not contain requested
(fontspec)                Script "CJK".


Package fontspec Info: Font family 'FandolSong-Regular(0)' created for font
(fontspec)             'FandolSong-Regular' with options
(fontspec)             [Script={CJK},Extension={.otf},BoldFont={FandolSong-Bold
},ItalicFont={FandolKai-Regular}].
(fontspec)              
(fontspec)              This font family consists of the following NFSS
(fontspec)             series/shapes:
(fontspec)              
(fontspec)             - 'normal' (m/n) with NFSS spec.:
(fontspec)             <->"[FandolSong-Regular.otf]/OT:language=dflt;"
(fontspec)             - 'small caps'  (m/sc) with NFSS spec.: 
(fontspec)             - 'bold' (b/n) with NFSS spec.:
(fontspec)             <->"[FandolSong-Bold.otf]/OT:language=dflt;"
(fontspec)             - 'bold small caps'  (b/sc) with NFSS spec.: 
(fontspec)             - 'italic' (m/it) with NFSS spec.:
(fontspec)             <->"[FandolKai-Regular.otf]/OT:language=dflt;"
(fontspec)             - 'italic small caps'  (m/scit) with NFSS spec.: 

)) (/usr/local/texlive/2023/texmf-dist/tex/latex/ctex/config/ctex.cfg
File: ctex.cfg 2022/07/14 v2.5.10 Configuration file (CTEX)
)
(./structure.tex
(/usr/local/texlive/2023/texmf-dist/tex/latex/geometry/geometry.sty
Package: geometry 2020/01/02 v5.9 Page Geometry

(/usr/local/texlive/2023/texmf-dist/tex/latex/graphics/keyval.sty
Package: keyval 2022/05/29 v1.15 key=value parser (DPC)
\KV@toks@=\toks16
)
(/usr/local/texlive/2023/texmf-dist/tex/generic/iftex/ifvtex.sty
Package: ifvtex 2019/10/25 v1.7 ifvtex legacy package. Use iftex instead.

(/usr/local/texlive/2023/texmf-dist/tex/generic/iftex/iftex.sty
Package: iftex 2022/02/03 v1.0f TeX engine tests
))
\Gm@cnth=\count289
\Gm@cntv=\count290
\c@Gm@tempcnt=\count291
\Gm@bindingoffset=\dimen175
\Gm@wd@mp=\dimen176
\Gm@odd@mp=\dimen177
\Gm@even@mp=\dimen178
\Gm@layoutwidth=\dimen179
\Gm@layoutheight=\dimen180
\Gm@layouthoffset=\dimen181
\Gm@layoutvoffset=\dimen182
\Gm@dimlist=\toks17
)

Package ctexhook Warning: Package `ctex' can not be loaded with `ctexbook'.

LaTeX Info: Package 'ctex.sty' has been disabled.
            Load request ignored on input line 5.
(/usr/local/texlive/2023/texmf-dist/tex/latex/zhlineskip/zhlineskip.sty
Package: zhlineskip 2019/05/15 v1.0e Line spacing for CJK documents

(/usr/local/texlive/2023/texmf-dist/tex/latex/kvoptions/kvoptions.sty
Package: kvoptions 2022-06-15 v3.15 Key value format for package options (HO)

(/usr/local/texlive/2023/texmf-dist/tex/generic/ltxcmds/ltxcmds.sty
Package: ltxcmds 2020-05-10 v1.25 LaTeX kernel commands for general use (HO)
)
(/usr/local/texlive/2023/texmf-dist/tex/latex/kvsetkeys/kvsetkeys.sty
Package: kvsetkeys 2022-10-05 v1.19 Key value parser (HO)
))
(/usr/local/texlive/2023/texmf-dist/tex/generic/xint/xintexpr.sty
(/usr/local/texlive/2023/texmf-dist/tex/generic/xint/xintfrac.sty
(/usr/local/texlive/2023/texmf-dist/tex/generic/xint/xint.sty
(/usr/local/texlive/2023/texmf-dist/tex/generic/xint/xintcore.sty
(/usr/local/texlive/2023/texmf-dist/tex/generic/xint/xintkernel.sty
Package: xintkernel 2022/06/10 v1.4m Paraphernalia for the xint packages (JFB)
\xint_c_ii^xiv=\count292
\xint_c_ii^xxi=\count293
)
Package: xintcore 2022/06/10 v1.4m Expandable arithmetic on big integers (JFB)
\xint_c_x^viii=\count294
\xint_c_x^ix=\count295
\xint_c_x^viii_mone=\count296
\xint_c_xii_e_viii=\count297
\xint_c_xi_e_viii_mone=\count298
)
Package: xint 2022/06/10 v1.4m Expandable operations on big integers (JFB)
\xint_c_nine_x^viii=\count299
)
Package: xintfrac 2022/06/10 v1.4m Expandable operations on fractions (JFB)
)
(/usr/local/texlive/2023/texmf-dist/tex/generic/xint/xinttools.sty
Package: xinttools 2022/06/10 v1.4m Expandable and non-expandable utilities (JF
B)
\XINT_toks=\toks18
)
Package: xintexpr 2022/06/10 v1.4m Expandable expression parser (JFB)

(/usr/local/texlive/2023/texmf-dist/tex/generic/xint/xinttrig.sty
Package: xinttrig 2022/06/10 v1.4m Trigonometrical functions for xintexpr (JFB)

)
(/usr/local/texlive/2023/texmf-dist/tex/generic/xint/xintlog.sty
Package: xintlog 2022/06/10 v1.4m Logarithms and exponentials for xintexpr (JFB
)

(/usr/local/texlive/2023/texmf-dist/tex/generic/poormanlog/poormanlog.sty
Package: poormanlog 2022/05/25 v0.07 base 10 log and pow with 9 digits (JFB)

(/usr/local/texlive/2023/texmf-dist/tex/generic/poormanlog/poormanlog.tex))))
(/usr/local/texlive/2023/texmf-dist/tex/latex/etoolbox/etoolbox.sty
Package: etoolbox 2020/10/05 v2.5k e-TeX tools for LaTeX (JAW)
\etb@tempcnta=\count300
)
(/usr/local/texlive/2023/texmf-dist/tex/latex/mathtools/mathtools.sty
Package: mathtools 2022/06/29 v1.29 mathematical typesetting tools

(/usr/local/texlive/2023/texmf-dist/tex/latex/tools/calc.sty
Package: calc 2017/05/25 v4.3 Infix arithmetic (KKT,FJ)
\calc@Acount=\count301
\calc@Bcount=\count302
\calc@Adimen=\dimen183
\calc@Bdimen=\dimen184
\calc@Askip=\skip60
\calc@Bskip=\skip61
LaTeX Info: Redefining \setlength on input line 80.
LaTeX Info: Redefining \addtolength on input line 81.
\calc@Ccount=\count303
\calc@Cskip=\skip62
)
(/usr/local/texlive/2023/texmf-dist/tex/latex/mathtools/mhsetup.sty
Package: mhsetup 2021/03/18 v1.4 programming setup (MH)
)
(/usr/local/texlive/2023/texmf-dist/tex/latex/amsmath/amsmath.sty
Package: amsmath 2022/04/08 v2.17n AMS math features
\@mathmargin=\skip63

For additional information on amsmath, use the `?' option.
(/usr/local/texlive/2023/texmf-dist/tex/latex/amsmath/amstext.sty
Package: amstext 2021/08/26 v2.01 AMS text

(/usr/local/texlive/2023/texmf-dist/tex/latex/amsmath/amsgen.sty
File: amsgen.sty 1999/11/30 v2.0 generic functions
\@emptytoks=\toks19
\ex@=\dimen185
))
(/usr/local/texlive/2023/texmf-dist/tex/latex/amsmath/amsbsy.sty
Package: amsbsy 1999/11/29 v1.2d Bold Symbols
\pmbraise@=\dimen186
)
(/usr/local/texlive/2023/texmf-dist/tex/latex/amsmath/amsopn.sty
Package: amsopn 2022/04/08 v2.04 operator names
)
\inf@bad=\count304
LaTeX Info: Redefining \frac on input line 234.
\uproot@=\count305
\leftroot@=\count306
LaTeX Info: Redefining \overline on input line 399.
LaTeX Info: Redefining \colon on input line 410.
\classnum@=\count307
\DOTSCASE@=\count308
LaTeX Info: Redefining \ldots on input line 496.
LaTeX Info: Redefining \dots on input line 499.
LaTeX Info: Redefining \cdots on input line 620.
\Mathstrutbox@=\box55
\strutbox@=\box56
LaTeX Info: Redefining \big on input line 722.
LaTeX Info: Redefining \Big on input line 723.
LaTeX Info: Redefining \bigg on input line 724.
LaTeX Info: Redefining \Bigg on input line 725.
\big@size=\dimen187
LaTeX Font Info:    Redeclaring font encoding OML on input line 743.
LaTeX Font Info:    Redeclaring font encoding OMS on input line 744.
\macc@depth=\count309
LaTeX Info: Redefining \bmod on input line 905.
LaTeX Info: Redefining \pmod on input line 910.
LaTeX Info: Redefining \smash on input line 940.
LaTeX Info: Redefining \relbar on input line 970.
LaTeX Info: Redefining \Relbar on input line 971.
\c@MaxMatrixCols=\count310
\dotsspace@=\muskip17
\c@parentequation=\count311
\dspbrk@lvl=\count312
\tag@help=\toks20
\row@=\count313
\column@=\count314
\maxfields@=\count315
\andhelp@=\toks21
\eqnshift@=\dimen188
\alignsep@=\dimen189
\tagshift@=\dimen190
\tagwidth@=\dimen191
\totwidth@=\dimen192
\lineht@=\dimen193
\@envbody=\toks22
\multlinegap=\skip64
\multlinetaggap=\skip65
\mathdisplay@stack=\toks23
LaTeX Info: Redefining \[ on input line 2953.
LaTeX Info: Redefining \] on input line 2954.
)
\g_MT_multlinerow_int=\count316
\l_MT_multwidth_dim=\dimen194
\origjot=\skip66
\l_MT_shortvdotswithinadjustabove_dim=\dimen195
\l_MT_shortvdotswithinadjustbelow_dim=\dimen196
\l_MT_above_intertext_sep=\dimen197
\l_MT_below_intertext_sep=\dimen198
\l_MT_above_shortintertext_sep=\dimen199
\l_MT_below_shortintertext_sep=\dimen256
\xmathstrut@box=\box57
\xmathstrut@dim=\dimen257
))
(/usr/local/texlive/2023/texmf-dist/tex/latex/amsfonts/amssymb.sty
Package: amssymb 2013/01/14 v3.01 AMS font symbols

(/usr/local/texlive/2023/texmf-dist/tex/latex/amsfonts/amsfonts.sty
Package: amsfonts 2013/01/14 v3.01 Basic AMSFonts support
\symAMSa=\mathgroup4
\symAMSb=\mathgroup5
LaTeX Font Info:    Redeclaring math symbol \hbar on input line 98.
LaTeX Font Info:    Overwriting math alphabet `\mathfrak' in version `bold'
(Font)                  U/euf/m/n --> U/euf/b/n on input line 106.
))
(/usr/local/texlive/2023/texmf-dist/tex/latex/amsmath/amsxtra.sty
Package: amsxtra 1999/11/15 v1.2c AMS extra commands
LaTeX Info: Redefining \nobreakspace on input line 54.
)
(/usr/local/texlive/2023/texmf-dist/tex/latex/graphics/graphicx.sty
Package: graphicx 2021/09/16 v1.2d Enhanced LaTeX Graphics (DPC,SPQR)

(/usr/local/texlive/2023/texmf-dist/tex/latex/graphics/graphics.sty
Package: graphics 2022/03/10 v1.4e Standard LaTeX Graphics (DPC,SPQR)

(/usr/local/texlive/2023/texmf-dist/tex/latex/graphics/trig.sty
Package: trig 2021/08/11 v1.11 sin cos tan (DPC)
)
(/usr/local/texlive/2023/texmf-dist/tex/latex/graphics-cfg/graphics.cfg
File: graphics.cfg 2016/06/04 v1.11 sample graphics configuration
)
Package graphics Info: Driver file: dvipdfmx.def on input line 107.

(/usr/local/texlive/2023/texmf-dist/tex/latex/graphics-def/dvipdfmx.def
File: dvipdfmx.def 2022/09/22 v5.0m Graphics/color driver for dvipdfmx
))
\Gin@req@height=\dimen258
\Gin@req@width=\dimen259
)
(/usr/local/texlive/2023/texmf-dist/tex/latex/pgf/frontendlayer/tikz.sty
(/usr/local/texlive/2023/texmf-dist/tex/latex/pgf/basiclayer/pgf.sty
(/usr/local/texlive/2023/texmf-dist/tex/latex/pgf/utilities/pgfrcs.sty
(/usr/local/texlive/2023/texmf-dist/tex/generic/pgf/utilities/pgfutil-common.te
x
\pgfutil@everybye=\toks24
\pgfutil@tempdima=\dimen260
\pgfutil@tempdimb=\dimen261
)
(/usr/local/texlive/2023/texmf-dist/tex/generic/pgf/utilities/pgfutil-latex.def
\pgfutil@abb=\box58
) (/usr/local/texlive/2023/texmf-dist/tex/generic/pgf/utilities/pgfrcs.code.tex
(/usr/local/texlive/2023/texmf-dist/tex/generic/pgf/pgf.revision.tex)
Package: pgfrcs 2023-01-15 v3.1.10 (3.1.10)
))
Package: pgf 2023-01-15 v3.1.10 (3.1.10)

(/usr/local/texlive/2023/texmf-dist/tex/latex/pgf/basiclayer/pgfcore.sty
(/usr/local/texlive/2023/texmf-dist/tex/latex/pgf/systemlayer/pgfsys.sty
(/usr/local/texlive/2023/texmf-dist/tex/generic/pgf/systemlayer/pgfsys.code.tex
Package: pgfsys 2023-01-15 v3.1.10 (3.1.10)
(/usr/local/texlive/2023/texmf-dist/tex/generic/pgf/utilities/pgfkeys.code.tex
\pgfkeys@pathtoks=\toks25
\pgfkeys@temptoks=\toks26

(/usr/local/texlive/2023/texmf-dist/tex/generic/pgf/utilities/pgfkeyslibraryfil
tered.code.tex
\pgfkeys@tmptoks=\toks27
))
\pgf@x=\dimen262
\pgf@y=\dimen263
\pgf@xa=\dimen264
\pgf@ya=\dimen265
\pgf@xb=\dimen266
\pgf@yb=\dimen267
\pgf@xc=\dimen268
\pgf@yc=\dimen269
\pgf@xd=\dimen270
\pgf@yd=\dimen271
\w@pgf@writea=\write3
\r@pgf@reada=\read2
\c@pgf@counta=\count317
\c@pgf@countb=\count318
\c@pgf@countc=\count319
\c@pgf@countd=\count320
\t@pgf@toka=\toks28
\t@pgf@tokb=\toks29
\t@pgf@tokc=\toks30
\pgf@sys@id@count=\count321

(/usr/local/texlive/2023/texmf-dist/tex/generic/pgf/systemlayer/pgf.cfg
File: pgf.cfg 2023-01-15 v3.1.10 (3.1.10)
)
Driver file for pgf: pgfsys-dvipdfmx.def

(/usr/local/texlive/2023/texmf-dist/tex/generic/pgf/systemlayer/pgfsys-dvipdfmx
.def
File: pgfsys-dvipdfmx.def 2023-01-15 v3.1.10 (3.1.10)

(/usr/local/texlive/2023/texmf-dist/tex/generic/pgf/systemlayer/pgfsys-common-p
df.def
File: pgfsys-common-pdf.def 2023-01-15 v3.1.10 (3.1.10)
)
\pgfsys@objnum=\count322
))
(/usr/local/texlive/2023/texmf-dist/tex/generic/pgf/systemlayer/pgfsyssoftpath.
code.tex
File: pgfsyssoftpath.code.tex 2023-01-15 v3.1.10 (3.1.10)
\pgfsyssoftpath@smallbuffer@items=\count323
\pgfsyssoftpath@bigbuffer@items=\count324
)
(/usr/local/texlive/2023/texmf-dist/tex/generic/pgf/systemlayer/pgfsysprotocol.
code.tex
File: pgfsysprotocol.code.tex 2023-01-15 v3.1.10 (3.1.10)
)) (/usr/local/texlive/2023/texmf-dist/tex/latex/xcolor/xcolor.sty
Package: xcolor 2022/06/12 v2.14 LaTeX color extensions (UK)

(/usr/local/texlive/2023/texmf-dist/tex/latex/graphics-cfg/color.cfg
File: color.cfg 2016/01/02 v1.6 sample color configuration
)
Package xcolor Info: Driver file: xetex.def on input line 227.

(/usr/local/texlive/2023/texmf-dist/tex/latex/graphics-def/xetex.def
File: xetex.def 2022/09/22 v5.0n Graphics/color driver for xetex
)
(/usr/local/texlive/2023/texmf-dist/tex/latex/graphics/mathcolor.ltx)
Package xcolor Info: Model `cmy' substituted by `cmy0' on input line 1353.
Package xcolor Info: Model `RGB' extended on input line 1369.
Package xcolor Info: Model `HTML' substituted by `rgb' on input line 1371.
Package xcolor Info: Model `Hsb' substituted by `hsb' on input line 1372.
Package xcolor Info: Model `tHsb' substituted by `hsb' on input line 1373.
Package xcolor Info: Model `HSB' substituted by `hsb' on input line 1374.
Package xcolor Info: Model `Gray' substituted by `gray' on input line 1375.
Package xcolor Info: Model `wave' substituted by `hsb' on input line 1376.
)
(/usr/local/texlive/2023/texmf-dist/tex/generic/pgf/basiclayer/pgfcore.code.tex
Package: pgfcore 2023-01-15 v3.1.10 (3.1.10)
(/usr/local/texlive/2023/texmf-dist/tex/generic/pgf/math/pgfmath.code.tex
(/usr/local/texlive/2023/texmf-dist/tex/generic/pgf/math/pgfmathutil.code.tex)
(/usr/local/texlive/2023/texmf-dist/tex/generic/pgf/math/pgfmathparser.code.tex
\pgfmath@dimen=\dimen272
\pgfmath@count=\count325
\pgfmath@box=\box59
\pgfmath@toks=\toks31
\pgfmath@stack@operand=\toks32
\pgfmath@stack@operation=\toks33
)
(/usr/local/texlive/2023/texmf-dist/tex/generic/pgf/math/pgfmathfunctions.code.
tex)
(/usr/local/texlive/2023/texmf-dist/tex/generic/pgf/math/pgfmathfunctions.basic
.code.tex)
(/usr/local/texlive/2023/texmf-dist/tex/generic/pgf/math/pgfmathfunctions.trigo
nometric.code.tex)
(/usr/local/texlive/2023/texmf-dist/tex/generic/pgf/math/pgfmathfunctions.rando
m.code.tex)
(/usr/local/texlive/2023/texmf-dist/tex/generic/pgf/math/pgfmathfunctions.compa
rison.code.tex)
(/usr/local/texlive/2023/texmf-dist/tex/generic/pgf/math/pgfmathfunctions.base.
code.tex)
(/usr/local/texlive/2023/texmf-dist/tex/generic/pgf/math/pgfmathfunctions.round
.code.tex)
(/usr/local/texlive/2023/texmf-dist/tex/generic/pgf/math/pgfmathfunctions.misc.
code.tex)
(/usr/local/texlive/2023/texmf-dist/tex/generic/pgf/math/pgfmathfunctions.integ
erarithmetics.code.tex)
(/usr/local/texlive/2023/texmf-dist/tex/generic/pgf/math/pgfmathcalc.code.tex)
(/usr/local/texlive/2023/texmf-dist/tex/generic/pgf/math/pgfmathfloat.code.tex
\c@pgfmathroundto@lastzeros=\count326
)) (/usr/local/texlive/2023/texmf-dist/tex/generic/pgf/math/pgfint.code.tex)
(/usr/local/texlive/2023/texmf-dist/tex/generic/pgf/basiclayer/pgfcorepoints.co
de.tex
File: pgfcorepoints.code.tex 2023-01-15 v3.1.10 (3.1.10)
\pgf@picminx=\dimen273
\pgf@picmaxx=\dimen274
\pgf@picminy=\dimen275
\pgf@picmaxy=\dimen276
\pgf@pathminx=\dimen277
\pgf@pathmaxx=\dimen278
\pgf@pathminy=\dimen279
\pgf@pathmaxy=\dimen280
\pgf@xx=\dimen281
\pgf@xy=\dimen282
\pgf@yx=\dimen283
\pgf@yy=\dimen284
\pgf@zx=\dimen285
\pgf@zy=\dimen286
)
(/usr/local/texlive/2023/texmf-dist/tex/generic/pgf/basiclayer/pgfcorepathconst
ruct.code.tex
File: pgfcorepathconstruct.code.tex 2023-01-15 v3.1.10 (3.1.10)
\pgf@path@lastx=\dimen287
\pgf@path@lasty=\dimen288
)
(/usr/local/texlive/2023/texmf-dist/tex/generic/pgf/basiclayer/pgfcorepathusage
.code.tex
File: pgfcorepathusage.code.tex 2023-01-15 v3.1.10 (3.1.10)
\pgf@shorten@end@additional=\dimen289
\pgf@shorten@start@additional=\dimen290
)
(/usr/local/texlive/2023/texmf-dist/tex/generic/pgf/basiclayer/pgfcorescopes.co
de.tex
File: pgfcorescopes.code.tex 2023-01-15 v3.1.10 (3.1.10)
\pgfpic=\box60
\pgf@hbox=\box61
\pgf@layerbox@main=\box62
\pgf@picture@serial@count=\count327
)
(/usr/local/texlive/2023/texmf-dist/tex/generic/pgf/basiclayer/pgfcoregraphicst
ate.code.tex
File: pgfcoregraphicstate.code.tex 2023-01-15 v3.1.10 (3.1.10)
\pgflinewidth=\dimen291
)
(/usr/local/texlive/2023/texmf-dist/tex/generic/pgf/basiclayer/pgfcoretransform
ations.code.tex
File: pgfcoretransformations.code.tex 2023-01-15 v3.1.10 (3.1.10)
\pgf@pt@x=\dimen292
\pgf@pt@y=\dimen293
\pgf@pt@temp=\dimen294
)
(/usr/local/texlive/2023/texmf-dist/tex/generic/pgf/basiclayer/pgfcorequick.cod
e.tex
File: pgfcorequick.code.tex 2023-01-15 v3.1.10 (3.1.10)
)
(/usr/local/texlive/2023/texmf-dist/tex/generic/pgf/basiclayer/pgfcoreobjects.c
ode.tex
File: pgfcoreobjects.code.tex 2023-01-15 v3.1.10 (3.1.10)
)
(/usr/local/texlive/2023/texmf-dist/tex/generic/pgf/basiclayer/pgfcorepathproce
ssing.code.tex
File: pgfcorepathprocessing.code.tex 2023-01-15 v3.1.10 (3.1.10)
)
(/usr/local/texlive/2023/texmf-dist/tex/generic/pgf/basiclayer/pgfcorearrows.co
de.tex
File: pgfcorearrows.code.tex 2023-01-15 v3.1.10 (3.1.10)
\pgfarrowsep=\dimen295
)
(/usr/local/texlive/2023/texmf-dist/tex/generic/pgf/basiclayer/pgfcoreshade.cod
e.tex
File: pgfcoreshade.code.tex 2023-01-15 v3.1.10 (3.1.10)
\pgf@max=\dimen296
\pgf@sys@shading@range@num=\count328
\pgf@shadingcount=\count329
)
(/usr/local/texlive/2023/texmf-dist/tex/generic/pgf/basiclayer/pgfcoreimage.cod
e.tex
File: pgfcoreimage.code.tex 2023-01-15 v3.1.10 (3.1.10)
)
(/usr/local/texlive/2023/texmf-dist/tex/generic/pgf/basiclayer/pgfcoreexternal.
code.tex
File: pgfcoreexternal.code.tex 2023-01-15 v3.1.10 (3.1.10)
\pgfexternal@startupbox=\box63
)
(/usr/local/texlive/2023/texmf-dist/tex/generic/pgf/basiclayer/pgfcorelayers.co
de.tex
File: pgfcorelayers.code.tex 2023-01-15 v3.1.10 (3.1.10)
)
(/usr/local/texlive/2023/texmf-dist/tex/generic/pgf/basiclayer/pgfcoretranspare
ncy.code.tex
File: pgfcoretransparency.code.tex 2023-01-15 v3.1.10 (3.1.10)
)
(/usr/local/texlive/2023/texmf-dist/tex/generic/pgf/basiclayer/pgfcorepatterns.
code.tex
File: pgfcorepatterns.code.tex 2023-01-15 v3.1.10 (3.1.10)
)
(/usr/local/texlive/2023/texmf-dist/tex/generic/pgf/basiclayer/pgfcorerdf.code.
tex
File: pgfcorerdf.code.tex 2023-01-15 v3.1.10 (3.1.10)
)))
(/usr/local/texlive/2023/texmf-dist/tex/generic/pgf/modules/pgfmoduleshapes.cod
e.tex
File: pgfmoduleshapes.code.tex 2023-01-15 v3.1.10 (3.1.10)
\pgfnodeparttextbox=\box64
)
(/usr/local/texlive/2023/texmf-dist/tex/generic/pgf/modules/pgfmoduleplot.code.
tex
File: pgfmoduleplot.code.tex 2023-01-15 v3.1.10 (3.1.10)
)
(/usr/local/texlive/2023/texmf-dist/tex/latex/pgf/compatibility/pgfcomp-version
-0-65.sty
Package: pgfcomp-version-0-65 2023-01-15 v3.1.10 (3.1.10)
\pgf@nodesepstart=\dimen297
\pgf@nodesepend=\dimen298
)
(/usr/local/texlive/2023/texmf-dist/tex/latex/pgf/compatibility/pgfcomp-version
-1-18.sty
Package: pgfcomp-version-1-18 2023-01-15 v3.1.10 (3.1.10)
))
(/usr/local/texlive/2023/texmf-dist/tex/latex/pgf/utilities/pgffor.sty
(/usr/local/texlive/2023/texmf-dist/tex/latex/pgf/utilities/pgfkeys.sty
(/usr/local/texlive/2023/texmf-dist/tex/generic/pgf/utilities/pgfkeys.code.tex)
) (/usr/local/texlive/2023/texmf-dist/tex/latex/pgf/math/pgfmath.sty
(/usr/local/texlive/2023/texmf-dist/tex/generic/pgf/math/pgfmath.code.tex))
(/usr/local/texlive/2023/texmf-dist/tex/generic/pgf/utilities/pgffor.code.tex
Package: pgffor 2023-01-15 v3.1.10 (3.1.10)
\pgffor@iter=\dimen299
\pgffor@skip=\dimen300
\pgffor@stack=\toks34
\pgffor@toks=\toks35
))
(/usr/local/texlive/2023/texmf-dist/tex/generic/pgf/frontendlayer/tikz/tikz.cod
e.tex
Package: tikz 2023-01-15 v3.1.10 (3.1.10)

(/usr/local/texlive/2023/texmf-dist/tex/generic/pgf/libraries/pgflibraryplothan
dlers.code.tex
File: pgflibraryplothandlers.code.tex 2023-01-15 v3.1.10 (3.1.10)
\pgf@plot@mark@count=\count330
\pgfplotmarksize=\dimen301
)
\tikz@lastx=\dimen302
\tikz@lasty=\dimen303
\tikz@lastxsaved=\dimen304
\tikz@lastysaved=\dimen305
\tikz@lastmovetox=\dimen306
\tikz@lastmovetoy=\dimen307
\tikzleveldistance=\dimen308
\tikzsiblingdistance=\dimen309
\tikz@figbox=\box65
\tikz@figbox@bg=\box66
\tikz@tempbox=\box67
\tikz@tempbox@bg=\box68
\tikztreelevel=\count331
\tikznumberofchildren=\count332
\tikznumberofcurrentchild=\count333
\tikz@fig@count=\count334

(/usr/local/texlive/2023/texmf-dist/tex/generic/pgf/modules/pgfmodulematrix.cod
e.tex
File: pgfmodulematrix.code.tex 2023-01-15 v3.1.10 (3.1.10)
\pgfmatrixcurrentrow=\count335
\pgfmatrixcurrentcolumn=\count336
\pgf@matrix@numberofcolumns=\count337
)
\tikz@expandcount=\count338

(/usr/local/texlive/2023/texmf-dist/tex/generic/pgf/frontendlayer/tikz/librarie
s/tikzlibrarytopaths.code.tex
File: tikzlibrarytopaths.code.tex 2023-01-15 v3.1.10 (3.1.10)
)))
(/usr/local/texlive/2023/texmf-dist/tex/latex/units/units.sty
Package: units 1998/08/04 v0.9b Typesetting units

(/usr/local/texlive/2023/texmf-dist/tex/latex/base/ifthen.sty
Package: ifthen 2022/04/13 v1.1d Standard LaTeX ifthen package (DPC)
)
(/usr/local/texlive/2023/texmf-dist/tex/latex/units/nicefrac.sty
Package: nicefrac 1998/08/04 v0.9b Nice fractions
\L@UnitsRaiseDisplaystyle=\skip67
\L@UnitsRaiseTextstyle=\skip68
\L@UnitsRaiseScriptstyle=\skip69
))
(/usr/local/texlive/2023/texmf-dist/tex/generic/pgf/frontendlayer/tikz/librarie
s/tikzlibrarybackgrounds.code.tex
File: tikzlibrarybackgrounds.code.tex 2023-01-15 v3.1.10 (3.1.10)
\pgf@layerbox@background=\box69
\pgf@layerboxsaved@background=\box70
)
(/usr/local/texlive/2023/texmf-dist/tex/latex/tikz-relay/tikzlibrarycircuits.ee
.IEC.relay.code.tex
(/usr/local/texlive/2023/texmf-dist/tex/generic/pgf/frontendlayer/tikz/librarie
s/circuits/tikzlibrarycircuits.ee.IEC.code.tex
(/usr/local/texlive/2023/texmf-dist/tex/generic/pgf/frontendlayer/tikz/librarie
s/tikzlibraryarrows.code.tex
File: tikzlibraryarrows.code.tex 2023-01-15 v3.1.10 (3.1.10)

(/usr/local/texlive/2023/texmf-dist/tex/generic/pgf/libraries/pgflibraryarrows.
code.tex
File: pgflibraryarrows.code.tex 2023-01-15 v3.1.10 (3.1.10)
\arrowsize=\dimen310
))
(/usr/local/texlive/2023/texmf-dist/tex/generic/pgf/frontendlayer/tikz/librarie
s/circuits/tikzlibrarycircuits.ee.code.tex
(/usr/local/texlive/2023/texmf-dist/tex/generic/pgf/frontendlayer/tikz/librarie
s/circuits/tikzlibrarycircuits.code.tex
(/usr/local/texlive/2023/texmf-dist/tex/generic/pgf/frontendlayer/tikz/librarie
s/tikzlibrarycalc.code.tex
File: tikzlibrarycalc.code.tex 2023-01-15 v3.1.10 (3.1.10)
)
(/usr/local/texlive/2023/texmf-dist/tex/generic/pgf/frontendlayer/tikz/librarie
s/tikzlibrarydecorations.markings.code.tex
(/usr/local/texlive/2023/texmf-dist/tex/generic/pgf/frontendlayer/tikz/librarie
s/tikzlibrarydecorations.code.tex
(/usr/local/texlive/2023/texmf-dist/tex/generic/pgf/modules/pgfmoduledecoration
s.code.tex
\pgfdecoratedcompleteddistance=\dimen311
\pgfdecoratedremainingdistance=\dimen312
\pgfdecoratedinputsegmentcompleteddistance=\dimen313
\pgfdecoratedinputsegmentremainingdistance=\dimen314
\pgf@decorate@distancetomove=\dimen315
\pgf@decorate@repeatstate=\count339
\pgfdecorationsegmentamplitude=\dimen316
\pgfdecorationsegmentlength=\dimen317
)
\tikz@lib@dec@box=\box71
)
(/usr/local/texlive/2023/texmf-dist/tex/generic/pgf/libraries/decorations/pgfli
brarydecorations.markings.code.tex))
\tikz@lib@circ@count=\count340
\tikzcircuitssizeunit=\dimen318
)
(/usr/local/texlive/2023/texmf-dist/tex/generic/pgf/libraries/shapes/circuits/p
gflibraryshapes.gates.ee.code.tex))
(/usr/local/texlive/2023/texmf-dist/tex/generic/pgf/libraries/shapes/circuits/p
gflibraryshapes.gates.ee.IEC.code.tex))
(/usr/local/texlive/2023/texmf-dist/tex/generic/pgf/libraries/shapes/pgflibrary
shapes.geometric.code.tex
File: pgflibraryshapes.geometric.code.tex 2023-01-15 v3.1.10 (3.1.10)
))
(/usr/local/texlive/2023/texmf-dist/tex/latex/titlesec/titlesec.sty
Package: titlesec 2021/07/05 v2.14 Sectioning titles
\ttl@box=\box72
\beforetitleunit=\skip70
\aftertitleunit=\skip71
\ttl@plus=\dimen319
\ttl@minus=\dimen320
\ttl@toksa=\toks36
\titlewidth=\dimen321
\titlewidthlast=\dimen322
\titlewidthfirst=\dimen323
)
(/usr/local/texlive/2023/texmf-dist/tex/latex/titlesec/titletoc.sty
Package: titletoc 2021/07/05 v2.14 TOC entries
\ttl@leftsep=\dimen324
)
(/usr/local/texlive/2023/texmf-dist/tex/latex/graphbox/graphbox.sty
Package: graphbox 2018/01/17 v1.1 extension for graphicx to adjust containing b
ox
\Gin@box@box=\box73
\Gin@box@width=\skip72
\Gin@box@height=\skip73
\Gin@box@raise=\skip74
\Gin@box@hspace=\skip75
\Gin@box@bwidth=\skip76
\Gin@box@bheight=\skip77
)
(/usr/local/texlive/2023/texmf-dist/tex/latex/psnfss/pifont.sty
Package: pifont 2020/03/25 PSNFSS-v9.3 Pi font support (SPQR) 
LaTeX Font Info:    Trying to load font information for U+pzd on input line 63.


(/usr/local/texlive/2023/texmf-dist/tex/latex/psnfss/upzd.fd
File: upzd.fd 2001/06/04 font definitions for U/pzd.
)
LaTeX Font Info:    Trying to load font information for U+psy on input line 64.


(/usr/local/texlive/2023/texmf-dist/tex/latex/psnfss/upsy.fd
File: upsy.fd 2001/06/04 font definitions for U/psy.
))
(/usr/local/texlive/2023/texmf-dist/tex/latex/enumitem/enumitem.sty
Package: enumitem 2019/06/20 v3.9 Customized lists
\labelindent=\skip78
\enit@outerparindent=\dimen325
\enit@toks=\toks37
\enit@inbox=\box74
\enit@count@id=\count341
\enitdp@description=\count342
)
(/usr/local/texlive/2023/texmf-dist/tex/latex/lastpage/lastpage.sty
Package: lastpage 2023/03/07 v2.0a lastpage: 2.09 or 2e? (HMM)

(/usr/local/texlive/2023/texmf-dist/tex/latex/lastpage/lastpage2e.sty
Package: lastpage2e 2023/03/07 v2.0a Decide which 2e lastpage version to use (H
MM)

(/usr/local/texlive/2023/texmf-dist/tex/latex/lastpage/lastpagemodern.sty
Package: lastpagemodern 2023-03-07 v2.0a Refers to last page's name (HMM; JPG)
) 
)) (/usr/local/texlive/2023/texmf-dist/tex/latex/fancyhdr/fancyhdr.sty
Package: fancyhdr 2022/11/09 v4.1 Extensive control of page headers and footers

\f@nch@headwidth=\skip79
\f@nch@O@elh=\skip80
\f@nch@O@erh=\skip81
\f@nch@O@olh=\skip82
\f@nch@O@orh=\skip83
\f@nch@O@elf=\skip84
\f@nch@O@erf=\skip85
\f@nch@O@olf=\skip86
\f@nch@O@orf=\skip87
)
(/usr/local/texlive/2023/texmf-dist/tex/latex/eso-pic/eso-pic.sty
Package: eso-pic 2020/10/14 v3.0a eso-pic (RN)
\ESO@tempdima=\dimen326
\ESO@tempdimb=\dimen327
)
(/usr/local/texlive/2023/texmf-dist/tex/generic/hlist/hlist.sty
(/usr/local/texlive/2023/texmf-dist/tex/generic/hlist/hlist.tex
Invalid UTF-8 byte or sequence at line 2 replaced by U+FFFD.
Invalid UTF-8 byte or sequence at line 36 replaced by U+FFFD.
Invalid UTF-8 byte or sequence at line 38 replaced by U+FFFD.

(/usr/local/texlive/2023/texmf-dist/tex/generic/simplekv/simplekv.tex
Package: simplekv 2022/10/01 v0.2a Simple keyval package (CT)
)
Invalid UTF-8 byte or sequence at line 51 replaced by U+FFFD.
Invalid UTF-8 byte or sequence at line 53 replaced by U+FFFD.
Invalid UTF-8 byte or sequence at line 53 replaced by U+FFFD.
Invalid UTF-8 byte or sequence at line 53 replaced by U+FFFD.
Invalid UTF-8 byte or sequence at line 53 replaced by U+FFFD.
Invalid UTF-8 byte or sequence at line 57 replaced by U+FFFD.
Invalid UTF-8 byte or sequence at line 57 replaced by U+FFFD.
Invalid UTF-8 byte or sequence at line 57 replaced by U+FFFD.
Invalid UTF-8 byte or sequence at line 57 replaced by U+FFFD.
Invalid UTF-8 byte or sequence at line 58 replaced by U+FFFD.
Invalid UTF-8 byte or sequence at line 58 replaced by U+FFFD.
Invalid UTF-8 byte or sequence at line 61 replaced by U+FFFD.
Invalid UTF-8 byte or sequence at line 67 replaced by U+FFFD.
Invalid UTF-8 byte or sequence at line 67 replaced by U+FFFD.
Invalid UTF-8 byte or sequence at line 67 replaced by U+FFFD.
Invalid UTF-8 byte or sequence at line 68 replaced by U+FFFD.
Invalid UTF-8 byte or sequence at line 68 replaced by U+FFFD.
Invalid UTF-8 byte or sequence at line 73 replaced by U+FFFD.
Invalid UTF-8 byte or sequence at line 74 replaced by U+FFFD.
Invalid UTF-8 byte or sequence at line 74 replaced by U+FFFD.
Invalid UTF-8 byte or sequence at line 82 replaced by U+FFFD.
Invalid UTF-8 byte or sequence at line 82 replaced by U+FFFD.
Invalid UTF-8 byte or sequence at line 89 replaced by U+FFFD.
Invalid UTF-8 byte or sequence at line 104 replaced by U+FFFD.
Invalid UTF-8 byte or sequence at line 105 replaced by U+FFFD.
Invalid UTF-8 byte or sequence at line 105 replaced by U+FFFD.
Invalid UTF-8 byte or sequence at line 105 replaced by U+FFFD.
Invalid UTF-8 byte or sequence at line 106 replaced by U+FFFD.
\hlst_nest=\count343
\hlst_colcnt=\count344
\hlst_itemboxwidth=\dimen328
\hlst_colsep=\dimen329
\hlst_textwidth=\dimen330
Invalid UTF-8 byte or sequence at line 122 replaced by U+FFFD.
\hlst_maxdepth=\dimen331
Invalid UTF-8 byte or sequence at line 125 replaced by U+FFFD.
Invalid UTF-8 byte or sequence at line 125 replaced by U+FFFD.
\hlst_maxprevdepth=\dimen332
\hlst_currenthbox=\box75
\hlst_labelbox=\box76
\hlst_textbox=\box77
Invalid UTF-8 byte or sequence at line 137 replaced by U+FFFD.
Invalid UTF-8 byte or sequence at line 137 replaced by U+FFFD.
Invalid UTF-8 byte or sequence at line 137 replaced by U+FFFD.
Invalid UTF-8 byte or sequence at line 137 replaced by U+FFFD.
Invalid UTF-8 byte or sequence at line 138 replaced by U+FFFD.
Invalid UTF-8 byte or sequence at line 138 replaced by U+FFFD.
Invalid UTF-8 byte or sequence at line 138 replaced by U+FFFD.
Invalid UTF-8 byte or sequence at line 138 replaced by U+FFFD.
\hlst_debugdim=\dimen333
Invalid UTF-8 byte or sequence at line 143 replaced by U+FFFD.
Invalid UTF-8 byte or sequence at line 143 replaced by U+FFFD.
Invalid UTF-8 byte or sequence at line 143 replaced by U+FFFD.
Invalid UTF-8 byte or sequence at line 144 replaced by U+FFFD.
Invalid UTF-8 byte or sequence at line 147 replaced by U+FFFD.
Invalid UTF-8 byte or sequence at line 147 replaced by U+FFFD.
Invalid UTF-8 byte or sequence at line 147 replaced by U+FFFD.
Invalid UTF-8 byte or sequence at line 147 replaced by U+FFFD.
Invalid UTF-8 byte or sequence at line 148 replaced by U+FFFD.
Invalid UTF-8 byte or sequence at line 148 replaced by U+FFFD.
Invalid UTF-8 byte or sequence at line 151 replaced by U+FFFD.
Invalid UTF-8 byte or sequence at line 151 replaced by U+FFFD.
Invalid UTF-8 byte or sequence at line 152 replaced by U+FFFD.
Invalid UTF-8 byte or sequence at line 152 replaced by U+FFFD.
Invalid UTF-8 byte or sequence at line 152 replaced by U+FFFD.
Invalid UTF-8 byte or sequence at line 154 replaced by U+FFFD.
Invalid UTF-8 byte or sequence at line 154 replaced by U+FFFD.
Invalid UTF-8 byte or sequence at line 154 replaced by U+FFFD.
Invalid UTF-8 byte or sequence at line 160 replaced by U+FFFD.
Invalid UTF-8 byte or sequence at line 163 replaced by U+FFFD.
Invalid UTF-8 byte or sequence at line 163 replaced by U+FFFD.
Invalid UTF-8 byte or sequence at line 163 replaced by U+FFFD.
Invalid UTF-8 byte or sequence at line 164 replaced by U+FFFD.
Invalid UTF-8 byte or sequence at line 166 replaced by U+FFFD.
Invalid UTF-8 byte or sequence at line 166 replaced by U+FFFD.
Invalid UTF-8 byte or sequence at line 169 replaced by U+FFFD.
Invalid UTF-8 byte or sequence at line 169 replaced by U+FFFD.
Invalid UTF-8 byte or sequence at line 170 replaced by U+FFFD.
Invalid UTF-8 byte or sequence at line 180 replaced by U+FFFD.
Invalid UTF-8 byte or sequence at line 182 replaced by U+FFFD.
Invalid UTF-8 byte or sequence at line 184 replaced by U+FFFD.
Invalid UTF-8 byte or sequence at line 186 replaced by U+FFFD.
Invalid UTF-8 byte or sequence at line 189 replaced by U+FFFD.
Invalid UTF-8 byte or sequence at line 189 replaced by U+FFFD.
Invalid UTF-8 byte or sequence at line 195 replaced by U+FFFD.
Invalid UTF-8 byte or sequence at line 205 replaced by U+FFFD.
Invalid UTF-8 byte or sequence at line 209 replaced by U+FFFD.
Invalid UTF-8 byte or sequence at line 209 replaced by U+FFFD.
Invalid UTF-8 byte or sequence at line 218 replaced by U+FFFD.
Invalid UTF-8 byte or sequence at line 222 replaced by U+FFFD.
Invalid UTF-8 byte or sequence at line 230 replaced by U+FFFD.
Invalid UTF-8 byte or sequence at line 231 replaced by U+FFFD.
Invalid UTF-8 byte or sequence at line 231 replaced by U+FFFD.
Invalid UTF-8 byte or sequence at line 231 replaced by U+FFFD.
Invalid UTF-8 byte or sequence at line 233 replaced by U+FFFD.
Invalid UTF-8 byte or sequence at line 236 replaced by U+FFFD.
Invalid UTF-8 byte or sequence at line 241 replaced by U+FFFD.
Invalid UTF-8 byte or sequence at line 249 replaced by U+FFFD.
Invalid UTF-8 byte or sequence at line 251 replaced by U+FFFD.
Invalid UTF-8 byte or sequence at line 253 replaced by U+FFFD.
Invalid UTF-8 byte or sequence at line 262 replaced by U+FFFD.
Invalid UTF-8 byte or sequence at line 263 replaced by U+FFFD.
Invalid UTF-8 byte or sequence at line 265 replaced by U+FFFD.
Invalid UTF-8 byte or sequence at line 265 replaced by U+FFFD.
Invalid UTF-8 byte or sequence at line 268 replaced by U+FFFD.
Invalid UTF-8 byte or sequence at line 275 replaced by U+FFFD.
Invalid UTF-8 byte or sequence at line 275 replaced by U+FFFD.
Invalid UTF-8 byte or sequence at line 277 replaced by U+FFFD.
Invalid UTF-8 byte or sequence at line 277 replaced by U+FFFD.
Invalid UTF-8 byte or sequence at line 284 replaced by U+FFFD.
Invalid UTF-8 byte or sequence at line 284 replaced by U+FFFD.
Invalid UTF-8 byte or sequence at line 285 replaced by U+FFFD.
Invalid UTF-8 byte or sequence at line 285 replaced by U+FFFD.
Invalid UTF-8 byte or sequence at line 288 replaced by U+FFFD.
Invalid UTF-8 byte or sequence at line 288 replaced by U+FFFD.
Invalid UTF-8 byte or sequence at line 305 replaced by U+FFFD.
Invalid UTF-8 byte or sequence at line 306 replaced by U+FFFD.
Invalid UTF-8 byte or sequence at line 306 replaced by U+FFFD.
Invalid UTF-8 byte or sequence at line 306 replaced by U+FFFD.
Invalid UTF-8 byte or sequence at line 308 replaced by U+FFFD.
Invalid UTF-8 byte or sequence at line 316 replaced by U+FFFD.
Invalid UTF-8 byte or sequence at line 317 replaced by U+FFFD.
Invalid UTF-8 byte or sequence at line 318 replaced by U+FFFD.
Invalid UTF-8 byte or sequence at line 320 replaced by U+FFFD.
Invalid UTF-8 byte or sequence at line 322 replaced by U+FFFD.
Invalid UTF-8 byte or sequence at line 322 replaced by U+FFFD.
Invalid UTF-8 byte or sequence at line 329 replaced by U+FFFD.
Invalid UTF-8 byte or sequence at line 329 replaced by U+FFFD.
Invalid UTF-8 byte or sequence at line 334 replaced by U+FFFD.
Invalid UTF-8 byte or sequence at line 334 replaced by U+FFFD.
Invalid UTF-8 byte or sequence at line 334 replaced by U+FFFD.
Invalid UTF-8 byte or sequence at line 337 replaced by U+FFFD.
Invalid UTF-8 byte or sequence at line 337 replaced by U+FFFD.
Invalid UTF-8 byte or sequence at line 337 replaced by U+FFFD.
Invalid UTF-8 byte or sequence at line 340 replaced by U+FFFD.
Invalid UTF-8 byte or sequence at line 341 replaced by U+FFFD.
Invalid UTF-8 byte or sequence at line 344 replaced by U+FFFD.
Invalid UTF-8 byte or sequence at line 345 replaced by U+FFFD.
Invalid UTF-8 byte or sequence at line 346 replaced by U+FFFD.
Invalid UTF-8 byte or sequence at line 346 replaced by U+FFFD.
Invalid UTF-8 byte or sequence at line 346 replaced by U+FFFD.
Invalid UTF-8 byte or sequence at line 355 replaced by U+FFFD.
Invalid UTF-8 byte or sequence at line 356 replaced by U+FFFD.
Invalid UTF-8 byte or sequence at line 357 replaced by U+FFFD.
Invalid UTF-8 byte or sequence at line 362 replaced by U+FFFD.
Invalid UTF-8 byte or sequence at line 373 replaced by U+FFFD.
Invalid UTF-8 byte or sequence at line 373 replaced by U+FFFD.
Invalid UTF-8 byte or sequence at line 373 replaced by U+FFFD.
Invalid UTF-8 byte or sequence at line 375 replaced by U+FFFD.
Invalid UTF-8 byte or sequence at line 375 replaced by U+FFFD.
Invalid UTF-8 byte or sequence at line 375 replaced by U+FFFD.
Invalid UTF-8 byte or sequence at line 375 replaced by U+FFFD.
Invalid UTF-8 byte or sequence at line 377 replaced by U+FFFD.
Invalid UTF-8 byte or sequence at line 386 replaced by U+FFFD.
Invalid UTF-8 byte or sequence at line 390 replaced by U+FFFD.
Invalid UTF-8 byte or sequence at line 396 replaced by U+FFFD.
Invalid UTF-8 byte or sequence at line 396 replaced by U+FFFD.
Invalid UTF-8 byte or sequence at line 403 replaced by U+FFFD.
Invalid UTF-8 byte or sequence at line 403 replaced by U+FFFD.
Invalid UTF-8 byte or sequence at line 405 replaced by U+FFFD.
Invalid UTF-8 byte or sequence at line 417 replaced by U+FFFD.
Invalid UTF-8 byte or sequence at line 424 replaced by U+FFFD.
Invalid UTF-8 byte or sequence at line 433 replaced by U+FFFD.
Invalid UTF-8 byte or sequence at line 435 replaced by U+FFFD.
Invalid UTF-8 byte or sequence at line 438 replaced by U+FFFD.
Invalid UTF-8 byte or sequence at line 438 replaced by U+FFFD.
Invalid UTF-8 byte or sequence at line 443 replaced by U+FFFD.
Invalid UTF-8 byte or sequence at line 443 replaced by U+FFFD.
Invalid UTF-8 byte or sequence at line 445 replaced by U+FFFD.
Invalid UTF-8 byte or sequence at line 448 replaced by U+FFFD.
Invalid UTF-8 byte or sequence at line 451 replaced by U+FFFD.
Invalid UTF-8 byte or sequence at line 455 replaced by U+FFFD.
Invalid UTF-8 byte or sequence at line 456 replaced by U+FFFD.
Invalid UTF-8 byte or sequence at line 459 replaced by U+FFFD.
Invalid UTF-8 byte or sequence at line 459 replaced by U+FFFD.
Invalid UTF-8 byte or sequence at line 465 replaced by U+FFFD.
Invalid UTF-8 byte or sequence at line 465 replaced by U+FFFD.
Invalid UTF-8 byte or sequence at line 465 replaced by U+FFFD.
Invalid UTF-8 byte or sequence at line 465 replaced by U+FFFD.
Invalid UTF-8 byte or sequence at line 472 replaced by U+FFFD.
Invalid UTF-8 byte or sequence at line 472 replaced by U+FFFD.
Invalid UTF-8 byte or sequence at line 477 replaced by U+FFFD.
Invalid UTF-8 byte or sequence at line 477 replaced by U+FFFD.
Invalid UTF-8 byte or sequence at line 482 replaced by U+FFFD.
Invalid UTF-8 byte or sequence at line 490 replaced by U+FFFD.
Invalid UTF-8 byte or sequence at line 491 replaced by U+FFFD.
Invalid UTF-8 byte or sequence at line 499 replaced by U+FFFD.
Invalid UTF-8 byte or sequence at line 501 replaced by U+FFFD.
Invalid UTF-8 byte or sequence at line 501 replaced by U+FFFD.
Invalid UTF-8 byte or sequence at line 506 replaced by U+FFFD.
Invalid UTF-8 byte or sequence at line 506 replaced by U+FFFD.
Invalid UTF-8 byte or sequence at line 506 replaced by U+FFFD.
Invalid UTF-8 byte or sequence at line 506 replaced by U+FFFD.
Invalid UTF-8 byte or sequence at line 506 replaced by U+FFFD.
Invalid UTF-8 byte or sequence at line 507 replaced by U+FFFD.
Invalid UTF-8 byte or sequence at line 511 replaced by U+FFFD.
Invalid UTF-8 byte or sequence at line 511 replaced by U+FFFD.
Invalid UTF-8 byte or sequence at line 511 replaced by U+FFFD.
Invalid UTF-8 byte or sequence at line 519 replaced by U+FFFD.
Invalid UTF-8 byte or sequence at line 521 replaced by U+FFFD.
Invalid UTF-8 byte or sequence at line 521 replaced by U+FFFD.
Invalid UTF-8 byte or sequence at line 523 replaced by U+FFFD.
Invalid UTF-8 byte or sequence at line 525 replaced by U+FFFD.
Invalid UTF-8 byte or sequence at line 525 replaced by U+FFFD.
Invalid UTF-8 byte or sequence at line 527 replaced by U+FFFD.
Invalid UTF-8 byte or sequence at line 536 replaced by U+FFFD.
Invalid UTF-8 byte or sequence at line 536 replaced by U+FFFD.
Invalid UTF-8 byte or sequence at line 536 replaced by U+FFFD.
Invalid UTF-8 byte or sequence at line 536 replaced by U+FFFD.
Invalid UTF-8 byte or sequence at line 536 replaced by U+FFFD.
Invalid UTF-8 byte or sequence at line 537 replaced by U+FFFD.
Invalid UTF-8 byte or sequence at line 541 replaced by U+FFFD.
Invalid UTF-8 byte or sequence at line 542 replaced by U+FFFD.
Invalid UTF-8 byte or sequence at line 542 replaced by U+FFFD.
Invalid UTF-8 byte or sequence at line 544 replaced by U+FFFD.
Invalid UTF-8 byte or sequence at line 545 replaced by U+FFFD.
Invalid UTF-8 byte or sequence at line 551 replaced by U+FFFD.
Invalid UTF-8 byte or sequence at line 559 replaced by U+FFFD.
Invalid UTF-8 byte or sequence at line 559 replaced by U+FFFD.
Invalid UTF-8 byte or sequence at line 559 replaced by U+FFFD.
Invalid UTF-8 byte or sequence at line 559 replaced by U+FFFD.
Invalid UTF-8 byte or sequence at line 561 replaced by U+FFFD.
Invalid UTF-8 byte or sequence at line 561 replaced by U+FFFD.
Invalid UTF-8 byte or sequence at line 561 replaced by U+FFFD.
Invalid UTF-8 byte or sequence at line 565 replaced by U+FFFD.
Invalid UTF-8 byte or sequence at line 577 replaced by U+FFFD.
Invalid UTF-8 byte or sequence at line 577 replaced by U+FFFD.
Invalid UTF-8 byte or sequence at line 579 replaced by U+FFFD.
Invalid UTF-8 byte or sequence at line 580 replaced by U+FFFD.
Invalid UTF-8 byte or sequence at line 580 replaced by U+FFFD.
Invalid UTF-8 byte or sequence at line 581 replaced by U+FFFD.
Invalid UTF-8 byte or sequence at line 581 replaced by U+FFFD.
Invalid UTF-8 byte or sequence at line 581 replaced by U+FFFD.
Invalid UTF-8 byte or sequence at line 581 replaced by U+FFFD.
Invalid UTF-8 byte or sequence at line 582 replaced by U+FFFD.
Invalid UTF-8 byte or sequence at line 587 replaced by U+FFFD.
Invalid UTF-8 byte or sequence at line 588 replaced by U+FFFD.
Invalid UTF-8 byte or sequence at line 588 replaced by U+FFFD.
Invalid UTF-8 byte or sequence at line 588 replaced by U+FFFD.
Invalid UTF-8 byte or sequence at line 590 replaced by U+FFFD.
Invalid UTF-8 byte or sequence at line 590 replaced by U+FFFD.
Invalid UTF-8 byte or sequence at line 590 replaced by U+FFFD.
Invalid UTF-8 byte or sequence at line 591 replaced by U+FFFD.
Invalid UTF-8 byte or sequence at line 593 replaced by U+FFFD.
Invalid UTF-8 byte or sequence at line 593 replaced by U+FFFD.
Invalid UTF-8 byte or sequence at line 594 replaced by U+FFFD.
Invalid UTF-8 byte or sequence at line 594 replaced by U+FFFD.
Invalid UTF-8 byte or sequence at line 594 replaced by U+FFFD.
Invalid UTF-8 byte or sequence at line 595 replaced by U+FFFD.
Invalid UTF-8 byte or sequence at line 600 replaced by U+FFFD.
Invalid UTF-8 byte or sequence at line 600 replaced by U+FFFD.
Invalid UTF-8 byte or sequence at line 600 replaced by U+FFFD.
Invalid UTF-8 byte or sequence at line 603 replaced by U+FFFD.
Invalid UTF-8 byte or sequence at line 606 replaced by U+FFFD.
)
Package: hlist 2017/08/08 v0.11 Horizontal lists (CT)
Invalid UTF-8 byte or sequence at line 5 replaced by U+FFFD.
Invalid UTF-8 byte or sequence at line 5 replaced by U+FFFD.
Invalid UTF-8 byte or sequence at line 5 replaced by U+FFFD.
)
\lab=\skip88
\lb=\skip89
\lc=\skip90
\ld=\skip91
\lhalf=\skip92
\lquarter=\skip93
\lmax=\skip94

(/usr/local/texlive/2023/texmf-dist/tex/generic/ulem/ulem.sty
\UL@box=\box78
\UL@hyphenbox=\box79
\UL@skip=\skip95
\UL@hook=\toks38
\UL@height=\dimen334
\UL@pe=\count345
\UL@pixel=\dimen335
\ULC@box=\box80
Package: ulem 2019/11/18
\ULdepth=\dimen336
))
(/usr/local/texlive/2023/texmf-dist/tex/latex/hyperref/hyperref.sty
Package: hyperref 2023-02-07 v7.00v Hypertext links for LaTeX

(/usr/local/texlive/2023/texmf-dist/tex/generic/pdftexcmds/pdftexcmds.sty
Package: pdftexcmds 2020-06-27 v0.33 Utility functions of pdfTeX for LuaTeX (HO
)

(/usr/local/texlive/2023/texmf-dist/tex/generic/infwarerr/infwarerr.sty
Package: infwarerr 2019/12/03 v1.5 Providing info/warning/error messages (HO)
)
Package pdftexcmds Info: \pdf@primitive is available.
Package pdftexcmds Info: \pdf@ifprimitive is available.
Package pdftexcmds Info: \pdfdraftmode not found.
)
(/usr/local/texlive/2023/texmf-dist/tex/generic/kvdefinekeys/kvdefinekeys.sty
Package: kvdefinekeys 2019-12-19 v1.6 Define keys (HO)
)
(/usr/local/texlive/2023/texmf-dist/tex/generic/pdfescape/pdfescape.sty
Package: pdfescape 2019/12/09 v1.15 Implements pdfTeX's escape features (HO)
)
(/usr/local/texlive/2023/texmf-dist/tex/latex/hycolor/hycolor.sty
Package: hycolor 2020-01-27 v1.10 Color options for hyperref/bookmark (HO)
)
(/usr/local/texlive/2023/texmf-dist/tex/latex/letltxmacro/letltxmacro.sty
Package: letltxmacro 2019/12/03 v1.6 Let assignment for LaTeX macros (HO)
)
(/usr/local/texlive/2023/texmf-dist/tex/latex/auxhook/auxhook.sty
Package: auxhook 2019-12-17 v1.6 Hooks for auxiliary files (HO)
)
(/usr/local/texlive/2023/texmf-dist/tex/latex/hyperref/nameref.sty
Package: nameref 2022-05-17 v2.50 Cross-referencing by name of section

(/usr/local/texlive/2023/texmf-dist/tex/latex/refcount/refcount.sty
Package: refcount 2019/12/15 v3.6 Data extraction from label references (HO)
)
(/usr/local/texlive/2023/texmf-dist/tex/generic/gettitlestring/gettitlestring.s
ty
Package: gettitlestring 2019/12/15 v1.6 Cleanup title references (HO)
)
\c@section@level=\count346
)
\@linkdim=\dimen337
\Hy@linkcounter=\count347
\Hy@pagecounter=\count348
 (/usr/local/texlive/2023/texmf-dist/tex/latex/hyperref/pd1enc.def
File: pd1enc.def 2023-02-07 v7.00v Hyperref: PDFDocEncoding definition (HO)
)
(/usr/local/texlive/2023/texmf-dist/tex/generic/intcalc/intcalc.sty
Package: intcalc 2019/12/15 v1.3 Expandable calculations with integers (HO)
)
(/usr/local/texlive/2023/texmf-dist/tex/generic/etexcmds/etexcmds.sty
Package: etexcmds 2019/12/15 v1.7 Avoid name clashes with e-TeX commands (HO)
)
\Hy@SavedSpaceFactor=\count349

(/usr/local/texlive/2023/texmf-dist/tex/latex/hyperref/puenc.def
File: puenc.def 2023-02-07 v7.00v Hyperref: PDF Unicode definition (HO)
)
Package hyperref Info: Option `unicode' set `true' on input line 4060.
Package hyperref Info: Hyper figures OFF on input line 4177.
Package hyperref Info: Link nesting OFF on input line 4182.
Package hyperref Info: Hyper index ON on input line 4185.
Package hyperref Info: Plain pages OFF on input line 4192.
Package hyperref Info: Backreferencing OFF on input line 4197.
Package hyperref Info: Implicit mode ON; LaTeX internals redefined.
Package hyperref Info: Bookmarks ON on input line 4425.
\c@Hy@tempcnt=\count350

(/usr/local/texlive/2023/texmf-dist/tex/latex/url/url.sty
\Urlmuskip=\muskip18
Package: url 2013/09/16  ver 3.4  Verb mode for urls, etc.
)
LaTeX Info: Redefining \url on input line 4763.
\XeTeXLinkMargin=\dimen338

(/usr/local/texlive/2023/texmf-dist/tex/generic/bitset/bitset.sty
Package: bitset 2019/12/09 v1.3 Handle bit-vector datatype (HO)

(/usr/local/texlive/2023/texmf-dist/tex/generic/bigintcalc/bigintcalc.sty
Package: bigintcalc 2019/12/15 v1.5 Expandable calculations on big integers (HO
)
))
\Fld@menulength=\count351
\Field@Width=\dimen339
\Fld@charsize=\dimen340
Package hyperref Info: Hyper figures OFF on input line 6042.
Package hyperref Info: Link nesting OFF on input line 6047.
Package hyperref Info: Hyper index ON on input line 6050.
Package hyperref Info: backreferencing OFF on input line 6057.
Package hyperref Info: Link coloring OFF on input line 6062.
Package hyperref Info: Link coloring with OCG OFF on input line 6067.
Package hyperref Info: PDF/A mode OFF on input line 6072.

(/usr/local/texlive/2023/texmf-dist/tex/latex/base/atbegshi-ltx.sty
Package: atbegshi-ltx 2021/01/10 v1.0c Emulation of the original atbegshi
package with kernel methods
)
\Hy@abspage=\count352
\c@Item=\count353
\c@Hfootnote=\count354
)
Package hyperref Info: Driver (autodetected): hxetex.

(/usr/local/texlive/2023/texmf-dist/tex/latex/hyperref/hxetex.def
File: hxetex.def 2023-02-07 v7.00v Hyperref driver for XeTeX

(/usr/local/texlive/2023/texmf-dist/tex/generic/stringenc/stringenc.sty
Package: stringenc 2019/11/29 v1.12 Convert strings between diff. encodings (HO
)
)
\pdfm@box=\box81
\c@Hy@AnnotLevel=\count355
\HyField@AnnotCount=\count356
\Fld@listcount=\count357
\c@bookmark@seq@number=\count358

(/usr/local/texlive/2023/texmf-dist/tex/latex/rerunfilecheck/rerunfilecheck.sty
Package: rerunfilecheck 2022-07-10 v1.10 Rerun checks for auxiliary files (HO)
(/usr/local/texlive/2023/texmf-dist/tex/latex/base/atveryend-ltx.sty
Package: atveryend-ltx 2020/08/19 v1.0a Emulation of the original atveryend pac
kage
with kernel methods
)
(/usr/local/texlive/2023/texmf-dist/tex/generic/uniquecounter/uniquecounter.sty
Package: uniquecounter 2019/12/15 v1.4 Provide unlimited unique counter (HO)
)
Package uniquecounter Info: New unique counter `rerunfilecheck' on input line 2
85.
)
\Hy@SectionHShift=\skip96
)
\symCJKmath=\mathgroup255
LaTeX Font Info:    Overwriting symbol font `CJKmath' in version `bold'
(Font)                  TU/FandolSong-Regular(0)/m/n --> TU/FandolSong-Regular(
0)/b/n on input line 8.
 (./kaoshi.aux)
\openout1 = `kaoshi.aux'.

LaTeX Font Info:    Checking defaults for OML/cmm/m/it on input line 8.
LaTeX Font Info:    ... okay on input line 8.
LaTeX Font Info:    Checking defaults for OMS/cmsy/m/n on input line 8.
LaTeX Font Info:    ... okay on input line 8.
LaTeX Font Info:    Checking defaults for OT1/cmr/m/n on input line 8.
LaTeX Font Info:    ... okay on input line 8.
LaTeX Font Info:    Checking defaults for T1/cmr/m/n on input line 8.
LaTeX Font Info:    ... okay on input line 8.
LaTeX Font Info:    Checking defaults for TS1/cmr/m/n on input line 8.
LaTeX Font Info:    ... okay on input line 8.
LaTeX Font Info:    Checking defaults for TU/lmr/m/n on input line 8.
LaTeX Font Info:    ... okay on input line 8.
LaTeX Font Info:    Checking defaults for OMX/cmex/m/n on input line 8.
LaTeX Font Info:    ... okay on input line 8.
LaTeX Font Info:    Checking defaults for U/cmr/m/n on input line 8.
LaTeX Font Info:    ... okay on input line 8.
LaTeX Font Info:    Checking defaults for PD1/pdf/m/n on input line 8.
LaTeX Font Info:    ... okay on input line 8.
LaTeX Font Info:    Checking defaults for PU/pdf/m/n on input line 8.
LaTeX Font Info:    ... okay on input line 8.

Package fontspec Info: Adjusting the maths setup (use [no-math] to avoid
(fontspec)             this).

\symlegacymaths=\mathgroup6
LaTeX Font Info:    Overwriting symbol font `legacymaths' in version `bold'
(Font)                  OT1/cmr/m/n --> OT1/cmr/bx/n on input line 8.
LaTeX Font Info:    Redeclaring math accent \acute on input line 8.
LaTeX Font Info:    Redeclaring math accent \grave on input line 8.
LaTeX Font Info:    Redeclaring math accent \ddot on input line 8.
LaTeX Font Info:    Redeclaring math accent \tilde on input line 8.
LaTeX Font Info:    Redeclaring math accent \bar on input line 8.
LaTeX Font Info:    Redeclaring math accent \breve on input line 8.
LaTeX Font Info:    Redeclaring math accent \check on input line 8.
LaTeX Font Info:    Redeclaring math accent \hat on input line 8.
LaTeX Font Info:    Redeclaring math accent \dot on input line 8.
LaTeX Font Info:    Redeclaring math accent \mathring on input line 8.
LaTeX Font Info:    Redeclaring math symbol \Gamma on input line 8.
LaTeX Font Info:    Redeclaring math symbol \Delta on input line 8.
LaTeX Font Info:    Redeclaring math symbol \Theta on input line 8.
LaTeX Font Info:    Redeclaring math symbol \Lambda on input line 8.
LaTeX Font Info:    Redeclaring math symbol \Xi on input line 8.
LaTeX Font Info:    Redeclaring math symbol \Pi on input line 8.
LaTeX Font Info:    Redeclaring math symbol \Sigma on input line 8.
LaTeX Font Info:    Redeclaring math symbol \Upsilon on input line 8.
LaTeX Font Info:    Redeclaring math symbol \Phi on input line 8.
LaTeX Font Info:    Redeclaring math symbol \Psi on input line 8.
LaTeX Font Info:    Redeclaring math symbol \Omega on input line 8.
LaTeX Font Info:    Redeclaring math symbol \mathdollar on input line 8.
LaTeX Font Info:    Redeclaring symbol font `operators' on input line 8.
LaTeX Font Info:    Encoding `OT1' has changed to `TU' for symbol font
(Font)              `operators' in the math version `normal' on input line 8.
LaTeX Font Info:    Overwriting symbol font `operators' in version `normal'
(Font)                  OT1/cmr/m/n --> TU/lmr/m/n on input line 8.
LaTeX Font Info:    Encoding `OT1' has changed to `TU' for symbol font
(Font)              `operators' in the math version `bold' on input line 8.
LaTeX Font Info:    Overwriting symbol font `operators' in version `bold'
(Font)                  OT1/cmr/bx/n --> TU/lmr/m/n on input line 8.
LaTeX Font Info:    Overwriting symbol font `operators' in version `normal'
(Font)                  TU/lmr/m/n --> TU/lmr/m/n on input line 8.
LaTeX Font Info:    Overwriting math alphabet `\mathit' in version `normal'
(Font)                  OT1/cmr/m/it --> TU/lmr/m/it on input line 8.
LaTeX Font Info:    Overwriting math alphabet `\mathbf' in version `normal'
(Font)                  OT1/cmr/bx/n --> TU/lmr/b/n on input line 8.
LaTeX Font Info:    Overwriting math alphabet `\mathsf' in version `normal'
(Font)                  OT1/cmss/m/n --> TU/lmss/m/n on input line 8.
LaTeX Font Info:    Overwriting math alphabet `\mathtt' in version `normal'
(Font)                  OT1/cmtt/m/n --> TU/lmtt/m/n on input line 8.
LaTeX Font Info:    Overwriting symbol font `operators' in version `bold'
(Font)                  TU/lmr/m/n --> TU/lmr/b/n on input line 8.
LaTeX Font Info:    Overwriting math alphabet `\mathit' in version `bold'
(Font)                  OT1/cmr/bx/it --> TU/lmr/b/it on input line 8.
LaTeX Font Info:    Overwriting math alphabet `\mathsf' in version `bold'
(Font)                  OT1/cmss/bx/n --> TU/lmss/b/n on input line 8.
LaTeX Font Info:    Overwriting math alphabet `\mathtt' in version `bold'
(Font)                  OT1/cmtt/m/n --> TU/lmtt/b/n on input line 8.

*geometry* driver: auto-detecting
*geometry* detected driver: xetex
*geometry* verbose mode - [ preamble ] result:
* driver: xetex
* paper: a4paper
* layout: <same size as paper>
* layoutoffset:(h,v)=(0.0pt,0.0pt)
* modes: twoside 
* h-part:(L,W,R)=(56.9055pt, 483.69687pt, 56.9055pt)
* v-part:(T,H,B)=(71.13188pt, 702.78308pt, 71.13188pt)
* \paperwidth=597.50787pt
* \paperheight=845.04684pt
* \textwidth=483.69687pt
* \textheight=702.78308pt
* \oddsidemargin=-15.36449pt
* \evensidemargin=-15.36449pt
* \topmargin=-31.2056pt
* \headheight=12.0pt
* \headsep=18.06749pt
* \topskip=10.0pt
* \footskip=25.29494pt
* \marginparwidth=125.0pt
* \marginparsep=7.0pt
* \columnsep=10.0pt
* \skip\footins=9.0pt plus 4.0pt minus 2.0pt
* \hoffset=0.0pt
* \voffset=0.0pt
* \mag=1000
* \@twocolumnfalse
* \@twosidetrue
* \@mparswitchtrue
* \@reversemarginfalse
* (1in=72.27pt=25.4mm, 1cm=28.453pt)

Package hyperref Info: Link coloring OFF on input line 8.
(./kaoshi.out) (./kaoshi.out)
\@outlinefile=\write4
\openout4 = `kaoshi.out'.

LaTeX Font Info:    Trying to load font information for U+msa on input line 11.


(/usr/local/texlive/2023/texmf-dist/tex/latex/amsfonts/umsa.fd
File: umsa.fd 2013/01/14 v3.01 AMS symbols A
)
LaTeX Font Info:    Trying to load font information for U+msb on input line 11.


(/usr/local/texlive/2023/texmf-dist/tex/latex/amsfonts/umsb.fd
File: umsb.fd 2013/01/14 v3.01 AMS symbols B
) [1


]

Package fontspec Warning: Font "FandolHei-Regular" does not contain requested
(fontspec)                Script "CJK".


Package fontspec Info: Font family 'FandolHei-Regular(0)' created for font
(fontspec)             'FandolHei-Regular' with options
(fontspec)             [Script={CJK},Extension={.otf},BoldFont={FandolHei-Bold}
].
(fontspec)              
(fontspec)              This font family consists of the following NFSS
(fontspec)             series/shapes:
(fontspec)              
(fontspec)             - 'normal' (m/n) with NFSS spec.:
(fontspec)             <->"[FandolHei-Regular.otf]/OT:language=dflt;"
(fontspec)             - 'small caps'  (m/sc) with NFSS spec.: 
(fontspec)             - 'bold' (b/n) with NFSS spec.:
(fontspec)             <->"[FandolHei-Bold.otf]/OT:language=dflt;"
(fontspec)             - 'bold small caps'  (b/sc) with NFSS spec.: 

[2

] (./kaoshi.lof)
\tf@lof=\write5
\openout5 = `kaoshi.lof'.

 (./202307.tex [3] [4

]


Package hyperref Warning: Token not allowed in a PDF string (Unicode):
(hyperref)                removing `math shift' on input line 15.


Package hyperref Warning: Token not allowed in a PDF string (Unicode):
(hyperref)                removing `math shift' on input line 15.


Package hyperref Warning: Token not allowed in a PDF string (Unicode):
(hyperref)                removing `math shift' on input line 15.


Package hyperref Warning: Token not allowed in a PDF string (Unicode):
(hyperref)                removing `math shift' on input line 15.


Package hyperref Warning: Token not allowed in a PDF string (Unicode):
(hyperref)                removing `math shift' on input line 15.


Package hyperref Warning: Token not allowed in a PDF string (Unicode):
(hyperref)                removing `math shift' on input line 15.

\c@hlisti=\count359

Package hyperref Warning: Token not allowed in a PDF string (Unicode):
(hyperref)                removing `math shift' on input line 32.


Package hyperref Warning: Token not allowed in a PDF string (Unicode):
(hyperref)                removing `math shift' on input line 32.


Package hyperref Warning: Token not allowed in a PDF string (Unicode):
(hyperref)                removing `math shift' on input line 32.


Package hyperref Warning: Token not allowed in a PDF string (Unicode):
(hyperref)                removing `math shift' on input line 32.


Package hyperref Warning: Token not allowed in a PDF string (Unicode):
(hyperref)                removing `math shift' on input line 32.


Package hyperref Warning: Token not allowed in a PDF string (Unicode):
(hyperref)                removing `math shift' on input line 32.


Overfull \hbox (19.48056pt too wide) in paragraph at lines 44--45
[]\TU/FandolSong-Regular(0)/m/n/10.53937   \TU/lmr/m/n/10.53937 1 \TU/FandolS
ong-Regular(0)/m/n/10.53937                     |   []  
       |   []
 []


Package hyperref Warning: Token not allowed in a PDF string (Unicode):
(hyperref)                removing `math shift' on input line 47.


Package hyperref Warning: Token not allowed in a PDF string (Unicode):
(hyperref)                removing `math shift' on input line 47.

[5]

Package hyperref Warning: Token not allowed in a PDF string (Unicode):
(hyperref)                removing `math shift' on input line 55.


Package hyperref Warning: Token not allowed in a PDF string (Unicode):
(hyperref)                removing `math shift' on input line 55.


Overfull \hbox (25.34042pt too wide) in paragraph at lines 63--66
[]\TU/FandolSong-Regular(0)/m/n/10.53937        |           
    |          |   [] | |   []
 []


Overfull \hbox (26.70714pt too wide) in paragraph at lines 63--66
\TU/FandolSong-Regular(0)/m/n/10.53937         |       \TU/lmr/m
/n/10.53937 18 \TU/FandolSong-Regular(0)/m/n/10.53937       \TU/lmr/m/n/
10.53937 -\TU/FandolSong-Regular(0)/m/n/10.53937     \TU/lmr/m/n/10.53937 2
8 \TU/FandolSong-Regular(0)/m/n/10.53937            |   []|
 []

File: picture/1Tjidongqi.png Graphic file (type bmp)
<picture/1Tjidongqi.png>
) (./202311.tex [6] [7] [8

]


Package hyperref Warning: Token not allowed in a PDF string (Unicode):
(hyperref)                removing `math shift' on input line 12.


Package hyperref Warning: Token not allowed in a PDF string (Unicode):
(hyperref)                removing `math shift' on input line 12.


Package hyperref Warning: Token not allowed in a PDF string (Unicode):
(hyperref)                removing `math shift' on input line 12.


Package hyperref Warning: Token not allowed in a PDF string (Unicode):
(hyperref)                removing `math shift' on input line 12.


Package hyperref Warning: Token not allowed in a PDF string (Unicode):
(hyperref)                removing `math shift' on input line 12.


Package hyperref Warning: Token not allowed in a PDF string (Unicode):
(hyperref)                removing `math shift' on input line 12.


Package hyperref Warning: Token not allowed in a PDF string (Unicode):
(hyperref)                removing `math shift' on input line 20.


Package hyperref Warning: Token not allowed in a PDF string (Unicode):
(hyperref)                removing `math shift' on input line 20.


Package hyperref Warning: Token not allowed in a PDF string (Unicode):
(hyperref)                removing `math shift' on input line 28.


Package hyperref Warning: Token not allowed in a PDF string (Unicode):
(hyperref)                removing `math shift' on input line 28.

[9]) (./202312.tex [10]


Package hyperref Warning: Token not allowed in a PDF string (Unicode):
(hyperref)                removing `math shift' on input line 12.


Package hyperref Warning: Token not allowed in a PDF string (Unicode):
(hyperref)                removing `math shift' on input line 12.


Package hyperref Warning: Token not allowed in a PDF string (Unicode):
(hyperref)                removing `math shift' on input line 12.


Package hyperref Warning: Token not allowed in a PDF string (Unicode):
(hyperref)                removing `math shift' on input line 12.


Package hyperref Warning: Token not allowed in a PDF string (Unicode):
(hyperref)                removing `math shift' on input line 12.


Package hyperref Warning: Token not allowed in a PDF string (Unicode):
(hyperref)                removing `math shift' on input line 12.


Package hyperref Warning: Token not allowed in a PDF string (Unicode):
(hyperref)                removing `math shift' on input line 28.


Package hyperref Warning: Token not allowed in a PDF string (Unicode):
(hyperref)                removing `math shift' on input line 28.


Package hyperref Warning: Token not allowed in a PDF string (Unicode):
(hyperref)                removing `math shift' on input line 28.


Package hyperref Warning: Token not allowed in a PDF string (Unicode):
(hyperref)                removing `math shift' on input line 28.


Package hyperref Warning: Token not allowed in a PDF string (Unicode):
(hyperref)                removing `math shift' on input line 28.


Package hyperref Warning: Token not allowed in a PDF string (Unicode):
(hyperref)                removing `math shift' on input line 28.


Package hyperref Warning: Token not allowed in a PDF string (Unicode):
(hyperref)                removing `math shift' on input line 37.


Package hyperref Warning: Token not allowed in a PDF string (Unicode):
(hyperref)                removing `math shift' on input line 37.


Package hyperref Warning: Token not allowed in a PDF string (Unicode):
(hyperref)                removing `math shift' on input line 45.


Package hyperref Warning: Token not allowed in a PDF string (Unicode):
(hyperref)                removing `math shift' on input line 45.

[11

]) (./202402.tex [12]


Package hyperref Warning: Token not allowed in a PDF string (Unicode):
(hyperref)                removing `math shift' on input line 11.


Package hyperref Warning: Token not allowed in a PDF string (Unicode):
(hyperref)                removing `math shift' on input line 11.


Package hyperref Warning: Token not allowed in a PDF string (Unicode):
(hyperref)                removing `math shift' on input line 11.


Package hyperref Warning: Token not allowed in a PDF string (Unicode):
(hyperref)                removing `math shift' on input line 11.


Package hyperref Warning: Token not allowed in a PDF string (Unicode):
(hyperref)                removing `math shift' on input line 11.


Package hyperref Warning: Token not allowed in a PDF string (Unicode):
(hyperref)                removing `math shift' on input line 11.


Package hyperref Warning: Token not allowed in a PDF string (Unicode):
(hyperref)                removing `math shift' on input line 24.


Package hyperref Warning: Token not allowed in a PDF string (Unicode):
(hyperref)                removing `math shift' on input line 24.


Package hyperref Warning: Token not allowed in a PDF string (Unicode):
(hyperref)                removing `math shift' on input line 24.


Package hyperref Warning: Token not allowed in a PDF string (Unicode):
(hyperref)                removing `math shift' on input line 24.


Package hyperref Warning: Token not allowed in a PDF string (Unicode):
(hyperref)                removing `math shift' on input line 24.


Package hyperref Warning: Token not allowed in a PDF string (Unicode):
(hyperref)                removing `math shift' on input line 24.


Overfull \hbox (9.53137pt too wide) in paragraph at lines 30--31
[]\TU/FandolSong-Regular(0)/m/n/10.53937        |           
     |   []     |    |   []
 []


Package hyperref Warning: Token not allowed in a PDF string (Unicode):
(hyperref)                removing `math shift' on input line 33.


Package hyperref Warning: Token not allowed in a PDF string (Unicode):
(hyperref)                removing `math shift' on input line 33.

File: picture/200plc_da.png Graphic file (type bmp)
<picture/200plc_da.png>

Overfull \hbox (44.7525pt too wide) in paragraph at lines 38--38
[][] 
 []


Underfull \vbox (badness 10000) has occurred while \output is active []

 [13

]
File: picture/plclogic.png Graphic file (type bmp)
<picture/plclogic.png>
File: picture/relay.pdf Graphic file (type pdf)
<use picture/relay.pdf>

Overfull \hbox (44.76114pt too wide) in paragraph at lines 44--44
[]
 []


Overfull \hbox (37.39073pt too wide) in paragraph at lines 41--45
[][]
 []


Package hyperref Warning: Token not allowed in a PDF string (Unicode):
(hyperref)                removing `math shift' on input line 46.


Package hyperref Warning: Token not allowed in a PDF string (Unicode):
(hyperref)                removing `math shift' on input line 46.

File: picture/sanquerplc.png Graphic file (type bmp)
<picture/sanquerplc.png>

Underfull \vbox (badness 10000) has occurred while \output is active []

 [14])
(./202403.tex [15] [16

]


Package hyperref Warning: Token not allowed in a PDF string (Unicode):
(hyperref)                removing `math shift' on input line 12.


Package hyperref Warning: Token not allowed in a PDF string (Unicode):
(hyperref)                removing `math shift' on input line 12.


Package hyperref Warning: Token not allowed in a PDF string (Unicode):
(hyperref)                removing `math shift' on input line 12.


Package hyperref Warning: Token not allowed in a PDF string (Unicode):
(hyperref)                removing `math shift' on input line 12.


Package hyperref Warning: Token not allowed in a PDF string (Unicode):
(hyperref)                removing `math shift' on input line 12.


Package hyperref Warning: Token not allowed in a PDF string (Unicode):
(hyperref)                removing `math shift' on input line 12.


Package hyperref Warning: Token not allowed in a PDF string (Unicode):
(hyperref)                removing `math shift' on input line 25.


Package hyperref Warning: Token not allowed in a PDF string (Unicode):
(hyperref)                removing `math shift' on input line 25.


Package hyperref Warning: Token not allowed in a PDF string (Unicode):
(hyperref)                removing `math shift' on input line 25.


Package hyperref Warning: Token not allowed in a PDF string (Unicode):
(hyperref)                removing `math shift' on input line 25.


Package hyperref Warning: Token not allowed in a PDF string (Unicode):
(hyperref)                removing `math shift' on input line 25.


Package hyperref Warning: Token not allowed in a PDF string (Unicode):
(hyperref)                removing `math shift' on input line 25.


Overfull \hbox (6.6509pt too wide) in paragraph at lines 28--29
[]\TU/FandolSong-Regular(0)/m/n/10.53937         \TU/lmr/m/n/10.53937 E
TS \TU/FandolSong-Regular(0)/m/n/10.53937         \TU/lmr/m/n/10.53937 
PLC \TU/FandolSong-Regular(0)/m/n/10.53937    \TU/lmr/m/n/10.53937 CPU 226 C
N AC/DC/RLY\TU/FandolSong-Regular(0)/m/n/10.53937 |    \TU/lmr/m/n/10.53937 
AC/DC/RLY
 []


Package hyperref Warning: Token not allowed in a PDF string (Unicode):
(hyperref)                removing `math shift' on input line 34.


Package hyperref Warning: Token not allowed in a PDF string (Unicode):
(hyperref)                removing `math shift' on input line 34.

File: picture/200plc_da.png Graphic file (type bmp)
<picture/200plc_da.png>

Overfull \hbox (44.7525pt too wide) in paragraph at lines 38--38
[][] 
 []


Package hyperref Warning: Token not allowed in a PDF string (Unicode):
(hyperref)                removing `math shift' on input line 44.


Package hyperref Warning: Token not allowed in a PDF string (Unicode):
(hyperref)                removing `math shift' on input line 44.

[17]) (./202404.tex [18]


Package hyperref Warning: Token not allowed in a PDF string (Unicode):
(hyperref)                removing `math shift' on input line 12.


Package hyperref Warning: Token not allowed in a PDF string (Unicode):
(hyperref)                removing `math shift' on input line 12.


Package hyperref Warning: Token not allowed in a PDF string (Unicode):
(hyperref)                removing `math shift' on input line 12.


Package hyperref Warning: Token not allowed in a PDF string (Unicode):
(hyperref)                removing `math shift' on input line 12.


Package hyperref Warning: Token not allowed in a PDF string (Unicode):
(hyperref)                removing `math shift' on input line 12.


Package hyperref Warning: Token not allowed in a PDF string (Unicode):
(hyperref)                removing `math shift' on input line 12.


Package hyperref Warning: Token not allowed in a PDF string (Unicode):
(hyperref)                removing `math shift' on input line 25.


Package hyperref Warning: Token not allowed in a PDF string (Unicode):
(hyperref)                removing `math shift' on input line 25.


Package hyperref Warning: Token not allowed in a PDF string (Unicode):
(hyperref)                removing `math shift' on input line 25.


Package hyperref Warning: Token not allowed in a PDF string (Unicode):
(hyperref)                removing `math shift' on input line 25.


Package hyperref Warning: Token not allowed in a PDF string (Unicode):
(hyperref)                removing `math shift' on input line 25.


Package hyperref Warning: Token not allowed in a PDF string (Unicode):
(hyperref)                removing `math shift' on input line 25.


Overfull \hbox (6.6509pt too wide) in paragraph at lines 28--29
[]\TU/FandolSong-Regular(0)/m/n/10.53937         \TU/lmr/m/n/10.53937 E
TS \TU/FandolSong-Regular(0)/m/n/10.53937         \TU/lmr/m/n/10.53937 
PLC \TU/FandolSong-Regular(0)/m/n/10.53937    \TU/lmr/m/n/10.53937 CPU 224 C
N AC/DC/RLY\TU/FandolSong-Regular(0)/m/n/10.53937 |    \TU/lmr/m/n/10.53937 
AC/DC/RLY
 []


Package hyperref Warning: Token not allowed in a PDF string (Unicode):
(hyperref)                removing `math shift' on input line 33.


Package hyperref Warning: Token not allowed in a PDF string (Unicode):
(hyperref)                removing `math shift' on input line 33.


Underfull \hbox (badness 10000) in paragraph at lines 38--39

 []

[19

]
File: picture/AST.png Graphic file (type bmp)
<picture/AST.png>

Overfull \hbox (37.39168pt too wide) in paragraph at lines 44--47
[] 
 []


Package hyperref Warning: Token not allowed in a PDF string (Unicode):
(hyperref)                removing `math shift' on input line 49.


Package hyperref Warning: Token not allowed in a PDF string (Unicode):
(hyperref)                removing `math shift' on input line 49.


Underfull \vbox (badness 10000) has occurred while \output is active []

 [20])
(./202407.tex [21] [22

]


Package hyperref Warning: Token not allowed in a PDF string (Unicode):
(hyperref)                removing `math shift' on input line 12.


Package hyperref Warning: Token not allowed in a PDF string (Unicode):
(hyperref)                removing `math shift' on input line 12.


Package hyperref Warning: Token not allowed in a PDF string (Unicode):
(hyperref)                removing `math shift' on input line 12.


Package hyperref Warning: Token not allowed in a PDF string (Unicode):
(hyperref)                removing `math shift' on input line 12.


Package hyperref Warning: Token not allowed in a PDF string (Unicode):
(hyperref)                removing `math shift' on input line 12.


Package hyperref Warning: Token not allowed in a PDF string (Unicode):
(hyperref)                removing `math shift' on input line 12.


Package hyperref Warning: Token not allowed in a PDF string (Unicode):
(hyperref)                removing `math shift' on input line 25.


Package hyperref Warning: Token not allowed in a PDF string (Unicode):
(hyperref)                removing `math shift' on input line 25.


Package hyperref Warning: Token not allowed in a PDF string (Unicode):
(hyperref)                removing `math shift' on input line 25.


Package hyperref Warning: Token not allowed in a PDF string (Unicode):
(hyperref)                removing `math shift' on input line 25.


Package hyperref Warning: Token not allowed in a PDF string (Unicode):
(hyperref)                removing `math shift' on input line 25.


Package hyperref Warning: Token not allowed in a PDF string (Unicode):
(hyperref)                removing `math shift' on input line 25.


Overfull \hbox (2.74402pt too wide) in paragraph at lines 31--32
[]\TU/FandolSong-Regular(0)/m/n/10.53937                    
 |        |    |   []|   []| 
 []


Package hyperref Warning: Token not allowed in a PDF string (Unicode):
(hyperref)                removing `math shift' on input line 33.


Package hyperref Warning: Token not allowed in a PDF string (Unicode):
(hyperref)                removing `math shift' on input line 33.


Underfull \hbox (badness 10000) in paragraph at lines 38--39

 []

[23]
Underfull \hbox (badness 10000) in paragraph at lines 44--45

 []


Underfull \hbox (badness 10000) in paragraph at lines 49--50

 []


Package hyperref Warning: Token not allowed in a PDF string (Unicode):
(hyperref)                removing `math shift' on input line 51.


Package hyperref Warning: Token not allowed in a PDF string (Unicode):
(hyperref)                removing `math shift' on input line 51.

) (./202409.tex [24]


Package hyperref Warning: Token not allowed in a PDF string (Unicode):
(hyperref)                removing `math shift' on input line 12.


Package hyperref Warning: Token not allowed in a PDF string (Unicode):
(hyperref)                removing `math shift' on input line 12.


Package hyperref Warning: Token not allowed in a PDF string (Unicode):
(hyperref)                removing `math shift' on input line 12.


Package hyperref Warning: Token not allowed in a PDF string (Unicode):
(hyperref)                removing `math shift' on input line 12.


Package hyperref Warning: Token not allowed in a PDF string (Unicode):
(hyperref)                removing `math shift' on input line 12.


Package hyperref Warning: Token not allowed in a PDF string (Unicode):
(hyperref)                removing `math shift' on input line 12.


Package hyperref Warning: Token not allowed in a PDF string (Unicode):
(hyperref)                removing `math shift' on input line 25.


Package hyperref Warning: Token not allowed in a PDF string (Unicode):
(hyperref)                removing `math shift' on input line 25.


Package hyperref Warning: Token not allowed in a PDF string (Unicode):
(hyperref)                removing `math shift' on input line 25.


Package hyperref Warning: Token not allowed in a PDF string (Unicode):
(hyperref)                removing `math shift' on input line 25.


Package hyperref Warning: Token not allowed in a PDF string (Unicode):
(hyperref)                removing `math shift' on input line 25.


Package hyperref Warning: Token not allowed in a PDF string (Unicode):
(hyperref)                removing `math shift' on input line 25.


Package hyperref Warning: Token not allowed in a PDF string (Unicode):
(hyperref)                removing `math shift' on input line 33.


Package hyperref Warning: Token not allowed in a PDF string (Unicode):
(hyperref)                removing `math shift' on input line 33.


Underfull \hbox (badness 10000) in paragraph at lines 37--38

 []


Underfull \hbox (badness 10000) in paragraph at lines 39--42

 []

File: picture/so2_da.png Graphic file (type bmp)
<picture/so2_da.png>

Underfull \hbox (badness 10000) in paragraph at lines 45--45

 []

[25

]
File: picture/dust_da.png Graphic file (type bmp)
<picture/dust_da.png>

Underfull \hbox (badness 10000) in paragraph at lines 48--48

 []


Package hyperref Warning: Token not allowed in a PDF string (Unicode):
(hyperref)                removing `math shift' on input line 50.


Package hyperref Warning: Token not allowed in a PDF string (Unicode):
(hyperref)                removing `math shift' on input line 50.

File: picture/huan.pdf Graphic file (type pdf)
<use picture/huan.pdf>

Overfull \hbox (44.75972pt too wide) in paragraph at lines 56--56
[][] 
 []


Underfull \vbox (badness 10000) has occurred while \output is active []

 [26])
[27] 
enddocument/afterlastpage: lastpage setting LastPage.
(./kaoshi.aux)
Package rerunfilecheck Info: File `kaoshi.out' has not changed.
(rerunfilecheck)             Checksum: E2912872C963201ECEC11760949C2CFD;7753.
 ) 
Here is how much of TeX's memory you used:
 38439 strings out of 476683
 841023 string characters out of 5804047
 1890018 words of memory out of 5000000
 58029 multiletter control sequences out of 15000+600000
 522849 words of font info for 103 fonts, out of 8000000 for 9000
 1348 hyphenation exceptions out of 8191
 106i,13n,107p,2769b,1344s stack positions out of 10000i,1000n,20000p,200000b,200000s

Output written on kaoshi.xdv (27 pages, 410044 bytes).
