\BOOKMARK [0][-]{chapter.1}{\376\377\0002\0000\0002\0003\136\164\0000\0007\147\010\116\375\142\200\147\057\127\371\213\255\200\003\213\325}{}% 1
\BOOKMARK [1][-]{section.1.1}{\376\377\220\011\142\351\230\230\377\032\147\054\230\230\121\161\0005\134\017\230\230\377\014\153\317\134\017\230\230\0002\122\006\377\014\121\161\0001\0000\122\006\060\002\127\050\153\317\134\017\230\230\176\331\121\372\166\204\126\333\116\052\220\011\230\171\116\055\377\014\123\352\147\011\116\000\230\171\146\057\173\046\124\010\230\230\166\356\211\201\154\102\166\204\060\002}{chapter.1}% 2
\BOOKMARK [1][-]{section.1.2}{\376\377\130\153\172\172\230\230\377\032\147\054\230\230\121\161\0001\0001\134\017\230\230\377\014\153\317\172\172\0002\122\006\000,\121\161\0004\0000\122\006\060\002}{chapter.1}% 3
\BOOKMARK [1][-]{section.1.3}{\376\377\225\356\173\124\230\230\377\032\121\161\0002\0000\122\006\060\002}{chapter.1}% 4
\BOOKMARK [1][-]{section.1.4}{\376\377\213\306\126\376\230\230\377\032\121\161\0003\0000\122\006\060\002}{chapter.1}% 5
\BOOKMARK [0][-]{chapter.2}{\376\377\0002\0000\0002\0003\136\164\0001\0001\147\010\116\375\142\200\147\057\127\371\213\255\200\003\213\325}{}% 6
\BOOKMARK [1][-]{section.2.1}{\376\377\130\153\172\172\230\230\377\032\147\054\230\230\121\161\0004\134\017\230\230\377\014\153\317\172\172\0002\122\006\000,\121\161\0002\0004\122\006\060\002}{chapter.2}% 7
\BOOKMARK [1][-]{section.2.2}{\376\377\225\356\173\124\230\230\377\032\121\161\0004\0000\122\006\060\002}{chapter.2}% 8
\BOOKMARK [1][-]{section.2.3}{\376\377\213\306\126\376\230\230\377\032\121\161\0003\0006\122\006\060\002}{chapter.2}% 9
\BOOKMARK [0][-]{chapter.3}{\376\377\0002\0000\0002\0003\136\164\0001\0002\147\010\116\375\142\200\147\057\127\371\213\255\200\003\213\325}{}% 10
\BOOKMARK [1][-]{section.3.1}{\376\377\220\011\142\351\230\230\377\032\147\054\230\230\121\161\0005\134\017\230\230\377\014\153\317\134\017\230\230\0002\122\006\377\014\121\161\0001\0000\122\006\060\002\127\050\153\317\134\017\230\230\176\331\121\372\166\204\126\333\116\052\220\011\230\171\116\055\377\014\123\352\147\011\116\000\230\171\146\057\173\046\124\010\230\230\166\356\211\201\154\102\166\204\060\002}{chapter.3}% 11
\BOOKMARK [1][-]{section.3.2}{\376\377\130\153\172\172\230\230\377\032\147\054\230\230\121\161\0004\134\017\230\230\377\014\153\317\172\172\0002\122\006\000,\121\161\0003\0000\122\006\060\002}{chapter.3}% 12
\BOOKMARK [1][-]{section.3.3}{\376\377\225\356\173\124\230\230\377\032\121\161\0002\0000\122\006\060\002}{chapter.3}% 13
\BOOKMARK [1][-]{section.3.4}{\376\377\213\306\126\376\230\230\377\032\121\161\0004\0000\122\006\060\002}{chapter.3}% 14
\BOOKMARK [0][-]{chapter.4}{\376\377\0002\0000\0002\0004\136\164\0000\0002\147\010\116\375\142\200\147\057\127\371\213\255\200\003\213\325}{}% 15
\BOOKMARK [1][-]{section.4.1}{\376\377\220\011\142\351\230\230\377\032\147\054\230\230\121\161\0005\134\017\230\230\377\014\153\317\134\017\230\230\0002\122\006\377\014\121\161\0001\0000\122\006\060\002\127\050\153\317\134\017\230\230\176\331\121\372\166\204\126\333\116\052\220\011\230\171\116\055\377\014\123\352\147\011\116\000\230\171\146\057\173\046\124\010\230\230\166\356\211\201\154\102\166\204\060\002}{chapter.4}% 16
\BOOKMARK [1][-]{section.4.2}{\376\377\130\153\172\172\230\230\377\032\147\054\230\230\121\161\0004\134\017\230\230\377\014\153\317\172\172\0002\122\006\000,\121\161\0003\0000\122\006\060\002}{chapter.4}% 17
\BOOKMARK [1][-]{section.4.3}{\376\377\213\306\126\376\230\230\377\032\121\161\0003\0000\122\006\060\002}{chapter.4}% 18
\BOOKMARK [1][-]{section.4.4}{\376\377\165\073\126\376\230\230\377\032\121\161\0003\0000\122\006\060\002}{chapter.4}% 19
\BOOKMARK [0][-]{chapter.5}{\376\377\0002\0000\0002\0004\136\164\0000\0003\147\010\116\375\142\200\147\057\127\371\213\255\200\003\213\325}{}% 20
\BOOKMARK [1][-]{section.5.1}{\376\377\220\011\142\351\230\230\377\032\147\054\230\230\121\161\0005\134\017\230\230\377\014\153\317\134\017\230\230\0002\122\006\377\014\121\161\0001\0000\122\006\060\002\127\050\153\317\134\017\230\230\176\331\121\372\166\204\126\333\116\052\220\011\230\171\116\055\377\014\123\352\147\011\116\000\230\171\146\057\173\046\124\010\230\230\166\356\211\201\154\102\166\204\060\002}{chapter.5}% 21
\BOOKMARK [1][-]{section.5.2}{\376\377\130\153\172\172\230\230\377\032\147\054\230\230\121\161\0004\134\017\230\230\377\014\153\317\172\172\0002\122\006\000,\121\161\0003\0004\122\006\060\002}{chapter.5}% 22
\BOOKMARK [1][-]{section.5.3}{\376\377\213\306\126\376\230\230\377\032\121\161\0001\0006\122\006\060\002}{chapter.5}% 23
\BOOKMARK [1][-]{section.5.4}{\376\377\225\356\173\124\230\230\377\032\121\161\0004\0000\122\006\060\002}{chapter.5}% 24
\BOOKMARK [0][-]{chapter.6}{\376\377\0002\0000\0002\0004\136\164\0000\0004\147\010\116\375\142\200\147\057\127\371\213\255\200\003\213\325}{}% 25
\BOOKMARK [1][-]{section.6.1}{\376\377\220\011\142\351\230\230\377\032\147\054\230\230\121\161\0005\134\017\230\230\377\014\153\317\134\017\230\230\0002\122\006\377\014\121\161\0001\0000\122\006\060\002\127\050\153\317\134\017\230\230\176\331\121\372\166\204\126\333\116\052\220\011\230\171\116\055\377\014\123\352\147\011\116\000\230\171\146\057\173\046\124\010\230\230\166\356\211\201\154\102\166\204\060\002}{chapter.6}% 26
\BOOKMARK [1][-]{section.6.2}{\376\377\130\153\172\172\230\230\377\032\147\054\230\230\121\161\0004\134\017\230\230\377\014\153\317\172\172\0002\122\006\000,\121\161\0003\0000\122\006\060\002}{chapter.6}% 27
\BOOKMARK [1][-]{section.6.3}{\376\377\213\306\126\376\230\230\377\032\121\161\0002\0000\122\006\060\002}{chapter.6}% 28
\BOOKMARK [1][-]{section.6.4}{\376\377\225\356\173\124\230\230\377\032\121\161\0004\0000\122\006\060\002}{chapter.6}% 29
\BOOKMARK [0][-]{chapter.7}{\376\377\0002\0000\0002\0004\136\164\0000\0007\147\010\116\375\142\200\147\057\127\371\213\255\200\003\213\325}{}% 30
\BOOKMARK [1][-]{section.7.1}{\376\377\220\011\142\351\230\230\377\032\147\054\230\230\121\161\0005\134\017\230\230\377\014\153\317\134\017\230\230\0002\122\006\377\014\121\161\0001\0000\122\006\060\002\127\050\153\317\134\017\230\230\176\331\121\372\166\204\126\333\116\052\220\011\230\171\116\055\377\014\123\352\147\011\116\000\230\171\146\057\173\046\124\010\230\230\166\356\211\201\154\102\166\204\060\002}{chapter.7}% 31
\BOOKMARK [1][-]{section.7.2}{\376\377\130\153\172\172\230\230\377\032\147\054\230\230\121\161\0004\134\017\230\230\377\014\153\317\172\172\0002\122\006\000,\121\161\0003\0000\122\006\060\002}{chapter.7}% 32
\BOOKMARK [1][-]{section.7.3}{\376\377\213\306\126\376\230\230\377\032\121\161\0004\0000\122\006\060\002}{chapter.7}% 33
\BOOKMARK [1][-]{section.7.4}{\376\377\225\356\173\124\230\230\377\032\121\161\0002\0000\122\006\060\002}{chapter.7}% 34
\BOOKMARK [0][-]{chapter.8}{\376\377\0002\0000\0002\0004\136\164\0000\0009\147\010\116\375\142\200\147\057\127\371\213\255\200\003\213\325}{}% 35
\BOOKMARK [1][-]{section.8.1}{\376\377\220\011\142\351\230\230\377\032\147\054\230\230\121\161\0005\134\017\230\230\377\014\153\317\134\017\230\230\0002\122\006\377\014\121\161\0001\0000\122\006\060\002\127\050\153\317\134\017\230\230\176\331\121\372\166\204\126\333\116\052\220\011\230\171\116\055\377\014\123\352\147\011\116\000\230\171\146\057\173\046\124\010\230\230\166\356\211\201\154\102\166\204\060\002}{chapter.8}% 36
\BOOKMARK [1][-]{section.8.2}{\376\377\130\153\172\172\230\230\377\032\147\054\230\230\121\161\0004\134\017\230\230\377\014\153\317\172\172\0002\122\006\000,\121\161\0003\0000\122\006\060\002}{chapter.8}% 37
\BOOKMARK [1][-]{section.8.3}{\376\377\213\306\126\376\230\230\377\032\121\161\0004\0000\122\006\060\002}{chapter.8}% 38
\BOOKMARK [1][-]{section.8.4}{\376\377\225\356\173\124\230\230\377\032\121\161\0002\0000\122\006\060\002}{chapter.8}% 39
